  epoch 0  diff_mean -0.18504  diff_std 0.27244  pos_mean 0.89557  neg_mean 1.08062  pos_power 1024.00000  neg_power 1024.00000  pos_std 0.26122  neg_std 0.08357
  epoch 1  diff_mean -0.26837  diff_std 0.27235  pos_mean 0.86769  neg_mean 1.13606  pos_power 1024.00000  neg_power 1024.00000  pos_std 0.25833  neg_std 0.08790
  epoch 2  diff_mean -0.28407  diff_std 0.27134  pos_mean 0.85990  neg_mean 1.14398  pos_power 1024.00000  neg_power 1024.00000  pos_std 0.25667  neg_std 0.08970
  epoch 3  diff_mean -0.29351  diff_std 0.27167  pos_mean 0.85417  neg_mean 1.14768  pos_power 1024.00000  neg_power 1024.00000  pos_std 0.25637  neg_std 0.09122
  epoch 4  diff_mean -0.29843  diff_std 0.27199  pos_mean 0.85065  neg_mean 1.14908  pos_power 1024.00000  neg_power 1024.00000  pos_std 0.25661  neg_std 0.09152
  epoch 5  diff_mean -0.30229  diff_std 0.27202  pos_mean 0.84769  neg_mean 1.14997  pos_power 1024.00000  neg_power 1024.00000  pos_std 0.25629  neg_std 0.09233
  epoch 6  diff_mean -0.30404  diff_std 0.27228  pos_mean 0.84625  neg_mean 1.15030  pos_power 1024.00000  neg_power 1024.00000  pos_std 0.25649  neg_std 0.09260
  epoch 7  diff_mean -0.30666  diff_std 0.27215  pos_mean 0.84438  neg_mean 1.15104  pos_power 1024.00000  neg_power 1024.00000  pos_std 0.25647  neg_std 0.09267
  epoch 8  diff_mean -0.30709  diff_std 0.27246  pos_mean 0.84418  neg_mean 1.15128  pos_power 1024.00000  neg_power 1024.00000  pos_std 0.25666  neg_std 0.09256
  epoch 9  diff_mean -0.30770  diff_std 0.27287  pos_mean 0.84340  neg_mean 1.15110  pos_power 1024.00000  neg_power 1024.00000  pos_std 0.25664  neg_std 0.09369
  epoch 10  diff_mean -0.30891  diff_std 0.27218  pos_mean 0.84254  neg_mean 1.15145  pos_power 1024.00000  neg_power 1024.00000  pos_std 0.25636  neg_std 0.09286
  epoch 11  diff_mean -0.30924  diff_std 0.27250  pos_mean 0.84233  neg_mean 1.15157  pos_power 1024.00000  neg_power 1024.00000  pos_std 0.25638  neg_std 0.09322
  epoch 12  diff_mean -0.30955  diff_std 0.27252  pos_mean 0.84175  neg_mean 1.15130  pos_power 1024.00000  neg_power 1024.00000  pos_std 0.25642  neg_std 0.09348
  epoch 13  diff_mean -0.31036  diff_std 0.27255  pos_mean 0.84121  neg_mean 1.15157  pos_power 1024.00000  neg_power 1024.00000  pos_std 0.25634  neg_std 0.09363
  epoch 14  diff_mean -0.31095  diff_std 0.27219  pos_mean 0.84059  neg_mean 1.15154  pos_power 1024.00000  neg_power 1024.00000  pos_std 0.25609  neg_std 0.09377
  epoch 15  diff_mean -0.31155  diff_std 0.27257  pos_mean 0.83977  neg_mean 1.15132  pos_power 1024.00000  neg_power 1024.00000  pos_std 0.25623  neg_std 0.09401
  epoch 16  diff_mean -0.31160  diff_std 0.27194  pos_mean 0.84013  neg_mean 1.15173  pos_power 1024.00000  neg_power 1024.00000  pos_std 0.25589  neg_std 0.09364
  epoch 17  diff_mean -0.31144  diff_std 0.27241  pos_mean 0.84032  neg_mean 1.15176  pos_power 1024.00000  neg_power 1024.00000  pos_std 0.25611  neg_std 0.09381
  epoch 18  diff_mean -0.31191  diff_std 0.27248  pos_mean 0.83964  neg_mean 1.15156  pos_power 1024.00000  neg_power 1024.00000  pos_std 0.25614  neg_std 0.09371
  epoch 19  diff_mean -0.31169  diff_std 0.27231  pos_mean 0.83999  neg_mean 1.15168  pos_power 1024.00000  neg_power 1024.00000  pos_std 0.25630  neg_std 0.09311
  epoch 20  diff_mean -0.30938  diff_std 0.25237  pos_mean 0.84858  neg_mean 1.15796  pos_power 277.47784  neg_power 297.51353  pos_std 0.23989  neg_std 0.08012
  epoch 21  diff_mean -0.28680  diff_std 0.24482  pos_mean 0.85846  neg_mean 1.14526  pos_power 293.87741  neg_power 313.34209  pos_std 0.23254  neg_std 0.07815
  epoch 22  diff_mean -0.28368  diff_std 0.24227  pos_mean 0.85762  neg_mean 1.14130  pos_power 287.68803  neg_power 306.40537  pos_std 0.22999  neg_std 0.07805
  epoch 23  diff_mean -0.28445  diff_std 0.24046  pos_mean 0.85574  neg_mean 1.14019  pos_power 283.00903  neg_power 301.31675  pos_std 0.22816  neg_std 0.07800
  epoch 24  diff_mean -0.28502  diff_std 0.23987  pos_mean 0.85454  neg_mean 1.13955  pos_power 281.14909  neg_power 299.36525  pos_std 0.22754  neg_std 0.07827
  epoch 25  diff_mean -0.28575  diff_std 0.23897  pos_mean 0.85349  neg_mean 1.13924  pos_power 280.72828  neg_power 298.73500  pos_std 0.22638  neg_std 0.07848
  epoch 26  diff_mean -0.28566  diff_std 0.23900  pos_mean 0.85336  neg_mean 1.13902  pos_power 281.18088  neg_power 299.32988  pos_std 0.22638  neg_std 0.07842
  epoch 27  diff_mean -0.28536  diff_std 0.23873  pos_mean 0.85382  neg_mean 1.13918  pos_power 282.10300  neg_power 300.35025  pos_std 0.22612  neg_std 0.07844
  epoch 28  diff_mean -0.28593  diff_std 0.23829  pos_mean 0.85355  neg_mean 1.13948  pos_power 281.09419  neg_power 299.20594  pos_std 0.22569  neg_std 0.07839
  epoch 29  diff_mean -0.28570  diff_std 0.23807  pos_mean 0.85414  neg_mean 1.13984  pos_power 281.57559  neg_power 299.75637  pos_std 0.22554  neg_std 0.07843
  epoch 30  diff_mean -0.28594  diff_std 0.23675  pos_mean 0.85313  neg_mean 1.13907  pos_power 281.19362  neg_power 299.06416  pos_std 0.22445  neg_std 0.07815
  epoch 31  diff_mean -0.28560  diff_std 0.23696  pos_mean 0.85304  neg_mean 1.13864  pos_power 281.90853  neg_power 299.84469  pos_std 0.22427  neg_std 0.07814
  epoch 32  diff_mean -0.28496  diff_std 0.23677  pos_mean 0.85435  neg_mean 1.13930  pos_power 282.54716  neg_power 300.62547  pos_std 0.22421  neg_std 0.07807
  epoch 33  diff_mean -0.28560  diff_std 0.23649  pos_mean 0.85317  neg_mean 1.13877  pos_power 281.39062  neg_power 299.20431  pos_std 0.22399  neg_std 0.07827
  epoch 34  diff_mean -0.28540  diff_std 0.23633  pos_mean 0.85358  neg_mean 1.13898  pos_power 281.98984  neg_power 299.93091  pos_std 0.22391  neg_std 0.07805
  epoch 35  diff_mean -0.28506  diff_std 0.23650  pos_mean 0.85417  neg_mean 1.13923  pos_power 281.67422  neg_power 299.65391  pos_std 0.22383  neg_std 0.07806
  epoch 36  diff_mean -0.28553  diff_std 0.23639  pos_mean 0.85337  neg_mean 1.13890  pos_power 281.80134  neg_power 299.61881  pos_std 0.22375  neg_std 0.07831
  epoch 37  diff_mean -0.28484  diff_std 0.23624  pos_mean 0.85400  neg_mean 1.13884  pos_power 282.19137  neg_power 300.04675  pos_std 0.22355  neg_std 0.07850
  epoch 38  diff_mean -0.28493  diff_std 0.23619  pos_mean 0.85439  neg_mean 1.13932  pos_power 281.73697  neg_power 299.67413  pos_std 0.22360  neg_std 0.07834
  epoch 39  diff_mean -0.28558  diff_std 0.23617  pos_mean 0.85329  neg_mean 1.13887  pos_power 281.10275  neg_power 298.87497  pos_std 0.22348  neg_std 0.07828
  epoch 40  diff_mean -0.30116  diff_std 0.23469  pos_mean 0.84617  neg_mean 1.14732  pos_power 268.70141  neg_power 285.56403  pos_std 0.22214  neg_std 0.07876
  epoch 41  diff_mean -0.30187  diff_std 0.23459  pos_mean 0.84550  neg_mean 1.14737  pos_power 276.32763  neg_power 293.46469  pos_std 0.22156  neg_std 0.07891
  epoch 42  diff_mean -0.30102  diff_std 0.23453  pos_mean 0.84566  neg_mean 1.14668  pos_power 279.59722  neg_power 296.94437  pos_std 0.22131  neg_std 0.07903
  epoch 43  diff_mean -0.30117  diff_std 0.23426  pos_mean 0.84567  neg_mean 1.14684  pos_power 281.03309  neg_power 298.42359  pos_std 0.22112  neg_std 0.07900
  epoch 44  diff_mean -0.30101  diff_std 0.23422  pos_mean 0.84534  neg_mean 1.14634  pos_power 280.90091  neg_power 298.25706  pos_std 0.22088  neg_std 0.07901
  epoch 45  diff_mean -0.30063  diff_std 0.23427  pos_mean 0.84560  neg_mean 1.14622  pos_power 281.53213  neg_power 298.96250  pos_std 0.22088  neg_std 0.07904
  epoch 46  diff_mean -0.30101  diff_std 0.23417  pos_mean 0.84581  neg_mean 1.14682  pos_power 281.13253  neg_power 298.63097  pos_std 0.22100  neg_std 0.07902
  epoch 47  diff_mean -0.30070  diff_std 0.23389  pos_mean 0.84551  neg_mean 1.14621  pos_power 281.58778  neg_power 298.86437  pos_std 0.22062  neg_std 0.07915
  epoch 48  diff_mean -0.30112  diff_std 0.23372  pos_mean 0.84515  neg_mean 1.14627  pos_power 281.02731  neg_power 298.30941  pos_std 0.22043  neg_std 0.07909
  epoch 49  diff_mean -0.30106  diff_std 0.23379  pos_mean 0.84510  neg_mean 1.14616  pos_power 281.33575  neg_power 298.65316  pos_std 0.22036  neg_std 0.07911
  epoch 50  diff_mean -0.30101  diff_std 0.23402  pos_mean 0.84578  neg_mean 1.14679  pos_power 281.07906  neg_power 298.50206  pos_std 0.22043  neg_std 0.07908
  epoch 51  diff_mean -0.30083  diff_std 0.23360  pos_mean 0.84576  neg_mean 1.14659  pos_power 281.57397  neg_power 298.87791  pos_std 0.22025  neg_std 0.07919
  epoch 52  diff_mean -0.30134  diff_std 0.23329  pos_mean 0.84514  neg_mean 1.14648  pos_power 280.71884  neg_power 297.96159  pos_std 0.21998  neg_std 0.07897
  epoch 53  diff_mean -0.30140  diff_std 0.23340  pos_mean 0.84515  neg_mean 1.14655  pos_power 281.25203  neg_power 298.55725  pos_std 0.22002  neg_std 0.07891
  epoch 54  diff_mean -0.30156  diff_std 0.23305  pos_mean 0.84490  neg_mean 1.14646  pos_power 281.08747  neg_power 298.26469  pos_std 0.21981  neg_std 0.07915
  epoch 55  diff_mean -0.30241  diff_std 0.23373  pos_mean 0.84460  neg_mean 1.14701  pos_power 279.98444  neg_power 297.43628  pos_std 0.22024  neg_std 0.07893
  epoch 56  diff_mean -0.30148  diff_std 0.23366  pos_mean 0.84484  neg_mean 1.14633  pos_power 281.88869  neg_power 299.12816  pos_std 0.22004  neg_std 0.07917
  epoch 57  diff_mean -0.30188  diff_std 0.23324  pos_mean 0.84511  neg_mean 1.14699  pos_power 280.61459  neg_power 297.88594  pos_std 0.21982  neg_std 0.07914
  epoch 58  diff_mean -0.30189  diff_std 0.23337  pos_mean 0.84511  neg_mean 1.14700  pos_power 281.04669  neg_power 298.36547  pos_std 0.21984  neg_std 0.07908
  epoch 59  diff_mean -0.30214  diff_std 0.23298  pos_mean 0.84446  neg_mean 1.14660  pos_power 280.94384  neg_power 298.14150  pos_std 0.21966  neg_std 0.07911
  epoch 60  diff_mean -0.31357  diff_std 0.23206  pos_mean 0.84008  neg_mean 1.15365  pos_power 270.85731  neg_power 287.45566  pos_std 0.21860  neg_std 0.07929
  epoch 61  diff_mean -0.31497  diff_std 0.23176  pos_mean 0.83845  neg_mean 1.15342  pos_power 276.22503  neg_power 292.82469  pos_std 0.21798  neg_std 0.07956
  epoch 62  diff_mean -0.31458  diff_std 0.23168  pos_mean 0.83897  neg_mean 1.15355  pos_power 279.28616  neg_power 296.14309  pos_std 0.21779  neg_std 0.07963
  epoch 63  diff_mean -0.31420  diff_std 0.23152  pos_mean 0.83879  neg_mean 1.15299  pos_power 280.29822  neg_power 297.15678  pos_std 0.21754  neg_std 0.07957
  epoch 64  diff_mean -0.31361  diff_std 0.23144  pos_mean 0.83926  neg_mean 1.15286  pos_power 281.26503  neg_power 298.15097  pos_std 0.21744  neg_std 0.07968
  epoch 65  diff_mean -0.31382  diff_std 0.23109  pos_mean 0.83889  neg_mean 1.15270  pos_power 280.94841  neg_power 297.71206  pos_std 0.21719  neg_std 0.07967
  epoch 66  diff_mean -0.31301  diff_std 0.23124  pos_mean 0.83940  neg_mean 1.15241  pos_power 281.00434  neg_power 297.87625  pos_std 0.21715  neg_std 0.07969
  epoch 67  diff_mean -0.31357  diff_std 0.23120  pos_mean 0.83912  neg_mean 1.15269  pos_power 280.08534  neg_power 296.88100  pos_std 0.21708  neg_std 0.07973
  epoch 68  diff_mean -0.31382  diff_std 0.23095  pos_mean 0.83867  neg_mean 1.15249  pos_power 280.32753  neg_power 297.05153  pos_std 0.21687  neg_std 0.07975
  epoch 69  diff_mean -0.31327  diff_std 0.23093  pos_mean 0.83918  neg_mean 1.15244  pos_power 280.73438  neg_power 297.59438  pos_std 0.21694  neg_std 0.07983
  epoch 70  diff_mean -0.31378  diff_std 0.23063  pos_mean 0.83891  neg_mean 1.15269  pos_power 280.05078  neg_power 296.83806  pos_std 0.21672  neg_std 0.07972
  epoch 71  diff_mean -0.31418  diff_std 0.23076  pos_mean 0.83881  neg_mean 1.15298  pos_power 280.12656  neg_power 296.80388  pos_std 0.21656  neg_std 0.07979
  epoch 72  diff_mean -0.31339  diff_std 0.23085  pos_mean 0.83930  neg_mean 1.15269  pos_power 281.41913  neg_power 298.20531  pos_std 0.21661  neg_std 0.07989
  epoch 73  diff_mean -0.31388  diff_std 0.23033  pos_mean 0.83835  neg_mean 1.15223  pos_power 280.46834  neg_power 297.06447  pos_std 0.21635  neg_std 0.07989
  epoch 74  diff_mean -0.31367  diff_std 0.23061  pos_mean 0.83868  neg_mean 1.15235  pos_power 280.95000  neg_power 297.62712  pos_std 0.21632  neg_std 0.08002
  epoch 75  diff_mean -0.31372  diff_std 0.23042  pos_mean 0.83891  neg_mean 1.15263  pos_power 280.34631  neg_power 297.12684  pos_std 0.21634  neg_std 0.07992
  epoch 76  diff_mean -0.31328  diff_std 0.23049  pos_mean 0.83932  neg_mean 1.15260  pos_power 280.53863  neg_power 297.34562  pos_std 0.21630  neg_std 0.07973
  epoch 77  diff_mean -0.31397  diff_std 0.23062  pos_mean 0.83845  neg_mean 1.15242  pos_power 280.14763  neg_power 296.79272  pos_std 0.21631  neg_std 0.08002
  epoch 78  diff_mean -0.31415  diff_std 0.23033  pos_mean 0.83868  neg_mean 1.15283  pos_power 280.36550  neg_power 297.00603  pos_std 0.21612  neg_std 0.07999
  epoch 79  diff_mean -0.31346  diff_std 0.23042  pos_mean 0.83904  neg_mean 1.15250  pos_power 280.83312  neg_power 297.55947  pos_std 0.21612  neg_std 0.07998
  epoch 80  diff_mean -0.32262  diff_std 0.22904  pos_mean 0.83501  neg_mean 1.15763  pos_power 272.69647  neg_power 288.68319  pos_std 0.21494  neg_std 0.08034
  epoch 81  diff_mean -0.32382  diff_std 0.22901  pos_mean 0.83432  neg_mean 1.15815  pos_power 276.99534  neg_power 293.16616  pos_std 0.21455  neg_std 0.08049
  epoch 82  diff_mean -0.32426  diff_std 0.22860  pos_mean 0.83386  neg_mean 1.15812  pos_power 278.34478  neg_power 294.57881  pos_std 0.21412  neg_std 0.08038
  epoch 83  diff_mean -0.32458  diff_std 0.22874  pos_mean 0.83373  neg_mean 1.15831  pos_power 279.43903  neg_power 295.69009  pos_std 0.21395  neg_std 0.08032
  epoch 84  diff_mean -0.32421  diff_std 0.22873  pos_mean 0.83383  neg_mean 1.15804  pos_power 280.07081  neg_power 296.29962  pos_std 0.21380  neg_std 0.08052
  epoch 85  diff_mean -0.32379  diff_std 0.22848  pos_mean 0.83417  neg_mean 1.15797  pos_power 280.45569  neg_power 296.80372  pos_std 0.21387  neg_std 0.08045
  epoch 86  diff_mean -0.32386  diff_std 0.22798  pos_mean 0.83421  neg_mean 1.15807  pos_power 280.01366  neg_power 296.18097  pos_std 0.21340  neg_std 0.08025
  epoch 87  diff_mean -0.32354  diff_std 0.22835  pos_mean 0.83417  neg_mean 1.15771  pos_power 280.47850  neg_power 296.68944  pos_std 0.21338  neg_std 0.08038
  epoch 88  diff_mean -0.32305  diff_std 0.22806  pos_mean 0.83469  neg_mean 1.15774  pos_power 280.79806  neg_power 296.99712  pos_std 0.21323  neg_std 0.08043
  epoch 89  diff_mean -0.32274  diff_std 0.22820  pos_mean 0.83462  neg_mean 1.15735  pos_power 280.72784  neg_power 296.94844  pos_std 0.21324  neg_std 0.08042
  epoch 90  diff_mean -0.32309  diff_std 0.22774  pos_mean 0.83466  neg_mean 1.15775  pos_power 279.67712  neg_power 295.87328  pos_std 0.21305  neg_std 0.08030
  epoch 91  diff_mean -0.32288  diff_std 0.22771  pos_mean 0.83478  neg_mean 1.15766  pos_power 280.76934  neg_power 297.01231  pos_std 0.21296  neg_std 0.08013
  epoch 92  diff_mean -0.32256  diff_std 0.22785  pos_mean 0.83501  neg_mean 1.15758  pos_power 280.34938  neg_power 296.50834  pos_std 0.21294  neg_std 0.08029
  epoch 93  diff_mean -0.32273  diff_std 0.22800  pos_mean 0.83467  neg_mean 1.15740  pos_power 280.18547  neg_power 296.38269  pos_std 0.21311  neg_std 0.08039
  epoch 94  diff_mean -0.32257  diff_std 0.22769  pos_mean 0.83529  neg_mean 1.15786  pos_power 279.94669  neg_power 296.21294  pos_std 0.21305  neg_std 0.08019
  epoch 95  diff_mean -0.32211  diff_std 0.22760  pos_mean 0.83517  neg_mean 1.15727  pos_power 280.56675  neg_power 296.72341  pos_std 0.21285  neg_std 0.08016
  epoch 96  diff_mean -0.32225  diff_std 0.22776  pos_mean 0.83529  neg_mean 1.15754  pos_power 279.99553  neg_power 296.15753  pos_std 0.21281  neg_std 0.08024
  epoch 97  diff_mean -0.32205  diff_std 0.22769  pos_mean 0.83530  neg_mean 1.15735  pos_power 280.41953  neg_power 296.58203  pos_std 0.21280  neg_std 0.08037
  epoch 98  diff_mean -0.32187  diff_std 0.22734  pos_mean 0.83532  neg_mean 1.15720  pos_power 280.02069  neg_power 296.04900  pos_std 0.21245  neg_std 0.08061
  epoch 99  diff_mean -0.32228  diff_std 0.22718  pos_mean 0.83516  neg_mean 1.15744  pos_power 279.86650  neg_power 296.02938  pos_std 0.21246  neg_std 0.08031
  epoch 100  diff_mean -0.32853  diff_std 0.22640  pos_mean 0.83233  neg_mean 1.16086  pos_power 274.41822  neg_power 290.02009  pos_std 0.21164  neg_std 0.08069
  epoch 101  diff_mean -0.33049  diff_std 0.22618  pos_mean 0.83113  neg_mean 1.16163  pos_power 276.05972  neg_power 291.69397  pos_std 0.21117  neg_std 0.08080
  epoch 102  diff_mean -0.33075  diff_std 0.22586  pos_mean 0.83118  neg_mean 1.16193  pos_power 278.22844  neg_power 293.90372  pos_std 0.21068  neg_std 0.08081
  epoch 103  diff_mean -0.33081  diff_std 0.22609  pos_mean 0.83082  neg_mean 1.16163  pos_power 279.18559  neg_power 294.91431  pos_std 0.21068  neg_std 0.08092
  epoch 104  diff_mean -0.33128  diff_std 0.22578  pos_mean 0.83057  neg_mean 1.16185  pos_power 279.49916  neg_power 295.20862  pos_std 0.21051  neg_std 0.08098
  epoch 105  diff_mean -0.33063  diff_std 0.22580  pos_mean 0.83113  neg_mean 1.16176  pos_power 280.03384  neg_power 295.85447  pos_std 0.21053  neg_std 0.08096
  epoch 106  diff_mean -0.33076  diff_std 0.22560  pos_mean 0.83100  neg_mean 1.16176  pos_power 279.73066  neg_power 295.41987  pos_std 0.21024  neg_std 0.08098
  epoch 107  diff_mean -0.33040  diff_std 0.22537  pos_mean 0.83125  neg_mean 1.16166  pos_power 279.94937  neg_power 295.59694  pos_std 0.20992  neg_std 0.08086
  epoch 108  diff_mean -0.33030  diff_std 0.22544  pos_mean 0.83178  neg_mean 1.16209  pos_power 280.13378  neg_power 295.95781  pos_std 0.21002  neg_std 0.08071
  epoch 109  diff_mean -0.33064  diff_std 0.22506  pos_mean 0.83104  neg_mean 1.16168  pos_power 279.65522  neg_power 295.25050  pos_std 0.20982  neg_std 0.08085
  epoch 110  diff_mean -0.33025  diff_std 0.22552  pos_mean 0.83129  neg_mean 1.16153  pos_power 280.33066  neg_power 296.04122  pos_std 0.20988  neg_std 0.08090
  epoch 111  diff_mean -0.32994  diff_std 0.22518  pos_mean 0.83161  neg_mean 1.16155  pos_power 280.36962  neg_power 296.00231  pos_std 0.20975  neg_std 0.08088
  epoch 112  diff_mean -0.32993  diff_std 0.22511  pos_mean 0.83143  neg_mean 1.16137  pos_power 280.21875  neg_power 295.89916  pos_std 0.20971  neg_std 0.08082
  epoch 113  diff_mean -0.32987  diff_std 0.22517  pos_mean 0.83166  neg_mean 1.16153  pos_power 279.95544  neg_power 295.62788  pos_std 0.20967  neg_std 0.08086
  epoch 114  diff_mean -0.32956  diff_std 0.22529  pos_mean 0.83225  neg_mean 1.16181  pos_power 279.94834  neg_power 295.77428  pos_std 0.20986  neg_std 0.08060
  epoch 115  diff_mean -0.32984  diff_std 0.22501  pos_mean 0.83145  neg_mean 1.16129  pos_power 279.37862  neg_power 294.95963  pos_std 0.20962  neg_std 0.08091
  epoch 116  diff_mean -0.32951  diff_std 0.22515  pos_mean 0.83212  neg_mean 1.16163  pos_power 280.40791  neg_power 296.11884  pos_std 0.20958  neg_std 0.08088
  epoch 117  diff_mean -0.32927  diff_std 0.22537  pos_mean 0.83252  neg_mean 1.16179  pos_power 280.03438  neg_power 295.82756  pos_std 0.20984  neg_std 0.08079
  epoch 118  diff_mean -0.32933  diff_std 0.22519  pos_mean 0.83245  neg_mean 1.16178  pos_power 279.83584  neg_power 295.55131  pos_std 0.20980  neg_std 0.08073
  epoch 119  diff_mean -0.32900  diff_std 0.22471  pos_mean 0.83226  neg_mean 1.16126  pos_power 280.20478  neg_power 295.76281  pos_std 0.20944  neg_std 0.08082
  epoch 120  diff_mean -0.33435  diff_std 0.22377  pos_mean 0.82977  neg_mean 1.16412  pos_power 274.98659  neg_power 290.22653  pos_std 0.20867  neg_std 0.08095
  epoch 121  diff_mean -0.33451  diff_std 0.22394  pos_mean 0.82991  neg_mean 1.16442  pos_power 278.15253  neg_power 293.38184  pos_std 0.20820  neg_std 0.08122
  epoch 122  diff_mean -0.33553  diff_std 0.22386  pos_mean 0.82919  neg_mean 1.16472  pos_power 278.25103  neg_power 293.54284  pos_std 0.20795  neg_std 0.08110
  epoch 123  diff_mean -0.33552  diff_std 0.22370  pos_mean 0.82910  neg_mean 1.16462  pos_power 279.09175  neg_power 294.37475  pos_std 0.20779  neg_std 0.08130
  epoch 124  diff_mean -0.33534  diff_std 0.22355  pos_mean 0.82947  neg_mean 1.16481  pos_power 279.81472  neg_power 295.18184  pos_std 0.20777  neg_std 0.08128
  epoch 125  diff_mean -0.33570  diff_std 0.22320  pos_mean 0.82932  neg_mean 1.16502  pos_power 279.30784  neg_power 294.60994  pos_std 0.20756  neg_std 0.08112
  epoch 126  diff_mean -0.33580  diff_std 0.22314  pos_mean 0.82904  neg_mean 1.16483  pos_power 279.11984  neg_power 294.39975  pos_std 0.20743  neg_std 0.08108
  epoch 127  diff_mean -0.33566  diff_std 0.22340  pos_mean 0.82924  neg_mean 1.16490  pos_power 280.00625  neg_power 295.34931  pos_std 0.20742  neg_std 0.08105
  epoch 128  diff_mean -0.33572  diff_std 0.22318  pos_mean 0.82909  neg_mean 1.16481  pos_power 279.82784  neg_power 295.04012  pos_std 0.20735  neg_std 0.08134
  epoch 129  diff_mean -0.33527  diff_std 0.22302  pos_mean 0.82964  neg_mean 1.16491  pos_power 279.73928  neg_power 295.07531  pos_std 0.20725  neg_std 0.08120
  epoch 130  diff_mean -0.33522  diff_std 0.22327  pos_mean 0.82990  neg_mean 1.16511  pos_power 279.79341  neg_power 295.14394  pos_std 0.20732  neg_std 0.08115
  epoch 131  diff_mean -0.33580  diff_std 0.22295  pos_mean 0.82903  neg_mean 1.16482  pos_power 279.44744  neg_power 294.58559  pos_std 0.20710  neg_std 0.08134
  epoch 132  diff_mean -0.33502  diff_std 0.22293  pos_mean 0.82971  neg_mean 1.16473  pos_power 280.27556  neg_power 295.48994  pos_std 0.20705  neg_std 0.08148
  epoch 133  diff_mean -0.33515  diff_std 0.22272  pos_mean 0.82968  neg_mean 1.16483  pos_power 279.29150  neg_power 294.58797  pos_std 0.20701  neg_std 0.08116
  epoch 134  diff_mean -0.33501  diff_std 0.22273  pos_mean 0.82984  neg_mean 1.16485  pos_power 279.94419  neg_power 295.18447  pos_std 0.20691  neg_std 0.08116
  epoch 135  diff_mean -0.33493  diff_std 0.22296  pos_mean 0.82985  neg_mean 1.16478  pos_power 279.40609  neg_power 294.62219  pos_std 0.20693  neg_std 0.08136
  epoch 136  diff_mean -0.33444  diff_std 0.22284  pos_mean 0.83032  neg_mean 1.16475  pos_power 280.06509  neg_power 295.36644  pos_std 0.20694  neg_std 0.08124
  epoch 137  diff_mean -0.33493  diff_std 0.22250  pos_mean 0.82982  neg_mean 1.16475  pos_power 279.55050  neg_power 294.70341  pos_std 0.20674  neg_std 0.08119
  epoch 138  diff_mean -0.33463  diff_std 0.22273  pos_mean 0.83030  neg_mean 1.16492  pos_power 279.93050  neg_power 295.21991  pos_std 0.20677  neg_std 0.08099
  epoch 139  diff_mean -0.33513  diff_std 0.22245  pos_mean 0.82969  neg_mean 1.16482  pos_power 279.65544  neg_power 294.78888  pos_std 0.20668  neg_std 0.08113
  epoch 140  diff_mean -0.33793  diff_std 0.22203  pos_mean 0.82842  neg_mean 1.16636  pos_power 277.11644  neg_power 292.12144  pos_std 0.20623  neg_std 0.08097
  epoch 141  diff_mean -0.33901  diff_std 0.22153  pos_mean 0.82744  neg_mean 1.16646  pos_power 277.71272  neg_power 292.56872  pos_std 0.20570  neg_std 0.08115
  epoch 142  diff_mean -0.33880  diff_std 0.22151  pos_mean 0.82812  neg_mean 1.16692  pos_power 278.99491  neg_power 293.98494  pos_std 0.20547  neg_std 0.08132
  epoch 143  diff_mean -0.33896  diff_std 0.22153  pos_mean 0.82791  neg_mean 1.16687  pos_power 278.81891  neg_power 293.79766  pos_std 0.20535  neg_std 0.08138
  epoch 144  diff_mean -0.33902  diff_std 0.22150  pos_mean 0.82817  neg_mean 1.16718  pos_power 279.68513  neg_power 294.74809  pos_std 0.20536  neg_std 0.08121
  epoch 145  diff_mean -0.33888  diff_std 0.22170  pos_mean 0.82809  neg_mean 1.16696  pos_power 279.46988  neg_power 294.47556  pos_std 0.20546  neg_std 0.08140
  epoch 146  diff_mean -0.33884  diff_std 0.22162  pos_mean 0.82854  neg_mean 1.16738  pos_power 279.47631  neg_power 294.57897  pos_std 0.20546  neg_std 0.08123
  epoch 147  diff_mean -0.33896  diff_std 0.22119  pos_mean 0.82806  neg_mean 1.16702  pos_power 279.51463  neg_power 294.36922  pos_std 0.20508  neg_std 0.08132
  epoch 148  diff_mean -0.33890  diff_std 0.22141  pos_mean 0.82807  neg_mean 1.16696  pos_power 279.71194  neg_power 294.58372  pos_std 0.20504  neg_std 0.08144
  epoch 149  diff_mean -0.33874  diff_std 0.22124  pos_mean 0.82833  neg_mean 1.16707  pos_power 279.65225  neg_power 294.57491  pos_std 0.20497  neg_std 0.08144
  epoch 150  diff_mean -0.33868  diff_std 0.22129  pos_mean 0.82835  neg_mean 1.16702  pos_power 280.18725  neg_power 295.13459  pos_std 0.20515  neg_std 0.08149
  epoch 151  diff_mean -0.33914  diff_std 0.22111  pos_mean 0.82768  neg_mean 1.16682  pos_power 279.15281  neg_power 294.02825  pos_std 0.20504  neg_std 0.08138
  epoch 152  diff_mean -0.33898  diff_std 0.22080  pos_mean 0.82824  neg_mean 1.16721  pos_power 279.25925  neg_power 294.13753  pos_std 0.20471  neg_std 0.08138
  epoch 153  diff_mean -0.33892  diff_std 0.22091  pos_mean 0.82810  neg_mean 1.16702  pos_power 279.92925  neg_power 294.72481  pos_std 0.20458  neg_std 0.08164
  epoch 154  diff_mean -0.33830  diff_std 0.22112  pos_mean 0.82862  neg_mean 1.16692  pos_power 279.86353  neg_power 294.75406  pos_std 0.20469  neg_std 0.08168
  epoch 155  diff_mean -0.33880  diff_std 0.22081  pos_mean 0.82853  neg_mean 1.16734  pos_power 279.18997  neg_power 294.15141  pos_std 0.20468  neg_std 0.08118
  epoch 156  diff_mean -0.33851  diff_std 0.22054  pos_mean 0.82852  neg_mean 1.16703  pos_power 279.64997  neg_power 294.52209  pos_std 0.20447  neg_std 0.08112
  epoch 157  diff_mean -0.33839  diff_std 0.22081  pos_mean 0.82864  neg_mean 1.16703  pos_power 280.09353  neg_power 294.98172  pos_std 0.20457  neg_std 0.08137
  epoch 158  diff_mean -0.33878  diff_std 0.22071  pos_mean 0.82832  neg_mean 1.16710  pos_power 279.20284  neg_power 294.04225  pos_std 0.20443  neg_std 0.08119
  epoch 159  diff_mean -0.33839  diff_std 0.22074  pos_mean 0.82880  neg_mean 1.16719  pos_power 279.88347  neg_power 294.81619  pos_std 0.20454  neg_std 0.08113
  epoch 160  diff_mean -0.34120  diff_std 0.22023  pos_mean 0.82727  neg_mean 1.16848  pos_power 276.74281  neg_power 291.35956  pos_std 0.20403  neg_std 0.08134
  epoch 161  diff_mean -0.34145  diff_std 0.21991  pos_mean 0.82702  neg_mean 1.16846  pos_power 278.45725  neg_power 293.15650  pos_std 0.20377  neg_std 0.08123
  epoch 162  diff_mean -0.34140  diff_std 0.22003  pos_mean 0.82730  neg_mean 1.16870  pos_power 278.85975  neg_power 293.59572  pos_std 0.20374  neg_std 0.08135
  epoch 163  diff_mean -0.34159  diff_std 0.21994  pos_mean 0.82680  neg_mean 1.16838  pos_power 278.80519  neg_power 293.56078  pos_std 0.20368  neg_std 0.08138
  epoch 164  diff_mean -0.34122  diff_std 0.21986  pos_mean 0.82744  neg_mean 1.16866  pos_power 279.59256  neg_power 294.36116  pos_std 0.20354  neg_std 0.08123
  epoch 165  diff_mean -0.34179  diff_std 0.21962  pos_mean 0.82645  neg_mean 1.16824  pos_power 279.39009  neg_power 293.99609  pos_std 0.20332  neg_std 0.08136
  epoch 166  diff_mean -0.34145  diff_std 0.21964  pos_mean 0.82729  neg_mean 1.16874  pos_power 279.72156  neg_power 294.47041  pos_std 0.20328  neg_std 0.08127
  epoch 167  diff_mean -0.34128  diff_std 0.21985  pos_mean 0.82733  neg_mean 1.16861  pos_power 279.69656  neg_power 294.36031  pos_std 0.20332  neg_std 0.08148
  epoch 168  diff_mean -0.34175  diff_std 0.21972  pos_mean 0.82664  neg_mean 1.16839  pos_power 279.03413  neg_power 293.60769  pos_std 0.20318  neg_std 0.08153
  epoch 169  diff_mean -0.34107  diff_std 0.21964  pos_mean 0.82786  neg_mean 1.16893  pos_power 279.67597  neg_power 294.46938  pos_std 0.20322  neg_std 0.08134
  epoch 170  diff_mean -0.34182  diff_std 0.21951  pos_mean 0.82691  neg_mean 1.16873  pos_power 278.99484  neg_power 293.54534  pos_std 0.20308  neg_std 0.08146
  epoch 171  diff_mean -0.34193  diff_std 0.21964  pos_mean 0.82697  neg_mean 1.16890  pos_power 279.23866  neg_power 293.90603  pos_std 0.20312  neg_std 0.08132
  epoch 172  diff_mean -0.34153  diff_std 0.21934  pos_mean 0.82694  neg_mean 1.16847  pos_power 279.50825  neg_power 294.06869  pos_std 0.20288  neg_std 0.08146
  epoch 173  diff_mean -0.34132  diff_std 0.21977  pos_mean 0.82760  neg_mean 1.16893  pos_power 280.05212  neg_power 294.81725  pos_std 0.20311  neg_std 0.08138
  epoch 174  diff_mean -0.34123  diff_std 0.21946  pos_mean 0.82768  neg_mean 1.16892  pos_power 279.52834  neg_power 294.20650  pos_std 0.20302  neg_std 0.08132
  epoch 175  diff_mean -0.34155  diff_std 0.21920  pos_mean 0.82732  neg_mean 1.16886  pos_power 279.08475  neg_power 293.72494  pos_std 0.20295  neg_std 0.08116
  epoch 176  diff_mean -0.34148  diff_std 0.21945  pos_mean 0.82736  neg_mean 1.16884  pos_power 279.38784  neg_power 294.03466  pos_std 0.20288  neg_std 0.08125
  epoch 177  diff_mean -0.34163  diff_std 0.21936  pos_mean 0.82712  neg_mean 1.16875  pos_power 279.44291  neg_power 294.07497  pos_std 0.20292  neg_std 0.08133
  epoch 178  diff_mean -0.34169  diff_std 0.21925  pos_mean 0.82738  neg_mean 1.16907  pos_power 279.36306  neg_power 294.07084  pos_std 0.20288  neg_std 0.08111
  epoch 179  diff_mean -0.34209  diff_std 0.21910  pos_mean 0.82683  neg_mean 1.16892  pos_power 279.36259  neg_power 293.93766  pos_std 0.20279  neg_std 0.08118
  epoch 180  diff_mean -0.34286  diff_std 0.21918  pos_mean 0.82676  neg_mean 1.16962  pos_power 278.68956  neg_power 293.29950  pos_std 0.20276  neg_std 0.08116
  epoch 181  diff_mean -0.34221  diff_std 0.21913  pos_mean 0.82738  neg_mean 1.16959  pos_power 279.84066  neg_power 294.40975  pos_std 0.20256  neg_std 0.08133
  epoch 182  diff_mean -0.34249  diff_std 0.21907  pos_mean 0.82732  neg_mean 1.16982  pos_power 279.19978  neg_power 293.80800  pos_std 0.20250  neg_std 0.08123
  epoch 183  diff_mean -0.34300  diff_std 0.21877  pos_mean 0.82678  neg_mean 1.16978  pos_power 278.92759  neg_power 293.43100  pos_std 0.20233  neg_std 0.08126
  epoch 184  diff_mean -0.34298  diff_std 0.21908  pos_mean 0.82696  neg_mean 1.16993  pos_power 279.47091  neg_power 294.12412  pos_std 0.20256  neg_std 0.08118
  epoch 185  diff_mean -0.34247  diff_std 0.21904  pos_mean 0.82700  neg_mean 1.16947  pos_power 279.69887  neg_power 294.25466  pos_std 0.20249  neg_std 0.08134
  epoch 186  diff_mean -0.34258  diff_std 0.21894  pos_mean 0.82718  neg_mean 1.16976  pos_power 279.22797  neg_power 293.81409  pos_std 0.20246  neg_std 0.08140
  epoch 187  diff_mean -0.34310  diff_std 0.21872  pos_mean 0.82675  neg_mean 1.16985  pos_power 279.04906  neg_power 293.52294  pos_std 0.20227  neg_std 0.08142
  epoch 188  diff_mean -0.34301  diff_std 0.21874  pos_mean 0.82689  neg_mean 1.16990  pos_power 279.45581  neg_power 293.95622  pos_std 0.20216  neg_std 0.08141
  epoch 189  diff_mean -0.34316  diff_std 0.21862  pos_mean 0.82663  neg_mean 1.16980  pos_power 279.35141  neg_power 293.82563  pos_std 0.20215  neg_std 0.08144
  epoch 190  diff_mean -0.34339  diff_std 0.21852  pos_mean 0.82655  neg_mean 1.16994  pos_power 279.16156  neg_power 293.66319  pos_std 0.20213  neg_std 0.08138
  epoch 191  diff_mean -0.34321  diff_std 0.21885  pos_mean 0.82645  neg_mean 1.16966  pos_power 279.27031  neg_power 293.77156  pos_std 0.20212  neg_std 0.08142
  epoch 192  diff_mean -0.34302  diff_std 0.21858  pos_mean 0.82651  neg_mean 1.16953  pos_power 279.55206  neg_power 294.02656  pos_std 0.20204  neg_std 0.08140
  epoch 193  diff_mean -0.34295  diff_std 0.21864  pos_mean 0.82659  neg_mean 1.16954  pos_power 279.42209  neg_power 293.90369  pos_std 0.20196  neg_std 0.08149
  epoch 194  diff_mean -0.34252  diff_std 0.21886  pos_mean 0.82752  neg_mean 1.17004  pos_power 279.82134  neg_power 294.46709  pos_std 0.20224  neg_std 0.08143
  epoch 195  diff_mean -0.34301  diff_std 0.21848  pos_mean 0.82694  neg_mean 1.16995  pos_power 279.57187  neg_power 293.99622  pos_std 0.20197  neg_std 0.08139
  epoch 196  diff_mean -0.34295  diff_std 0.21870  pos_mean 0.82681  neg_mean 1.16977  pos_power 279.45263  neg_power 293.89925  pos_std 0.20197  neg_std 0.08135
  epoch 197  diff_mean -0.34242  diff_std 0.21864  pos_mean 0.82729  neg_mean 1.16971  pos_power 279.87997  neg_power 294.32478  pos_std 0.20191  neg_std 0.08152
  epoch 198  diff_mean -0.34275  diff_std 0.21818  pos_mean 0.82710  neg_mean 1.16985  pos_power 279.14369  neg_power 293.65925  pos_std 0.20182  neg_std 0.08129
  epoch 199  diff_mean -0.34305  diff_std 0.21845  pos_mean 0.82684  neg_mean 1.16990  pos_power 278.99863  neg_power 293.42047  pos_std 0.20178  neg_std 0.08137
