
  epoch 0  batchsize 1024  loss -0.04688  pos_mean 0.89557  neg_std 0.12461   yoFPR@95 0.03622   noFPR@95 0.01936
  epoch 1  batchsize 1024  loss -0.12173  pos_mean 0.86769  neg_std 0.10639   yoFPR@95 0.02536   noFPR@95 0.01352
  epoch 2  batchsize 1024  loss -0.21497  pos_mean 0.85990  neg_std 0.10317   yoFPR@95 0.02070   noFPR@95 0.01000
  epoch 3  batchsize 1024  loss -0.29833  pos_mean 0.85417  neg_std 0.10172   yoFPR@95 0.01980   noFPR@95 0.00900
  epoch 4  batchsize 1024  loss -0.34850  pos_mean 0.85065  neg_std 0.10097   yoFPR@95 0.01718   noFPR@95 0.00874
  epoch 5  batchsize 1024  loss -0.37320  pos_mean 0.84769  neg_std 0.10047   yoFPR@95 0.02464   noFPR@95 0.00986
  epoch 6  batchsize 1024  loss -0.38341  pos_mean 0.84625  neg_std 0.10015   yoFPR@95 0.02228   noFPR@95 0.00838
  epoch 7  batchsize 1024  loss -0.38912  pos_mean 0.84438  neg_std 0.09986   yoFPR@95 0.02474   noFPR@95 0.00700
  epoch 8  batchsize 1024  loss -0.39076  pos_mean 0.84418  neg_std 0.09971   yoFPR@95 0.01918   noFPR@95 0.00712
  epoch 9  batchsize 1024  loss -0.39175  pos_mean 0.84340  neg_std 0.09960   yoFPR@95 0.02172   noFPR@95 0.00838
  epoch 10  batchsize 1024  loss -0.39305  pos_mean 0.84254  neg_std 0.09954   yoFPR@95 0.02346   noFPR@95 0.00694
  epoch 11  batchsize 1024  loss -0.39342  pos_mean 0.84233  neg_std 0.09950   yoFPR@95 0.02360   noFPR@95 0.00756
  epoch 12  batchsize 1024  loss -0.39369  pos_mean 0.84175  neg_std 0.09947   yoFPR@95 0.02236   noFPR@95 0.00880
  epoch 13  batchsize 1024  loss -0.39444  pos_mean 0.84121  neg_std 0.09942   yoFPR@95 0.01680   noFPR@95 0.00652
  epoch 14  batchsize 1024  loss -0.39497  pos_mean 0.84059  neg_std 0.09940   yoFPR@95 0.01914   noFPR@95 0.00758
  epoch 15  batchsize 1024  loss -0.39549  pos_mean 0.83977  neg_std 0.09942   yoFPR@95 0.01906   noFPR@95 0.00724
  epoch 16  batchsize 1024  loss -0.39558  pos_mean 0.84013  neg_std 0.09938   yoFPR@95 0.02282   noFPR@95 0.00700
  epoch 17  batchsize 1024  loss -0.39544  pos_mean 0.84032  neg_std 0.09933   yoFPR@95 0.02378   noFPR@95 0.00734
  epoch 18  batchsize 1024  loss -0.39584  pos_mean 0.83964  neg_std 0.09935   yoFPR@95 0.02076   noFPR@95 0.00752
  epoch 19  batchsize 1024  loss -0.39566  pos_mean 0.83999  neg_std 0.09937   yoFPR@95 0.01646   noFPR@95 0.00716
  epoch 20  batchsize 1024  loss -0.08294  pos_mean 0.84858  neg_std 0.09999   yoFPR@95 0.02238   noFPR@95 0.00704
  epoch 21  batchsize 1024  loss -0.11477  pos_mean 0.85846  neg_std 0.10440   yoFPR@95 0.02182   noFPR@95 0.00786
  epoch 22  batchsize 1024  loss -0.12585  pos_mean 0.85762  neg_std 0.10559   yoFPR@95 0.02686   noFPR@95 0.00846
  epoch 23  batchsize 1024  loss -0.13151  pos_mean 0.85574  neg_std 0.10592   yoFPR@95 0.02340   noFPR@95 0.00674
  epoch 24  batchsize 1024  loss -0.13475  pos_mean 0.85454  neg_std 0.10609   yoFPR@95 0.02272   noFPR@95 0.00764
  epoch 25  batchsize 1024  loss -0.13697  pos_mean 0.85349  neg_std 0.10612   yoFPR@95 0.01932   noFPR@95 0.00836
  epoch 26  batchsize 1024  loss -0.13832  pos_mean 0.85336  neg_std 0.10618   yoFPR@95 0.02524   noFPR@95 0.00710
  epoch 27  batchsize 1024  loss -0.13944  pos_mean 0.85382  neg_std 0.10618   yoFPR@95 0.02248   noFPR@95 0.00794
  epoch 28  batchsize 1024  loss -0.13887  pos_mean 0.85355  neg_std 0.10611   yoFPR@95 0.02014   noFPR@95 0.00834
  epoch 29  batchsize 1024  loss -0.13991  pos_mean 0.85414  neg_std 0.10603   yoFPR@95 0.01966   noFPR@95 0.00740
  epoch 30  batchsize 1024  loss -0.14033  pos_mean 0.85313  neg_std 0.10622   yoFPR@95 0.02136   noFPR@95 0.00720
  epoch 31  batchsize 1024  loss -0.14037  pos_mean 0.85304  neg_std 0.10636   yoFPR@95 0.01968   noFPR@95 0.00600
  epoch 32  batchsize 1024  loss -0.14113  pos_mean 0.85435  neg_std 0.10619   yoFPR@95 0.02332   noFPR@95 0.00720
  epoch 33  batchsize 1024  loss -0.14014  pos_mean 0.85317  neg_std 0.10624   yoFPR@95 0.02616   noFPR@95 0.00732
  epoch 34  batchsize 1024  loss -0.14118  pos_mean 0.85358  neg_std 0.10621   yoFPR@95 0.01724   noFPR@95 0.00752
  epoch 35  batchsize 1024  loss -0.14051  pos_mean 0.85417  neg_std 0.10619   yoFPR@95 0.02218   noFPR@95 0.00736
  epoch 36  batchsize 1024  loss -0.14061  pos_mean 0.85337  neg_std 0.10618   yoFPR@95 0.02480   noFPR@95 0.00656
  epoch 37  batchsize 1024  loss -0.14088  pos_mean 0.85400  neg_std 0.10616   yoFPR@95 0.01844   noFPR@95 0.00618
  epoch 38  batchsize 1024  loss -0.14089  pos_mean 0.85439  neg_std 0.10608   yoFPR@95 0.01722   noFPR@95 0.00508
  epoch 39  batchsize 1024  loss -0.14025  pos_mean 0.85329  neg_std 0.10621   yoFPR@95 0.02364   noFPR@95 0.00710
  epoch 40  batchsize 1024  loss -0.14525  pos_mean 0.84617  neg_std 0.10329   yoFPR@95 0.01686   noFPR@95 0.00456
  epoch 41  batchsize 1024  loss -0.15549  pos_mean 0.84550  neg_std 0.10330   yoFPR@95 0.01732   noFPR@95 0.00552
  epoch 42  batchsize 1024  loss -0.15733  pos_mean 0.84566  neg_std 0.10342   yoFPR@95 0.01500   noFPR@95 0.00542
  epoch 43  batchsize 1024  loss -0.15828  pos_mean 0.84567  neg_std 0.10343   yoFPR@95 0.02078   noFPR@95 0.00652
  epoch 44  batchsize 1024  loss -0.15688  pos_mean 0.84534  neg_std 0.10350   yoFPR@95 0.01676   noFPR@95 0.00512
  epoch 45  batchsize 1024  loss -0.15748  pos_mean 0.84560  neg_std 0.10355   yoFPR@95 0.01704   noFPR@95 0.00596
  epoch 46  batchsize 1024  loss -0.15774  pos_mean 0.84581  neg_std 0.10336   yoFPR@95 0.01622   noFPR@95 0.00522
  epoch 47  batchsize 1024  loss -0.15712  pos_mean 0.84551  neg_std 0.10344   yoFPR@95 0.01404   noFPR@95 0.00638
  epoch 48  batchsize 1024  loss -0.15737  pos_mean 0.84515  neg_std 0.10341   yoFPR@95 0.01916   noFPR@95 0.00444
  epoch 49  batchsize 1024  loss -0.15780  pos_mean 0.84510  neg_std 0.10341   yoFPR@95 0.01804   noFPR@95 0.00518
  epoch 50  batchsize 1024  loss -0.15746  pos_mean 0.84578  neg_std 0.10329   yoFPR@95 0.01530   noFPR@95 0.00510
  epoch 51  batchsize 1024  loss -0.15792  pos_mean 0.84576  neg_std 0.10325   yoFPR@95 0.01716   noFPR@95 0.00550
  epoch 52  batchsize 1024  loss -0.15762  pos_mean 0.84514  neg_std 0.10336   yoFPR@95 0.01370   noFPR@95 0.00444
  epoch 53  batchsize 1024  loss -0.15862  pos_mean 0.84515  neg_std 0.10334   yoFPR@95 0.01722   noFPR@95 0.00610
  epoch 54  batchsize 1024  loss -0.15854  pos_mean 0.84490  neg_std 0.10331   yoFPR@95 0.02444   noFPR@95 0.00850
  epoch 55  batchsize 1024  loss -0.15882  pos_mean 0.84460  neg_std 0.10320   yoFPR@95 0.01598   noFPR@95 0.00496
  epoch 56  batchsize 1024  loss -0.15831  pos_mean 0.84484  neg_std 0.10330   yoFPR@95 0.01436   noFPR@95 0.00580
  epoch 57  batchsize 1024  loss -0.15834  pos_mean 0.84511  neg_std 0.10319   yoFPR@95 0.01550   noFPR@95 0.00476
  epoch 58  batchsize 1024  loss -0.15882  pos_mean 0.84511  neg_std 0.10317   yoFPR@95 0.01476   noFPR@95 0.00428
  epoch 59  batchsize 1024  loss -0.15926  pos_mean 0.84446  neg_std 0.10322   yoFPR@95 0.01956   noFPR@95 0.00584
  epoch 60  batchsize 1024  loss -0.16152  pos_mean 0.84008  neg_std 0.10108   yoFPR@95 0.01176   noFPR@95 0.00454
  epoch 61  batchsize 1024  loss -0.16972  pos_mean 0.83845  neg_std 0.10097   yoFPR@95 0.01518   noFPR@95 0.00406
  epoch 62  batchsize 1024  loss -0.17286  pos_mean 0.83897  neg_std 0.10099   yoFPR@95 0.01346   noFPR@95 0.00412
  epoch 63  batchsize 1024  loss -0.17211  pos_mean 0.83879  neg_std 0.10111   yoFPR@95 0.01386   noFPR@95 0.00416
  epoch 64  batchsize 1024  loss -0.17229  pos_mean 0.83926  neg_std 0.10103   yoFPR@95 0.01632   noFPR@95 0.00420
  epoch 65  batchsize 1024  loss -0.17185  pos_mean 0.83889  neg_std 0.10112   yoFPR@95 0.01416   noFPR@95 0.00458
  epoch 66  batchsize 1024  loss -0.17148  pos_mean 0.83940  neg_std 0.10114   yoFPR@95 0.01482   noFPR@95 0.00468
  epoch 67  batchsize 1024  loss -0.17102  pos_mean 0.83912  neg_std 0.10112   yoFPR@95 0.01300   noFPR@95 0.00424
  epoch 68  batchsize 1024  loss -0.17136  pos_mean 0.83867  neg_std 0.10111   yoFPR@95 0.01374   noFPR@95 0.00454
  epoch 69  batchsize 1024  loss -0.17221  pos_mean 0.83918  neg_std 0.10107   yoFPR@95 0.01256   noFPR@95 0.00534
  epoch 70  batchsize 1024  loss -0.17180  pos_mean 0.83891  neg_std 0.10105   yoFPR@95 0.01492   noFPR@95 0.00446
  epoch 71  batchsize 1024  loss -0.17185  pos_mean 0.83881  neg_std 0.10092   yoFPR@95 0.01346   noFPR@95 0.00528
  epoch 72  batchsize 1024  loss -0.17279  pos_mean 0.83930  neg_std 0.10102   yoFPR@95 0.01492   noFPR@95 0.00540
  epoch 73  batchsize 1024  loss -0.17199  pos_mean 0.83835  neg_std 0.10113   yoFPR@95 0.01288   noFPR@95 0.00448
  epoch 74  batchsize 1024  loss -0.17238  pos_mean 0.83868  neg_std 0.10099   yoFPR@95 0.01288   noFPR@95 0.00456
  epoch 75  batchsize 1024  loss -0.17264  pos_mean 0.83891  neg_std 0.10094   yoFPR@95 0.01170   noFPR@95 0.00400
  epoch 76  batchsize 1024  loss -0.17182  pos_mean 0.83932  neg_std 0.10094   yoFPR@95 0.01310   noFPR@95 0.00442
  epoch 77  batchsize 1024  loss -0.17189  pos_mean 0.83845  neg_std 0.10094   yoFPR@95 0.01442   noFPR@95 0.00374
  epoch 78  batchsize 1024  loss -0.17253  pos_mean 0.83868  neg_std 0.10086   yoFPR@95 0.01250   noFPR@95 0.00384
  epoch 79  batchsize 1024  loss -0.17250  pos_mean 0.83904  neg_std 0.10088   yoFPR@95 0.01242   noFPR@95 0.00448
  epoch 80  batchsize 1024  loss -0.17405  pos_mean 0.83501  neg_std 0.09921   yoFPR@95 0.01024   noFPR@95 0.00360
  epoch 81  batchsize 1024  loss -0.18171  pos_mean 0.83432  neg_std 0.09912   yoFPR@95 0.01272   noFPR@95 0.00384
  epoch 82  batchsize 1024  loss -0.18331  pos_mean 0.83386  neg_std 0.09908   yoFPR@95 0.01136   noFPR@95 0.00352
  epoch 83  batchsize 1024  loss -0.18426  pos_mean 0.83373  neg_std 0.09907   yoFPR@95 0.01058   noFPR@95 0.00356
  epoch 84  batchsize 1024  loss -0.18398  pos_mean 0.83383  neg_std 0.09904   yoFPR@95 0.01190   noFPR@95 0.00386
  epoch 85  batchsize 1024  loss -0.18443  pos_mean 0.83417  neg_std 0.09916   yoFPR@95 0.01352   noFPR@95 0.00328
  epoch 86  batchsize 1024  loss -0.18367  pos_mean 0.83421  neg_std 0.09914   yoFPR@95 0.01144   noFPR@95 0.00384
  epoch 87  batchsize 1024  loss -0.18376  pos_mean 0.83417  neg_std 0.09917   yoFPR@95 0.01162   noFPR@95 0.00368
  epoch 88  batchsize 1024  loss -0.18365  pos_mean 0.83469  neg_std 0.09918   yoFPR@95 0.01178   noFPR@95 0.00350
  epoch 89  batchsize 1024  loss -0.18307  pos_mean 0.83462  neg_std 0.09924   yoFPR@95 0.00958   noFPR@95 0.00404
  epoch 90  batchsize 1024  loss -0.18310  pos_mean 0.83466  neg_std 0.09920   yoFPR@95 0.00972   noFPR@95 0.00370
  epoch 91  batchsize 1024  loss -0.18397  pos_mean 0.83478  neg_std 0.09919   yoFPR@95 0.01058   noFPR@95 0.00384
  epoch 92  batchsize 1024  loss -0.18293  pos_mean 0.83501  neg_std 0.09923   yoFPR@95 0.01268   noFPR@95 0.00354
  epoch 93  batchsize 1024  loss -0.18308  pos_mean 0.83467  neg_std 0.09924   yoFPR@95 0.00994   noFPR@95 0.00352
  epoch 94  batchsize 1024  loss -0.18312  pos_mean 0.83529  neg_std 0.09914   yoFPR@95 0.01264   noFPR@95 0.00390
  epoch 95  batchsize 1024  loss -0.18279  pos_mean 0.83517  neg_std 0.09926   yoFPR@95 0.01330   noFPR@95 0.00376
  epoch 96  batchsize 1024  loss -0.18219  pos_mean 0.83529  neg_std 0.09925   yoFPR@95 0.01162   noFPR@95 0.00374
  epoch 97  batchsize 1024  loss -0.18289  pos_mean 0.83530  neg_std 0.09921   yoFPR@95 0.01344   noFPR@95 0.00396
  epoch 98  batchsize 1024  loss -0.18192  pos_mean 0.83532  neg_std 0.09920   yoFPR@95 0.01162   noFPR@95 0.00384
  epoch 99  batchsize 1024  loss -0.18335  pos_mean 0.83516  neg_std 0.09920   yoFPR@95 0.01224   noFPR@95 0.00346
  epoch 100  batchsize 1024  loss -0.18418  pos_mean 0.83233  neg_std 0.09806   yoFPR@95 0.01064   noFPR@95 0.00318
  epoch 101  batchsize 1024  loss -0.18924  pos_mean 0.83113  neg_std 0.09787   yoFPR@95 0.01000   noFPR@95 0.00300
  epoch 102  batchsize 1024  loss -0.19202  pos_mean 0.83118  neg_std 0.09777   yoFPR@95 0.01050   noFPR@95 0.00312
  epoch 103  batchsize 1024  loss -0.19256  pos_mean 0.83082  neg_std 0.09781   yoFPR@95 0.01178   noFPR@95 0.00348
  epoch 104  batchsize 1024  loss -0.19309  pos_mean 0.83057  neg_std 0.09773   yoFPR@95 0.01044   noFPR@95 0.00340
  epoch 105  batchsize 1024  loss -0.19322  pos_mean 0.83113  neg_std 0.09778   yoFPR@95 0.01072   noFPR@95 0.00326
  epoch 106  batchsize 1024  loss -0.19220  pos_mean 0.83100  neg_std 0.09780   yoFPR@95 0.00948   noFPR@95 0.00332
  epoch 107  batchsize 1024  loss -0.19220  pos_mean 0.83125  neg_std 0.09783   yoFPR@95 0.01082   noFPR@95 0.00328
  epoch 108  batchsize 1024  loss -0.19310  pos_mean 0.83178  neg_std 0.09774   yoFPR@95 0.01150   noFPR@95 0.00336
  epoch 109  batchsize 1024  loss -0.19245  pos_mean 0.83104  neg_std 0.09776   yoFPR@95 0.01058   noFPR@95 0.00332
  epoch 110  batchsize 1024  loss -0.19290  pos_mean 0.83129  neg_std 0.09781   yoFPR@95 0.01244   noFPR@95 0.00348
  epoch 111  batchsize 1024  loss -0.19234  pos_mean 0.83161  neg_std 0.09782   yoFPR@95 0.01100   noFPR@95 0.00288
  epoch 112  batchsize 1024  loss -0.19261  pos_mean 0.83143  neg_std 0.09782   yoFPR@95 0.01100   noFPR@95 0.00324
  epoch 113  batchsize 1024  loss -0.19209  pos_mean 0.83166  neg_std 0.09779   yoFPR@95 0.01094   noFPR@95 0.00324
  epoch 114  batchsize 1024  loss -0.19240  pos_mean 0.83225  neg_std 0.09780   yoFPR@95 0.01228   noFPR@95 0.00346
  epoch 115  batchsize 1024  loss -0.19142  pos_mean 0.83145  neg_std 0.09783   yoFPR@95 0.01088   noFPR@95 0.00318
  epoch 116  batchsize 1024  loss -0.19260  pos_mean 0.83212  neg_std 0.09774   yoFPR@95 0.01150   noFPR@95 0.00354
  epoch 117  batchsize 1024  loss -0.19184  pos_mean 0.83252  neg_std 0.09775   yoFPR@95 0.01088   noFPR@95 0.00354
  epoch 118  batchsize 1024  loss -0.19158  pos_mean 0.83245  neg_std 0.09772   yoFPR@95 0.01014   noFPR@95 0.00368
  epoch 119  batchsize 1024  loss -0.19154  pos_mean 0.83226  neg_std 0.09783   yoFPR@95 0.01034   noFPR@95 0.00326
  epoch 120  batchsize 1024  loss -0.19289  pos_mean 0.82977  neg_std 0.09700   yoFPR@95 0.00992   noFPR@95 0.00308
  epoch 121  batchsize 1024  loss -0.19681  pos_mean 0.82991  neg_std 0.09691   yoFPR@95 0.01008   noFPR@95 0.00296
  epoch 122  batchsize 1024  loss -0.19805  pos_mean 0.82919  neg_std 0.09684   yoFPR@95 0.00998   noFPR@95 0.00308
  epoch 123  batchsize 1024  loss -0.19878  pos_mean 0.82910  neg_std 0.09679   yoFPR@95 0.00956   noFPR@95 0.00298
  epoch 124  batchsize 1024  loss -0.19959  pos_mean 0.82947  neg_std 0.09675   yoFPR@95 0.00964   noFPR@95 0.00308
  epoch 125  batchsize 1024  loss -0.19932  pos_mean 0.82932  neg_std 0.09677   yoFPR@95 0.00916   noFPR@95 0.00328
  epoch 126  batchsize 1024  loss -0.19918  pos_mean 0.82904  neg_std 0.09679   yoFPR@95 0.01104   noFPR@95 0.00334
  epoch 127  batchsize 1024  loss -0.19984  pos_mean 0.82924  neg_std 0.09678   yoFPR@95 0.00834   noFPR@95 0.00318
  epoch 128  batchsize 1024  loss -0.19941  pos_mean 0.82909  neg_std 0.09675   yoFPR@95 0.01042   noFPR@95 0.00324
  epoch 129  batchsize 1024  loss -0.19961  pos_mean 0.82964  neg_std 0.09678   yoFPR@95 0.00972   noFPR@95 0.00296
  epoch 130  batchsize 1024  loss -0.19914  pos_mean 0.82990  neg_std 0.09670   yoFPR@95 0.00998   noFPR@95 0.00292
  epoch 131  batchsize 1024  loss -0.19912  pos_mean 0.82903  neg_std 0.09674   yoFPR@95 0.01070   noFPR@95 0.00332
  epoch 132  batchsize 1024  loss -0.19986  pos_mean 0.82971  neg_std 0.09672   yoFPR@95 0.00964   noFPR@95 0.00306
  epoch 133  batchsize 1024  loss -0.19930  pos_mean 0.82968  neg_std 0.09677   yoFPR@95 0.01178   noFPR@95 0.00342
  epoch 134  batchsize 1024  loss -0.19939  pos_mean 0.82984  neg_std 0.09673   yoFPR@95 0.00908   noFPR@95 0.00316
  epoch 135  batchsize 1024  loss -0.19875  pos_mean 0.82985  neg_std 0.09676   yoFPR@95 0.00992   noFPR@95 0.00344
  epoch 136  batchsize 1024  loss -0.19926  pos_mean 0.83032  neg_std 0.09678   yoFPR@95 0.01020   noFPR@95 0.00350
  epoch 137  batchsize 1024  loss -0.19907  pos_mean 0.82982  neg_std 0.09672   yoFPR@95 0.01072   noFPR@95 0.00322
  epoch 138  batchsize 1024  loss -0.19934  pos_mean 0.83030  neg_std 0.09674   yoFPR@95 0.01102   noFPR@95 0.00320
  epoch 139  batchsize 1024  loss -0.19938  pos_mean 0.82969  neg_std 0.09671   yoFPR@95 0.00960   noFPR@95 0.00328
  epoch 140  batchsize 1024  loss -0.20015  pos_mean 0.82842  neg_std 0.09633   yoFPR@95 0.01042   noFPR@95 0.00316
  epoch 141  batchsize 1024  loss -0.20223  pos_mean 0.82744  neg_std 0.09627   yoFPR@95 0.00894   noFPR@95 0.00278
  epoch 142  batchsize 1024  loss -0.20427  pos_mean 0.82812  neg_std 0.09611   yoFPR@95 0.00942   noFPR@95 0.00290
  epoch 143  batchsize 1024  loss -0.20370  pos_mean 0.82791  neg_std 0.09613   yoFPR@95 0.00994   noFPR@95 0.00278
  epoch 144  batchsize 1024  loss -0.20480  pos_mean 0.82817  neg_std 0.09610   yoFPR@95 0.01046   noFPR@95 0.00294
  epoch 145  batchsize 1024  loss -0.20396  pos_mean 0.82809  neg_std 0.09610   yoFPR@95 0.00916   noFPR@95 0.00280
  epoch 146  batchsize 1024  loss -0.20412  pos_mean 0.82854  neg_std 0.09605   yoFPR@95 0.00856   noFPR@95 0.00272
  epoch 147  batchsize 1024  loss -0.20394  pos_mean 0.82806  neg_std 0.09609   yoFPR@95 0.00884   noFPR@95 0.00292
  epoch 148  batchsize 1024  loss -0.20414  pos_mean 0.82807  neg_std 0.09607   yoFPR@95 0.00832   noFPR@95 0.00304
  epoch 149  batchsize 1024  loss -0.20440  pos_mean 0.82833  neg_std 0.09607   yoFPR@95 0.00894   noFPR@95 0.00302
  epoch 150  batchsize 1024  loss -0.20475  pos_mean 0.82835  neg_std 0.09607   yoFPR@95 0.01026   noFPR@95 0.00294
  epoch 151  batchsize 1024  loss -0.20392  pos_mean 0.82768  neg_std 0.09608   yoFPR@95 0.00890   noFPR@95 0.00308
  epoch 152  batchsize 1024  loss -0.20462  pos_mean 0.82824  neg_std 0.09604   yoFPR@95 0.00818   noFPR@95 0.00290
  epoch 153  batchsize 1024  loss -0.20482  pos_mean 0.82810  neg_std 0.09607   yoFPR@95 0.01026   noFPR@95 0.00308
  epoch 154  batchsize 1024  loss -0.20413  pos_mean 0.82862  neg_std 0.09605   yoFPR@95 0.00852   noFPR@95 0.00286
  epoch 155  batchsize 1024  loss -0.20461  pos_mean 0.82853  neg_std 0.09605   yoFPR@95 0.00940   noFPR@95 0.00300
  epoch 156  batchsize 1024  loss -0.20456  pos_mean 0.82852  neg_std 0.09609   yoFPR@95 0.00824   noFPR@95 0.00312
  epoch 157  batchsize 1024  loss -0.20492  pos_mean 0.82864  neg_std 0.09606   yoFPR@95 0.00826   noFPR@95 0.00290
  epoch 158  batchsize 1024  loss -0.20398  pos_mean 0.82832  neg_std 0.09608   yoFPR@95 0.00872   noFPR@95 0.00334
  epoch 159  batchsize 1024  loss -0.20525  pos_mean 0.82880  neg_std 0.09605   yoFPR@95 0.00936   noFPR@95 0.00308
  epoch 160  batchsize 1024  loss -0.20421  pos_mean 0.82727  neg_std 0.09574   yoFPR@95 0.00896   noFPR@95 0.00288
  epoch 161  batchsize 1024  loss -0.20743  pos_mean 0.82702  neg_std 0.09570   yoFPR@95 0.00958   noFPR@95 0.00310
  epoch 162  batchsize 1024  loss -0.20801  pos_mean 0.82730  neg_std 0.09564   yoFPR@95 0.00862   noFPR@95 0.00286
  epoch 163  batchsize 1024  loss -0.20774  pos_mean 0.82680  neg_std 0.09571   yoFPR@95 0.00926   noFPR@95 0.00296
  epoch 164  batchsize 1024  loss -0.20821  pos_mean 0.82744  neg_std 0.09565   yoFPR@95 0.00840   noFPR@95 0.00290
  epoch 165  batchsize 1024  loss -0.20793  pos_mean 0.82645  neg_std 0.09570   yoFPR@95 0.00964   noFPR@95 0.00278
  epoch 166  batchsize 1024  loss -0.20888  pos_mean 0.82729  neg_std 0.09559   yoFPR@95 0.00874   noFPR@95 0.00292
  epoch 167  batchsize 1024  loss -0.20780  pos_mean 0.82733  neg_std 0.09559   yoFPR@95 0.00890   noFPR@95 0.00292
  epoch 168  batchsize 1024  loss -0.20776  pos_mean 0.82664  neg_std 0.09563   yoFPR@95 0.00904   noFPR@95 0.00284
  epoch 169  batchsize 1024  loss -0.20865  pos_mean 0.82786  neg_std 0.09559   yoFPR@95 0.00902   noFPR@95 0.00306
  epoch 170  batchsize 1024  loss -0.20789  pos_mean 0.82691  neg_std 0.09559   yoFPR@95 0.00804   noFPR@95 0.00300
  epoch 171  batchsize 1024  loss -0.20882  pos_mean 0.82697  neg_std 0.09561   yoFPR@95 0.00912   noFPR@95 0.00272
  epoch 172  batchsize 1024  loss -0.20826  pos_mean 0.82694  neg_std 0.09563   yoFPR@95 0.00856   noFPR@95 0.00268
  epoch 173  batchsize 1024  loss -0.20904  pos_mean 0.82760  neg_std 0.09555   yoFPR@95 0.01024   noFPR@95 0.00300
  epoch 174  batchsize 1024  loss -0.20825  pos_mean 0.82768  neg_std 0.09556   yoFPR@95 0.00884   noFPR@95 0.00298
  epoch 175  batchsize 1024  loss -0.20824  pos_mean 0.82732  neg_std 0.09557   yoFPR@95 0.00900   noFPR@95 0.00294
  epoch 176  batchsize 1024  loss -0.20838  pos_mean 0.82736  neg_std 0.09558   yoFPR@95 0.00884   noFPR@95 0.00304
  epoch 177  batchsize 1024  loss -0.20860  pos_mean 0.82712  neg_std 0.09556   yoFPR@95 0.00928   noFPR@95 0.00302
  epoch 178  batchsize 1024  loss -0.20907  pos_mean 0.82738  neg_std 0.09559   yoFPR@95 0.00858   noFPR@95 0.00280
  epoch 179  batchsize 1024  loss -0.20913  pos_mean 0.82683  neg_std 0.09556   yoFPR@95 0.01012   noFPR@95 0.00310
  epoch 180  batchsize 1024  loss -0.20961  pos_mean 0.82676  neg_std 0.09537   yoFPR@95 0.00900   noFPR@95 0.00282
  epoch 181  batchsize 1024  loss -0.20990  pos_mean 0.82738  neg_std 0.09534   yoFPR@95 0.00864   noFPR@95 0.00294
  epoch 182  batchsize 1024  loss -0.20967  pos_mean 0.82732  neg_std 0.09531   yoFPR@95 0.00964   noFPR@95 0.00292
  epoch 183  batchsize 1024  loss -0.20996  pos_mean 0.82678  neg_std 0.09532   yoFPR@95 0.00918   noFPR@95 0.00294
  epoch 184  batchsize 1024  loss -0.21073  pos_mean 0.82696  neg_std 0.09532   yoFPR@95 0.00924   noFPR@95 0.00294
  epoch 185  batchsize 1024  loss -0.20982  pos_mean 0.82700  neg_std 0.09533   yoFPR@95 0.00872   noFPR@95 0.00282
  epoch 186  batchsize 1024  loss -0.20981  pos_mean 0.82718  neg_std 0.09530   yoFPR@95 0.00884   noFPR@95 0.00284
  epoch 187  batchsize 1024  loss -0.21004  pos_mean 0.82675  neg_std 0.09532   yoFPR@95 0.00954   noFPR@95 0.00294
  epoch 188  batchsize 1024  loss -0.21066  pos_mean 0.82689  neg_std 0.09534   yoFPR@95 0.00888   noFPR@95 0.00278
  epoch 189  batchsize 1024  loss -0.21100  pos_mean 0.82663  neg_std 0.09529   yoFPR@95 0.00946   noFPR@95 0.00294
  epoch 190  batchsize 1024  loss -0.21094  pos_mean 0.82655  neg_std 0.09530   yoFPR@95 0.00900   noFPR@95 0.00280
  epoch 191  batchsize 1024  loss -0.21054  pos_mean 0.82645  neg_std 0.09531   yoFPR@95 0.00894   noFPR@95 0.00304
  epoch 192  batchsize 1024  loss -0.21085  pos_mean 0.82651  neg_std 0.09534   yoFPR@95 0.00908   noFPR@95 0.00286
  epoch 193  batchsize 1024  loss -0.21050  pos_mean 0.82659  neg_std 0.09536   yoFPR@95 0.00900   noFPR@95 0.00284
  epoch 194  batchsize 1024  loss -0.21097  pos_mean 0.82752  neg_std 0.09525   yoFPR@95 0.00872   noFPR@95 0.00306
  epoch 195  batchsize 1024  loss -0.21066  pos_mean 0.82694  neg_std 0.09527   yoFPR@95 0.00854   noFPR@95 0.00304
  epoch 196  batchsize 1024  loss -0.21014  pos_mean 0.82681  neg_std 0.09528   yoFPR@95 0.00946   noFPR@95 0.00290
  epoch 197  batchsize 1024  loss -0.21046  pos_mean 0.82729  neg_std 0.09529   yoFPR@95 0.00854   noFPR@95 0.00306
  epoch 198  batchsize 1024  loss -0.21075  pos_mean 0.82710  neg_std 0.09531   yoFPR@95 0.00918   noFPR@95 0.00288
  epoch 199  batchsize 1024  loss -0.21039  pos_mean 0.82684  neg_std 0.09530   yoFPR@95 0.00928   noFPR@95 0.00296 