
  epoch 0  batchsize 1024  loss -0.05024  pos_mean 0.85401  neg_std 0.12916   liFPR@95 0.05484   yoFPR@95 0.02658
  epoch 1  batchsize 1024  loss -0.12961  pos_mean 0.83462  neg_std 0.10728   liFPR@95 0.03472   yoFPR@95 0.02798
  epoch 2  batchsize 1024  loss -0.22929  pos_mean 0.82997  neg_std 0.10274   liFPR@95 0.03238   yoFPR@95 0.02176
  epoch 3  batchsize 1024  loss -0.31778  pos_mean 0.82392  neg_std 0.10110   liFPR@95 0.02440   yoFPR@95 0.01678
  epoch 4  batchsize 1024  loss -0.37149  pos_mean 0.82014  neg_std 0.10022   liFPR@95 0.02706   yoFPR@95 0.02128
  epoch 5  batchsize 1024  loss -0.39695  pos_mean 0.81714  neg_std 0.09985   liFPR@95 0.02472   yoFPR@95 0.02222
  epoch 6  batchsize 1024  loss -0.40833  pos_mean 0.81589  neg_std 0.09947   liFPR@95 0.02664   yoFPR@95 0.01542
  epoch 7  batchsize 1024  loss -0.41303  pos_mean 0.81436  neg_std 0.09938   liFPR@95 0.02308   yoFPR@95 0.01896
  epoch 8  batchsize 1024  loss -0.41471  pos_mean 0.81404  neg_std 0.09924   liFPR@95 0.02256   yoFPR@95 0.01866
  epoch 9  batchsize 1024  loss -0.41571  pos_mean 0.81419  neg_std 0.09912   liFPR@95 0.02234   yoFPR@95 0.01732
  epoch 10  batchsize 1024  loss -0.41674  pos_mean 0.81342  neg_std 0.09904   liFPR@95 0.02556   yoFPR@95 0.02210
  epoch 11  batchsize 1024  loss -0.41716  pos_mean 0.81292  neg_std 0.09901   liFPR@95 0.02052   yoFPR@95 0.01396
  epoch 12  batchsize 1024  loss -0.41713  pos_mean 0.81316  neg_std 0.09901   liFPR@95 0.02448   yoFPR@95 0.01760
  epoch 13  batchsize 1024  loss -0.41767  pos_mean 0.81272  neg_std 0.09896   liFPR@95 0.02392   yoFPR@95 0.01830
  epoch 14  batchsize 1024  loss -0.41832  pos_mean 0.81216  neg_std 0.09891   liFPR@95 0.02622   yoFPR@95 0.01898
  epoch 15  batchsize 1024  loss -0.41824  pos_mean 0.81215  neg_std 0.09894   liFPR@95 0.02480   yoFPR@95 0.01308
  epoch 16  batchsize 1024  loss -0.41819  pos_mean 0.81213  neg_std 0.09894   liFPR@95 0.02522   yoFPR@95 0.01926
  epoch 17  batchsize 1024  loss -0.41810  pos_mean 0.81209  neg_std 0.09888   liFPR@95 0.02260   yoFPR@95 0.01592
  epoch 18  batchsize 1024  loss -0.41916  pos_mean 0.81097  neg_std 0.09884   liFPR@95 0.02238   yoFPR@95 0.01622
  epoch 19  batchsize 1024  loss -0.41901  pos_mean 0.81151  neg_std 0.09877   liFPR@95 0.02360   yoFPR@95 0.01704
  epoch 20  batchsize 1024  loss -0.09176  pos_mean 0.81961  neg_std 0.09921   liFPR@95 0.02170   yoFPR@95 0.01924
  epoch 21  batchsize 1024  loss -0.13179  pos_mean 0.82965  neg_std 0.10294   liFPR@95 0.02284   yoFPR@95 0.01734
  epoch 22  batchsize 1024  loss -0.14785  pos_mean 0.82788  neg_std 0.10397   liFPR@95 0.02150   yoFPR@95 0.02312
  epoch 23  batchsize 1024  loss -0.15803  pos_mean 0.82687  neg_std 0.10410   liFPR@95 0.02386   yoFPR@95 0.01818
  epoch 24  batchsize 1024  loss -0.16293  pos_mean 0.82648  neg_std 0.10403   liFPR@95 0.02014   yoFPR@95 0.01764
  epoch 25  batchsize 1024  loss -0.16526  pos_mean 0.82639  neg_std 0.10409   liFPR@95 0.02090   yoFPR@95 0.02170
  epoch 26  batchsize 1024  loss -0.16746  pos_mean 0.82618  neg_std 0.10401   liFPR@95 0.02124   yoFPR@95 0.01656
  epoch 27  batchsize 1024  loss -0.16810  pos_mean 0.82562  neg_std 0.10395   liFPR@95 0.01852   yoFPR@95 0.01848
  epoch 28  batchsize 1024  loss -0.16915  pos_mean 0.82570  neg_std 0.10409   liFPR@95 0.02146   yoFPR@95 0.01580
  epoch 29  batchsize 1024  loss -0.16942  pos_mean 0.82563  neg_std 0.10409   liFPR@95 0.02184   yoFPR@95 0.02668
  epoch 30  batchsize 1024  loss -0.16844  pos_mean 0.82627  neg_std 0.10385  liFPR@95 0.02114   yoFPR@95 0.01912
  epoch 31  batchsize 1024  loss -0.16887  pos_mean 0.82692  neg_std 0.10391  liFPR@95 0.02070   yoFPR@95 0.01964
  epoch 32  batchsize 1024  loss -0.16832  pos_mean 0.82658  neg_std 0.10386  liFPR@95 0.01762   yoFPR@95 0.01328
  epoch 33  batchsize 1024  loss -0.16840  pos_mean 0.82678  neg_std 0.10394  liFPR@95 0.01742   yoFPR@95 0.02608
  epoch 34  batchsize 1024  loss -0.16830  pos_mean 0.82688  neg_std 0.10401  liFPR@95 0.02438   yoFPR@95 0.01530
  epoch 35  batchsize 1024  loss -0.16847  pos_mean 0.82597  neg_std 0.10399  liFPR@95 0.01838   yoFPR@95 0.01882
  epoch 36  batchsize 1024  loss -0.16865  pos_mean 0.82626  neg_std 0.10398  liFPR@95 0.01994   yoFPR@95 0.01256
  epoch 37  batchsize 1024  loss -0.16929  pos_mean 0.82687  neg_std 0.10389  liFPR@95 0.01964   yoFPR@95 0.01952
  epoch 38  batchsize 1024  loss -0.16944  pos_mean 0.82653  neg_std 0.10395  liFPR@95 0.01856   yoFPR@95 0.01502
  epoch 39  batchsize 1024  loss -0.16937  pos_mean 0.82580  neg_std 0.10408  liFPR@95 0.02094   yoFPR@95 0.02030
  epoch 40  batchsize 1024  loss -0.17342  pos_mean 0.82043  neg_std 0.10111  liFPR@95 0.01568   yoFPR@95 0.01250
  epoch 41  batchsize 1024  loss -0.18419  pos_mean 0.81941  neg_std 0.10127  liFPR@95 0.01430   yoFPR@95 0.01488
  epoch 42  batchsize 1024  loss -0.18614  pos_mean 0.81968  neg_std 0.10143  liFPR@95 0.01600   yoFPR@95 0.01240
  epoch 43  batchsize 1024  loss -0.18682  pos_mean 0.81939  neg_std 0.10139  liFPR@95 0.01470   yoFPR@95 0.01574
  epoch 44  batchsize 1024  loss -0.18597  pos_mean 0.82008  neg_std 0.10146  liFPR@95 0.01594   yoFPR@95 0.01454
  epoch 45  batchsize 1024  loss -0.18570  pos_mean 0.81963  neg_std 0.10136  liFPR@95 0.01674   yoFPR@95 0.01602
  epoch 46  batchsize 1024  loss -0.18589  pos_mean 0.81999  neg_std 0.10152  liFPR@95 0.01508   yoFPR@95 0.01416
  epoch 47  batchsize 1024  loss -0.18596  pos_mean 0.81934  neg_std 0.10153  liFPR@95 0.01636   yoFPR@95 0.01302
  epoch 48  batchsize 1024  loss -0.18599  pos_mean 0.81991  neg_std 0.10145  liFPR@95 0.01596   yoFPR@95 0.01232
  epoch 49  batchsize 1024  loss -0.18615  pos_mean 0.81928  neg_std 0.10137  liFPR@95 0.01496   yoFPR@95 0.01616
  epoch 50  batchsize 1024  loss -0.18628  pos_mean 0.81956  neg_std 0.10136  liFPR@95 0.01686   yoFPR@95 0.00926
  epoch 51  batchsize 1024  loss -0.18597  pos_mean 0.81993  neg_std 0.10141  liFPR@95 0.01512   yoFPR@95 0.01226
  epoch 52  batchsize 1024  loss -0.18669  pos_mean 0.81972  neg_std 0.10134  liFPR@95 0.01450   yoFPR@95 0.01206
  epoch 53  batchsize 1024  loss -0.18690  pos_mean 0.81997  neg_std 0.10137  liFPR@95 0.01564   yoFPR@95 0.01392
  epoch 54  batchsize 1024  loss -0.18662  pos_mean 0.81922  neg_std 0.10137  liFPR@95 0.01780   yoFPR@95 0.01204
  epoch 55  batchsize 1024  loss -0.18656  pos_mean 0.81918  neg_std 0.10135  liFPR@95 0.01656   yoFPR@95 0.01756
  epoch 56  batchsize 1024  loss -0.18655  pos_mean 0.81904  neg_std 0.10133  liFPR@95 0.01478   yoFPR@95 0.01322
  epoch 57  batchsize 1024  loss -0.18637  pos_mean 0.81963  neg_std 0.10131  liFPR@95 0.01496   yoFPR@95 0.01798
  epoch 58  batchsize 1024  loss -0.18773  pos_mean 0.81935  neg_std 0.10122  liFPR@95 0.01458   yoFPR@95 0.01698
  epoch 59  batchsize 1024  loss -0.18719  pos_mean 0.81901  neg_std 0.10119  liFPR@95 0.01766   yoFPR@95 0.01268
  epoch 60  batchsize 1024  loss -0.18843  pos_mean 0.81447  neg_std 0.09916  liFPR@95 0.01392   yoFPR@95 0.01172
  epoch 61  batchsize 1024  loss -0.19852  pos_mean 0.81323  neg_std 0.09912  liFPR@95 0.01202   yoFPR@95 0.01678
  epoch 62  batchsize 1024  loss -0.20175  pos_mean 0.81301  neg_std 0.09919  liFPR@95 0.01270   yoFPR@95 0.01118
  epoch 63  batchsize 1024  loss -0.20145  pos_mean 0.81347  neg_std 0.09938  liFPR@95 0.01234   yoFPR@95 0.01500
  epoch 64  batchsize 1024  loss -0.20031  pos_mean 0.81323  neg_std 0.09933  liFPR@95 0.01294   yoFPR@95 0.01332
  epoch 65  batchsize 1024  loss -0.19997  pos_mean 0.81311  neg_std 0.09943  liFPR@95 0.01614   yoFPR@95 0.01230
  epoch 66  batchsize 1024  loss -0.20022  pos_mean 0.81327  neg_std 0.09943  liFPR@95 0.01380   yoFPR@95 0.01426
  epoch 67  batchsize 1024  loss -0.20048  pos_mean 0.81312  neg_std 0.09932  liFPR@95 0.01208   yoFPR@95 0.01874
  epoch 68  batchsize 1024  loss -0.20014  pos_mean 0.81348  neg_std 0.09945  liFPR@95 0.01242   yoFPR@95 0.01196
  epoch 69  batchsize 1024  loss -0.20052  pos_mean 0.81377  neg_std 0.09950  liFPR@95 0.01304   yoFPR@95 0.01030
  epoch 70  batchsize 1024  loss -0.19993  pos_mean 0.81348  neg_std 0.09950  liFPR@95 0.01404   yoFPR@95 0.01432
  epoch 71  batchsize 1024  loss -0.20032  pos_mean 0.81330  neg_std 0.09945  liFPR@95 0.01518   yoFPR@95 0.01310
  epoch 72  batchsize 1024  loss -0.20010  pos_mean 0.81328  neg_std 0.09944  liFPR@95 0.01286   yoFPR@95 0.01480
  epoch 73  batchsize 1024  loss -0.20004  pos_mean 0.81362  neg_std 0.09943  liFPR@95 0.01386   yoFPR@95 0.01078
  epoch 74  batchsize 1024  loss -0.20050  pos_mean 0.81308  neg_std 0.09941  liFPR@95 0.01280   yoFPR@95 0.01412
  epoch 75  batchsize 1024  loss -0.20058  pos_mean 0.81351  neg_std 0.09942  liFPR@95 0.01310   yoFPR@95 0.01174
  epoch 76  batchsize 1024  loss -0.20052  pos_mean 0.81284  neg_std 0.09936  liFPR@95 0.01328   yoFPR@95 0.01340
  epoch 77  batchsize 1024  loss -0.20074  pos_mean 0.81312  neg_std 0.09934  liFPR@95 0.01502   yoFPR@95 0.01140
  epoch 78  batchsize 1024  loss -0.20025  pos_mean 0.81355  neg_std 0.09944  liFPR@95 0.01400   yoFPR@95 0.01272
  epoch 79  batchsize 1024  loss -0.20094  pos_mean 0.81332  neg_std 0.09931  liFPR@95 0.01252   yoFPR@95 0.01220
  epoch 80  batchsize 1024  loss -0.20166  pos_mean 0.80938  neg_std 0.09788  liFPR@95 0.01092   yoFPR@95 0.01156
  epoch 81  batchsize 1024  loss -0.20953  pos_mean 0.80810  neg_std 0.09778  liFPR@95 0.01180   yoFPR@95 0.01228
  epoch 82  batchsize 1024  loss -0.21213  pos_mean 0.80829  neg_std 0.09772  liFPR@95 0.01078   yoFPR@95 0.01002
  epoch 83  batchsize 1024  loss -0.21333  pos_mean 0.80803  neg_std 0.09787  liFPR@95 0.01048   yoFPR@95 0.00976
  epoch 84  batchsize 1024  loss -0.21250  pos_mean 0.80789  neg_std 0.09787  liFPR@95 0.01194   yoFPR@95 0.01002
  epoch 85  batchsize 1024  loss -0.21291  pos_mean 0.80852  neg_std 0.09786  liFPR@95 0.01138   yoFPR@95 0.00996
  epoch 86  batchsize 1024  loss -0.21238  pos_mean 0.80856  neg_std 0.09797  liFPR@95 0.01032   yoFPR@95 0.01004
  epoch 87  batchsize 1024  loss -0.21208  pos_mean 0.80864  neg_std 0.09792  liFPR@95 0.01142   yoFPR@95 0.00904
  epoch 88  batchsize 1024  loss -0.21239  pos_mean 0.80884  neg_std 0.09797  liFPR@95 0.01118   yoFPR@95 0.00964
  epoch 89  batchsize 1024  loss -0.21140  pos_mean 0.80915  neg_std 0.09796  liFPR@95 0.01212   yoFPR@95 0.01160
  epoch 90  batchsize 1024  loss -0.21182  pos_mean 0.80884  neg_std 0.09793  liFPR@95 0.01142   yoFPR@95 0.00986
  epoch 91  batchsize 1024  loss -0.21158  pos_mean 0.80964  neg_std 0.09798  liFPR@95 0.01218   yoFPR@95 0.01168
  epoch 92  batchsize 1024  loss -0.21113  pos_mean 0.80891  neg_std 0.09790  liFPR@95 0.01064   yoFPR@95 0.01114
  epoch 93  batchsize 1024  loss -0.21152  pos_mean 0.80949  neg_std 0.09798  liFPR@95 0.01168   yoFPR@95 0.00980
  epoch 94  batchsize 1024  loss -0.21159  pos_mean 0.80921  neg_std 0.09802  liFPR@95 0.01120   yoFPR@95 0.01092
  epoch 95  batchsize 1024  loss -0.21100  pos_mean 0.80897  neg_std 0.09802  liFPR@95 0.01306   yoFPR@95 0.01206
  epoch 96  batchsize 1024  loss -0.21131  pos_mean 0.80923  neg_std 0.09794  liFPR@95 0.01174   yoFPR@95 0.01184
  epoch 97  batchsize 1024  loss -0.21177  pos_mean 0.80989  neg_std 0.09798  liFPR@95 0.01254   yoFPR@95 0.00982
  epoch 98  batchsize 1024  loss -0.21162  pos_mean 0.80933  neg_std 0.09791  liFPR@95 0.01114   yoFPR@95 0.01240
  epoch 99  batchsize 1024  loss -0.21160  pos_mean 0.80903  neg_std 0.09791  liFPR@95 0.01054   yoFPR@95 0.01356
  epoch 100  batchsize 1024  loss -0.21270  pos_mean 0.80649  neg_std 0.09690  liFPR@95 0.00972   yoFPR@95 0.00920
  epoch 101  batchsize 1024  loss -0.21868  pos_mean 0.80551  neg_std 0.09672  liFPR@95 0.01004   yoFPR@95 0.01178
  epoch 102  batchsize 1024  loss -0.22087  pos_mean 0.80571  neg_std 0.09669  liFPR@95 0.01100   yoFPR@95 0.01074
  epoch 103  batchsize 1024  loss -0.22146  pos_mean 0.80612  neg_std 0.09666  liFPR@95 0.00942   yoFPR@95 0.01040
  epoch 104  batchsize 1024  loss -0.22181  pos_mean 0.80598  neg_std 0.09669  liFPR@95 0.01040   yoFPR@95 0.01002
  epoch 105  batchsize 1024  loss -0.22127  pos_mean 0.80527  neg_std 0.09673  liFPR@95 0.01100   yoFPR@95 0.01020
  epoch 106  batchsize 1024  loss -0.22121  pos_mean 0.80563  neg_std 0.09672  liFPR@95 0.00998   yoFPR@95 0.01058
  epoch 107  batchsize 1024  loss -0.22069  pos_mean 0.80591  neg_std 0.09670  liFPR@95 0.01140   yoFPR@95 0.00954
  epoch 108  batchsize 1024  loss -0.22082  pos_mean 0.80571  neg_std 0.09681  liFPR@95 0.00974   yoFPR@95 0.00920
  epoch 109  batchsize 1024  loss -0.22127  pos_mean 0.80571  neg_std 0.09670  liFPR@95 0.01136   yoFPR@95 0.01022
  epoch 110  batchsize 1024  loss -0.22069  pos_mean 0.80554  neg_std 0.09682  liFPR@95 0.01076   yoFPR@95 0.00928
  epoch 111  batchsize 1024  loss -0.22087  pos_mean 0.80541  neg_std 0.09683  liFPR@95 0.00992   yoFPR@95 0.00822
  epoch 112  batchsize 1024  loss -0.22126  pos_mean 0.80596  neg_std 0.09687  liFPR@95 0.01062   yoFPR@95 0.00884
  epoch 113  batchsize 1024  loss -0.22131  pos_mean 0.80621  neg_std 0.09687  liFPR@95 0.01020   yoFPR@95 0.00940
  epoch 114  batchsize 1024  loss -0.22181  pos_mean 0.80613  neg_std 0.09682  liFPR@95 0.01100   yoFPR@95 0.00936
  epoch 115  batchsize 1024  loss -0.22125  pos_mean 0.80590  neg_std 0.09679  liFPR@95 0.01128   yoFPR@95 0.01056
  epoch 116  batchsize 1024  loss -0.22073  pos_mean 0.80610  neg_std 0.09678  liFPR@95 0.01092   yoFPR@95 0.00958
  epoch 117  batchsize 1024  loss -0.22092  pos_mean 0.80629  neg_std 0.09681  liFPR@95 0.01056   yoFPR@95 0.01026
  epoch 118  batchsize 1024  loss -0.22118  pos_mean 0.80614  neg_std 0.09681  liFPR@95 0.01076   yoFPR@95 0.00946
  epoch 119  batchsize 1024  loss -0.22060  pos_mean 0.80586  neg_std 0.09679  liFPR@95 0.01040   yoFPR@95 0.00872
  epoch 120  batchsize 1024  loss -0.22036  pos_mean 0.80431  neg_std 0.09606  liFPR@95 0.01000   yoFPR@95 0.01108
  epoch 121  batchsize 1024  loss -0.22587  pos_mean 0.80396  neg_std 0.09604  liFPR@95 0.00932   yoFPR@95 0.01036
  epoch 122  batchsize 1024  loss -0.22731  pos_mean 0.80363  neg_std 0.09594  liFPR@95 0.00946   yoFPR@95 0.00890
  epoch 123  batchsize 1024  loss -0.22827  pos_mean 0.80346  neg_std 0.09593  liFPR@95 0.00910   yoFPR@95 0.01142
  epoch 124  batchsize 1024  loss -0.22803  pos_mean 0.80359  neg_std 0.09596  liFPR@95 0.01014   yoFPR@95 0.00892
  epoch 125  batchsize 1024  loss -0.22740  pos_mean 0.80362  neg_std 0.09596  liFPR@95 0.00938   yoFPR@95 0.00856
  epoch 126  batchsize 1024  loss -0.22775  pos_mean 0.80356  neg_std 0.09592  liFPR@95 0.00954   yoFPR@95 0.00928
  epoch 127  batchsize 1024  loss -0.22853  pos_mean 0.80338  neg_std 0.09609  liFPR@95 0.00906   yoFPR@95 0.01102
  epoch 128  batchsize 1024  loss -0.22785  pos_mean 0.80345  neg_std 0.09596  liFPR@95 0.00898   yoFPR@95 0.01016
  epoch 129  batchsize 1024  loss -0.22795  pos_mean 0.80368  neg_std 0.09599  liFPR@95 0.00878   yoFPR@95 0.01054
  epoch 130  batchsize 1024  loss -0.22868  pos_mean 0.80355  neg_std 0.09600  liFPR@95 0.01016   yoFPR@95 0.00804
  epoch 131  batchsize 1024  loss -0.22833  pos_mean 0.80376  neg_std 0.09599  liFPR@95 0.01000   yoFPR@95 0.00948
  epoch 132  batchsize 1024  loss -0.22869  pos_mean 0.80400  neg_std 0.09599  liFPR@95 0.01002   yoFPR@95 0.00984
  epoch 133  batchsize 1024  loss -0.22807  pos_mean 0.80366  neg_std 0.09597  liFPR@95 0.00980   yoFPR@95 0.00962
  epoch 134  batchsize 1024  loss -0.22843  pos_mean 0.80348  neg_std 0.09600  liFPR@95 0.00980   yoFPR@95 0.00888
  epoch 135  batchsize 1024  loss -0.22827  pos_mean 0.80385  neg_std 0.09600  liFPR@95 0.00996   yoFPR@95 0.00956
  epoch 136  batchsize 1024  loss -0.22747  pos_mean 0.80390  neg_std 0.09604  liFPR@95 0.00966   yoFPR@95 0.00862
  epoch 137  batchsize 1024  loss -0.22833  pos_mean 0.80424  neg_std 0.09600  liFPR@95 0.01062   yoFPR@95 0.00840
  epoch 138  batchsize 1024  loss -0.22833  pos_mean 0.80416  neg_std 0.09597  liFPR@95 0.00948   yoFPR@95 0.00792
  epoch 139  batchsize 1024  loss -0.22706  pos_mean 0.80424  neg_std 0.09601  liFPR@95 0.00986   yoFPR@95 0.00860
  epoch 140  batchsize 1024  loss -0.22829  pos_mean 0.80241  neg_std 0.09558  liFPR@95 0.00948   yoFPR@95 0.00788
  epoch 141  batchsize 1024  loss -0.23034  pos_mean 0.80240  neg_std 0.09547  liFPR@95 0.00886   yoFPR@95 0.00854
  epoch 142  batchsize 1024  loss -0.23206  pos_mean 0.80242  neg_std 0.09549  liFPR@95 0.00928   yoFPR@95 0.00792
  epoch 143  batchsize 1024  loss -0.23268  pos_mean 0.80207  neg_std 0.09546  liFPR@95 0.00878   yoFPR@95 0.00846
  epoch 144  batchsize 1024  loss -0.23286  pos_mean 0.80228  neg_std 0.09544  liFPR@95 0.00904   yoFPR@95 0.00834
  epoch 145  batchsize 1024  loss -0.23336  pos_mean 0.80239  neg_std 0.09544  liFPR@95 0.00886   yoFPR@95 0.00900
  epoch 146  batchsize 1024  loss -0.23268  pos_mean 0.80227  neg_std 0.09542  liFPR@95 0.00972   yoFPR@95 0.00922
  epoch 147  batchsize 1024  loss -0.23357  pos_mean 0.80230  neg_std 0.09545  liFPR@95 0.00890   yoFPR@95 0.00774
  epoch 148  batchsize 1024  loss -0.23279  pos_mean 0.80207  neg_std 0.09546  liFPR@95 0.00888   yoFPR@95 0.00888
  epoch 149  batchsize 1024  loss -0.23300  pos_mean 0.80249  neg_std 0.09542  liFPR@95 0.00850   yoFPR@95 0.00920
  epoch 150  batchsize 1024  loss -0.23357  pos_mean 0.80253  neg_std 0.09541  liFPR@95 0.00862   yoFPR@95 0.00806
  epoch 151  batchsize 1024  loss -0.23301  pos_mean 0.80293  neg_std 0.09548  liFPR@95 0.00944   yoFPR@95 0.00846
  epoch 152  batchsize 1024  loss -0.23350  pos_mean 0.80223  neg_std 0.09550  liFPR@95 0.00906   yoFPR@95 0.00952
  epoch 153  batchsize 1024  loss -0.23295  pos_mean 0.80259  neg_std 0.09544  liFPR@95 0.00904   yoFPR@95 0.00884
  epoch 154  batchsize 1024  loss -0.23317  pos_mean 0.80209  neg_std 0.09541  liFPR@95 0.00956   yoFPR@95 0.00910
  epoch 155  batchsize 1024  loss -0.23274  pos_mean 0.80233  neg_std 0.09540  liFPR@95 0.00898   yoFPR@95 0.00980
  epoch 156  batchsize 1024  loss -0.23407  pos_mean 0.80232  neg_std 0.09542  liFPR@95 0.00886   yoFPR@95 0.00952
  epoch 157  batchsize 1024  loss -0.23264  pos_mean 0.80276  neg_std 0.09539  liFPR@95 0.01034   yoFPR@95 0.00944
  epoch 158  batchsize 1024  loss -0.23315  pos_mean 0.80234  neg_std 0.09544  liFPR@95 0.00864   yoFPR@95 0.00938
  epoch 159  batchsize 1024  loss -0.23337  pos_mean 0.80259  neg_std 0.09541  liFPR@95 0.00884   yoFPR@95 0.00866
  epoch 160  batchsize 1024  loss -0.23422  pos_mean 0.80221  neg_std 0.09514  liFPR@95 0.00866   yoFPR@95 0.00972
  epoch 161  batchsize 1024  loss -0.23501  pos_mean 0.80167  neg_std 0.09512  liFPR@95 0.00854   yoFPR@95 0.01000
  epoch 162  batchsize 1024  loss -0.23614  pos_mean 0.80132  neg_std 0.09509  liFPR@95 0.00854   yoFPR@95 0.00910
  epoch 163  batchsize 1024  loss -0.23583  pos_mean 0.80180  neg_std 0.09507  liFPR@95 0.00888   yoFPR@95 0.00904
  epoch 164  batchsize 1024  loss -0.23576  pos_mean 0.80148  neg_std 0.09507  liFPR@95 0.00846   yoFPR@95 0.00832
  epoch 165  batchsize 1024  loss -0.23674  pos_mean 0.80166  neg_std 0.09507  liFPR@95 0.00872   yoFPR@95 0.00858
  epoch 166  batchsize 1024  loss -0.23673  pos_mean 0.80130  neg_std 0.09507  liFPR@95 0.00884   yoFPR@95 0.00864
  epoch 167  batchsize 1024  loss -0.23659  pos_mean 0.80128  neg_std 0.09504  liFPR@95 0.00838   yoFPR@95 0.00860
  epoch 168  batchsize 1024  loss -0.23632  pos_mean 0.80134  neg_std 0.09508  liFPR@95 0.00854   yoFPR@95 0.00812
  epoch 169  batchsize 1024  loss -0.23675  pos_mean 0.80108  neg_std 0.09500  liFPR@95 0.00894   yoFPR@95 0.00856
  epoch 170  batchsize 1024  loss -0.23697  pos_mean 0.80144  neg_std 0.09507  liFPR@95 0.00910   yoFPR@95 0.00840
  epoch 171  batchsize 1024  loss -0.23717  pos_mean 0.80166  neg_std 0.09503  liFPR@95 0.00876   yoFPR@95 0.00888
  epoch 172  batchsize 1024  loss -0.23715  pos_mean 0.80109  neg_std 0.09499  liFPR@95 0.00852   yoFPR@95 0.00870
  epoch 173  batchsize 1024  loss -0.23682  pos_mean 0.80117  neg_std 0.09502  liFPR@95 0.00916   yoFPR@95 0.00872
  epoch 174  batchsize 1024  loss -0.23596  pos_mean 0.80163  neg_std 0.09511  liFPR@95 0.00930   yoFPR@95 0.00818
  epoch 175  batchsize 1024  loss -0.23684  pos_mean 0.80115  neg_std 0.09507  liFPR@95 0.00872   yoFPR@95 0.00898
  epoch 176  batchsize 1024  loss -0.23700  pos_mean 0.80130  neg_std 0.09506  liFPR@95 0.00896   yoFPR@95 0.00980
  epoch 177  batchsize 1024  loss -0.23701  pos_mean 0.80167  neg_std 0.09506  liFPR@95 0.00840   yoFPR@95 0.00928
  epoch 178  batchsize 1024  loss -0.23658  pos_mean 0.80167  neg_std 0.09503  liFPR@95 0.00878   yoFPR@95 0.00954
  epoch 179  batchsize 1024  loss -0.23727  pos_mean 0.80172  neg_std 0.09496  liFPR@95 0.00876   yoFPR@95 0.00866
  epoch 180  batchsize 1024  loss -0.23704  pos_mean 0.80096  neg_std 0.09490  liFPR@95 0.00850   yoFPR@95 0.00880
  epoch 181  batchsize 1024  loss -0.23867  pos_mean 0.80029  neg_std 0.09487  liFPR@95 0.00830   yoFPR@95 0.00782
  epoch 182  batchsize 1024  loss -0.23841  pos_mean 0.80045  neg_std 0.09476  liFPR@95 0.00864   yoFPR@95 0.00832
  epoch 183  batchsize 1024  loss -0.23846  pos_mean 0.80085  neg_std 0.09486  liFPR@95 0.00842   yoFPR@95 0.00844
  epoch 184  batchsize 1024  loss -0.23915  pos_mean 0.80100  neg_std 0.09484  liFPR@95 0.00846   yoFPR@95 0.00820
  epoch 185  batchsize 1024  loss -0.23954  pos_mean 0.80090  neg_std 0.09484  liFPR@95 0.00846   yoFPR@95 0.00796
  epoch 186  batchsize 1024  loss -0.23922  pos_mean 0.80104  neg_std 0.09483  liFPR@95 0.00846   yoFPR@95 0.00824
  epoch 187  batchsize 1024  loss -0.23926  pos_mean 0.80070  neg_std 0.09477  liFPR@95 0.00824   yoFPR@95 0.00758
  epoch 188  batchsize 1024  loss -0.23823  pos_mean 0.80056  neg_std 0.09479  liFPR@95 0.00884   yoFPR@95 0.00818
  epoch 189  batchsize 1024  loss -0.23834  pos_mean 0.80076  neg_std 0.09477  liFPR@95 0.00862   yoFPR@95 0.00844
  epoch 190  batchsize 1024  loss -0.23847  pos_mean 0.80072  neg_std 0.09483  liFPR@95 0.00840   yoFPR@95 0.00758
  epoch 191  batchsize 1024  loss -0.23879  pos_mean 0.80090  neg_std 0.09480  liFPR@95 0.00882   yoFPR@95 0.00792
  epoch 192  batchsize 1024  loss -0.23909  pos_mean 0.80069  neg_std 0.09478  liFPR@95 0.00850   yoFPR@95 0.00796
  epoch 193  batchsize 1024  loss -0.23930  pos_mean 0.80059  neg_std 0.09478  liFPR@95 0.00826   yoFPR@95 0.00800
  epoch 194  batchsize 1024  loss -0.23929  pos_mean 0.80103  neg_std 0.09475  liFPR@95 0.00854   yoFPR@95 0.00814
  epoch 195  batchsize 1024  loss -0.23930  pos_mean 0.80091  neg_std 0.09478  liFPR@95 0.00860   yoFPR@95 0.00766
  epoch 196  batchsize 1024  loss -0.23954  pos_mean 0.80073  neg_std 0.09477  liFPR@95 0.00864   yoFPR@95 0.00876
  epoch 197  batchsize 1024  loss -0.23891  pos_mean 0.80111  neg_std 0.09480  liFPR@95 0.00900   yoFPR@95 0.00808
  epoch 198  batchsize 1024  loss -0.23889  pos_mean 0.80094  neg_std 0.09480  liFPR@95 0.00886   yoFPR@95 0.00832
  epoch 199  batchsize 1024  loss -0.23889  pos_mean 0.80074  neg_std 0.09474  liFPR@95 0.00864   yoFPR@95 0.00924
