
  epoch 0  batchsize 1024  loss -0.05323  pos_mean 0.85126  neg_std 0.13456   liFPR@95 0.08024   noFPR@95 0.02648
  epoch 1  batchsize 1024  loss -0.14182  pos_mean 0.81787  neg_std 0.11079   liFPR@95 0.04726   noFPR@95 0.01556
  epoch 2  batchsize 1024  loss -0.25214  pos_mean 0.81580  neg_std 0.10391   liFPR@95 0.04244   noFPR@95 0.01364
  epoch 3  batchsize 1024  loss -0.34799  pos_mean 0.81232  neg_std 0.10202   liFPR@95 0.03572   noFPR@95 0.01062
  epoch 4  batchsize 1024  loss -0.40583  pos_mean 0.81005  neg_std 0.10114   liFPR@95 0.03790   noFPR@95 0.01340
  epoch 5  batchsize 1024  loss -0.43279  pos_mean 0.80851  neg_std 0.10059   liFPR@95 0.03982   noFPR@95 0.01188
  epoch 6  batchsize 1024  loss -0.44535  pos_mean 0.80691  neg_std 0.10001   liFPR@95 0.03428   noFPR@95 0.01056
  epoch 7  batchsize 1024  loss -0.45354  pos_mean 0.80427  neg_std 0.09939   liFPR@95 0.03608   noFPR@95 0.00996
  epoch 8  batchsize 1024  loss -0.45572  pos_mean 0.80401  neg_std 0.09923   liFPR@95 0.03878   noFPR@95 0.01014
  epoch 9  batchsize 1024  loss -0.45717  pos_mean 0.80367  neg_std 0.09907   liFPR@95 0.03244   noFPR@95 0.00956
  epoch 10  batchsize 1024  loss -0.45808  pos_mean 0.80316  neg_std 0.09894   liFPR@95 0.03204   noFPR@95 0.00878
  epoch 11  batchsize 1024  loss -0.45907  pos_mean 0.80257  neg_std 0.09877   liFPR@95 0.03524   noFPR@95 0.00976
  epoch 12  batchsize 1024  loss -0.45888  pos_mean 0.80240  neg_std 0.09878   liFPR@95 0.03118   noFPR@95 0.00942
  epoch 13  batchsize 1024  loss -0.45953  pos_mean 0.80188  neg_std 0.09872   liFPR@95 0.03384   noFPR@95 0.00938
  epoch 14  batchsize 1024  loss -0.45972  pos_mean 0.80167  neg_std 0.09868   liFPR@95 0.03154   noFPR@95 0.00858
  epoch 15  batchsize 1024  loss -0.45972  pos_mean 0.80191  neg_std 0.09864   liFPR@95 0.03712   noFPR@95 0.01060
  epoch 16  batchsize 1024  loss -0.45994  pos_mean 0.80165  neg_std 0.09863   liFPR@95 0.03534   noFPR@95 0.01036
  epoch 17  batchsize 1024  loss -0.46026  pos_mean 0.80083  neg_std 0.09865   liFPR@95 0.03890   noFPR@95 0.01010
  epoch 18  batchsize 1024  loss -0.46011  pos_mean 0.80170  neg_std 0.09858   liFPR@95 0.04154   noFPR@95 0.01104
  epoch 19  batchsize 1024  loss -0.46031  pos_mean 0.80108  neg_std 0.09858   liFPR@95 0.03340   noFPR@95 0.01008
  epoch 20  batchsize 1024  loss -0.10895  pos_mean 0.80492  neg_std 0.09975   liFPR@95 0.02980   noFPR@95 0.01136
  epoch 21  batchsize 1024  loss -0.15724  pos_mean 0.81256  neg_std 0.10338   liFPR@95 0.03352   noFPR@95 0.01122
  epoch 22  batchsize 1024  loss -0.17882  pos_mean 0.81230  neg_std 0.10432   liFPR@95 0.02892   noFPR@95 0.00948
  epoch 23  batchsize 1024  loss -0.18971  pos_mean 0.81053  neg_std 0.10454   liFPR@95 0.03292   noFPR@95 0.00996
  epoch 24  batchsize 1024  loss -0.19528  pos_mean 0.80970  neg_std 0.10459   liFPR@95 0.02812   noFPR@95 0.00902
  epoch 25  batchsize 1024  loss -0.19883  pos_mean 0.80891  neg_std 0.10435   liFPR@95 0.03056   noFPR@95 0.00982
  epoch 26  batchsize 1024  loss -0.20070  pos_mean 0.80835  neg_std 0.10436   liFPR@95 0.03260   noFPR@95 0.00980
  epoch 27  batchsize 1024  loss -0.20133  pos_mean 0.80898  neg_std 0.10432   liFPR@95 0.02674   noFPR@95 0.01002
  epoch 28  batchsize 1024  loss -0.20140  pos_mean 0.80894  neg_std 0.10425   liFPR@95 0.02936   noFPR@95 0.00830
  epoch 29  batchsize 1024  loss -0.20179  pos_mean 0.80868  neg_std 0.10418   liFPR@95 0.02586   noFPR@95 0.00872
  epoch 30  batchsize 1024  loss -0.20186  pos_mean 0.81012  neg_std 0.10394   liFPR@95 0.02846   noFPR@95 0.00866
  epoch 31  batchsize 1024  loss -0.20233  pos_mean 0.80922  neg_std 0.10387   liFPR@95 0.02688   noFPR@95 0.00774
  epoch 32  batchsize 1024  loss -0.20307  pos_mean 0.81001  neg_std 0.10392   liFPR@95 0.03074   noFPR@95 0.00934
  epoch 33  batchsize 1024  loss -0.20217  pos_mean 0.80961  neg_std 0.10388   liFPR@95 0.02394   noFPR@95 0.00766
  epoch 34  batchsize 1024  loss -0.20247  pos_mean 0.80972  neg_std 0.10392   liFPR@95 0.02994   noFPR@95 0.00982
  epoch 35  batchsize 1024  loss -0.20222  pos_mean 0.80982  neg_std 0.10394   liFPR@95 0.03356   noFPR@95 0.00936
  epoch 36  batchsize 1024  loss -0.20234  pos_mean 0.80940  neg_std 0.10383   liFPR@95 0.02600   noFPR@95 0.00830
  epoch 37  batchsize 1024  loss -0.20340  pos_mean 0.80914  neg_std 0.10383   liFPR@95 0.02490   noFPR@95 0.00840
  epoch 38  batchsize 1024  loss -0.20346  pos_mean 0.80993  neg_std 0.10382   liFPR@95 0.03240   noFPR@95 0.00866
  epoch 39  batchsize 1024  loss -0.20268  pos_mean 0.80980  neg_std 0.10385   liFPR@95 0.02882   noFPR@95 0.00856
  epoch 40  batchsize 1024  loss -0.20610  pos_mean 0.80332  neg_std 0.10115   liFPR@95 0.02534   noFPR@95 0.00626
  epoch 41  batchsize 1024  loss -0.21586  pos_mean 0.80251  neg_std 0.10136   liFPR@95 0.02224   noFPR@95 0.00640
  epoch 42  batchsize 1024  loss -0.21801  pos_mean 0.80296  neg_std 0.10142   liFPR@95 0.02454   noFPR@95 0.00732
  epoch 43  batchsize 1024  loss -0.21714  pos_mean 0.80298  neg_std 0.10145   liFPR@95 0.02266   noFPR@95 0.00650
  epoch 44  batchsize 1024  loss -0.21715  pos_mean 0.80271  neg_std 0.10154   liFPR@95 0.02640   noFPR@95 0.00710
  epoch 45  batchsize 1024  loss -0.21655  pos_mean 0.80252  neg_std 0.10153   liFPR@95 0.02622   noFPR@95 0.00792
  epoch 46  batchsize 1024  loss -0.21662  pos_mean 0.80228  neg_std 0.10145   liFPR@95 0.02434   noFPR@95 0.00752
  epoch 47  batchsize 1024  loss -0.21725  pos_mean 0.80297  neg_std 0.10144   liFPR@95 0.03312   noFPR@95 0.00832
  epoch 48  batchsize 1024  loss -0.21671  pos_mean 0.80294  neg_std 0.10144   liFPR@95 0.02668   noFPR@95 0.00752
  epoch 49  batchsize 1024  loss -0.21709  pos_mean 0.80266  neg_std 0.10133   liFPR@95 0.02540   noFPR@95 0.00640
  epoch 50  batchsize 1024  loss -0.21774  pos_mean 0.80244  neg_std 0.10125   liFPR@95 0.02308   noFPR@95 0.00662
  epoch 51  batchsize 1024  loss -0.21753  pos_mean 0.80290  neg_std 0.10135   liFPR@95 0.02652   noFPR@95 0.00660
  epoch 52  batchsize 1024  loss -0.21721  pos_mean 0.80301  neg_std 0.10136   liFPR@95 0.02518   noFPR@95 0.00720
  epoch 53  batchsize 1024  loss -0.21711  pos_mean 0.80265  neg_std 0.10134   liFPR@95 0.02164   noFPR@95 0.00684
  epoch 54  batchsize 1024  loss -0.21762  pos_mean 0.80235  neg_std 0.10138   liFPR@95 0.02160   noFPR@95 0.00664
  epoch 55  batchsize 1024  loss -0.21742  pos_mean 0.80334  neg_std 0.10129   liFPR@95 0.02052   noFPR@95 0.00658
  epoch 56  batchsize 1024  loss -0.21686  pos_mean 0.80223  neg_std 0.10132   liFPR@95 0.02422   noFPR@95 0.00702
  epoch 57  batchsize 1024  loss -0.21810  pos_mean 0.80250  neg_std 0.10127   liFPR@95 0.02240   noFPR@95 0.00636
  epoch 58  batchsize 1024  loss -0.21794  pos_mean 0.80287  neg_std 0.10129   liFPR@95 0.02862   noFPR@95 0.00764
  epoch 59  batchsize 1024  loss -0.21778  pos_mean 0.80258  neg_std 0.10129   liFPR@95 0.02418   noFPR@95 0.00694
  epoch 60  batchsize 1024  loss -0.21961  pos_mean 0.79717  neg_std 0.09925   liFPR@95 0.01854   noFPR@95 0.00536
  epoch 61  batchsize 1024  loss -0.22883  pos_mean 0.79631  neg_std 0.09927   liFPR@95 0.01900   noFPR@95 0.00576
  epoch 62  batchsize 1024  loss -0.23047  pos_mean 0.79642  neg_std 0.09942   liFPR@95 0.01872   noFPR@95 0.00590
  epoch 63  batchsize 1024  loss -0.23066  pos_mean 0.79639  neg_std 0.09943   liFPR@95 0.01944   noFPR@95 0.00662
  epoch 64  batchsize 1024  loss -0.23072  pos_mean 0.79662  neg_std 0.09943   liFPR@95 0.02226   noFPR@95 0.00576
  epoch 65  batchsize 1024  loss -0.22968  pos_mean 0.79697  neg_std 0.09946   liFPR@95 0.01814   noFPR@95 0.00560
  epoch 66  batchsize 1024  loss -0.22907  pos_mean 0.79717  neg_std 0.09947   liFPR@95 0.02210   noFPR@95 0.00600
  epoch 67  batchsize 1024  loss -0.22895  pos_mean 0.79747  neg_std 0.09941   liFPR@95 0.02096   noFPR@95 0.00618
  epoch 68  batchsize 1024  loss -0.22895  pos_mean 0.79694  neg_std 0.09940   liFPR@95 0.02050   noFPR@95 0.00612
  epoch 69  batchsize 1024  loss -0.22911  pos_mean 0.79700  neg_std 0.09940   liFPR@95 0.01816   noFPR@95 0.00612
  epoch 70  batchsize 1024  loss -0.22899  pos_mean 0.79696  neg_std 0.09936   liFPR@95 0.02270   noFPR@95 0.00716
  epoch 71  batchsize 1024  loss -0.22999  pos_mean 0.79742  neg_std 0.09934   liFPR@95 0.02136   noFPR@95 0.00656
  epoch 72  batchsize 1024  loss -0.22932  pos_mean 0.79711  neg_std 0.09924   liFPR@95 0.02510   noFPR@95 0.00754
  epoch 73  batchsize 1024  loss -0.22917  pos_mean 0.79704  neg_std 0.09926   liFPR@95 0.01976   noFPR@95 0.00602
  epoch 74  batchsize 1024  loss -0.22960  pos_mean 0.79727  neg_std 0.09918   liFPR@95 0.02052   noFPR@95 0.00620
  epoch 75  batchsize 1024  loss -0.22932  pos_mean 0.79715  neg_std 0.09920   liFPR@95 0.02012   noFPR@95 0.00626
  epoch 76  batchsize 1024  loss -0.22979  pos_mean 0.79702  neg_std 0.09917   liFPR@95 0.01960   noFPR@95 0.00568
  epoch 77  batchsize 1024  loss -0.22976  pos_mean 0.79746  neg_std 0.09919   liFPR@95 0.01698   noFPR@95 0.00630
  epoch 78  batchsize 1024  loss -0.22981  pos_mean 0.79672  neg_std 0.09910   liFPR@95 0.01848   noFPR@95 0.00508
  epoch 79  batchsize 1024  loss -0.23058  pos_mean 0.79699  neg_std 0.09902   liFPR@95 0.01942   noFPR@95 0.00530
  epoch 80  batchsize 1024  loss -0.23126  pos_mean 0.79324  neg_std 0.09762   liFPR@95 0.01800   noFPR@95 0.00560
  epoch 81  batchsize 1024  loss -0.23797  pos_mean 0.79224  neg_std 0.09756   liFPR@95 0.01922   noFPR@95 0.00474
  epoch 82  batchsize 1024  loss -0.24067  pos_mean 0.79205  neg_std 0.09758   liFPR@95 0.02008   noFPR@95 0.00586
  epoch 83  batchsize 1024  loss -0.24070  pos_mean 0.79210  neg_std 0.09757   liFPR@95 0.01808   noFPR@95 0.00588
  epoch 84  batchsize 1024  loss -0.24061  pos_mean 0.79239  neg_std 0.09765   liFPR@95 0.01776   noFPR@95 0.00510
  epoch 85  batchsize 1024  loss -0.23997  pos_mean 0.79193  neg_std 0.09764   liFPR@95 0.01864   noFPR@95 0.00558
  epoch 86  batchsize 1024  loss -0.23964  pos_mean 0.79169  neg_std 0.09777   liFPR@95 0.01886   noFPR@95 0.00568
  epoch 87  batchsize 1024  loss -0.24084  pos_mean 0.79255  neg_std 0.09767   liFPR@95 0.02024   noFPR@95 0.00540
  epoch 88  batchsize 1024  loss -0.23959  pos_mean 0.79246  neg_std 0.09771   liFPR@95 0.01682   noFPR@95 0.00564
  epoch 89  batchsize 1024  loss -0.23976  pos_mean 0.79271  neg_std 0.09774   liFPR@95 0.01842   noFPR@95 0.00552
  epoch 90  batchsize 1024  loss -0.23950  pos_mean 0.79264  neg_std 0.09773   liFPR@95 0.02152   noFPR@95 0.00624
  epoch 91  batchsize 1024  loss -0.23971  pos_mean 0.79312  neg_std 0.09772   liFPR@95 0.01744   noFPR@95 0.00518
  epoch 92  batchsize 1024  loss -0.23931  pos_mean 0.79345  neg_std 0.09774   liFPR@95 0.01696   noFPR@95 0.00554
  epoch 93  batchsize 1024  loss -0.23918  pos_mean 0.79265  neg_std 0.09771   liFPR@95 0.01892   noFPR@95 0.00568
  epoch 94  batchsize 1024  loss -0.23967  pos_mean 0.79330  neg_std 0.09774   liFPR@95 0.01930   noFPR@95 0.00616
  epoch 95  batchsize 1024  loss -0.23894  pos_mean 0.79375  neg_std 0.09772   liFPR@95 0.02082   noFPR@95 0.00606
  epoch 96  batchsize 1024  loss -0.23849  pos_mean 0.79305  neg_std 0.09775   liFPR@95 0.02026   noFPR@95 0.00558
  epoch 97  batchsize 1024  loss -0.23906  pos_mean 0.79307  neg_std 0.09770   liFPR@95 0.01826   noFPR@95 0.00538
  epoch 98  batchsize 1024  loss -0.23918  pos_mean 0.79323  neg_std 0.09773   liFPR@95 0.01582   noFPR@95 0.00496
  epoch 99  batchsize 1024  loss -0.23940  pos_mean 0.79299  neg_std 0.09770   liFPR@95 0.01958   noFPR@95 0.00596
  epoch 100  batchsize 1024  loss -0.24063  pos_mean 0.79023  neg_std 0.09664   liFPR@95 0.01678   noFPR@95 0.00556
  epoch 101  batchsize 1024  loss -0.24536  pos_mean 0.78905  neg_std 0.09655   liFPR@95 0.01782   noFPR@95 0.00550
  epoch 102  batchsize 1024  loss -0.24788  pos_mean 0.78965  neg_std 0.09653   liFPR@95 0.01758   noFPR@95 0.00552
  epoch 103  batchsize 1024  loss -0.24738  pos_mean 0.78903  neg_std 0.09652   liFPR@95 0.01512   noFPR@95 0.00542
  epoch 104  batchsize 1024  loss -0.24756  pos_mean 0.78941  neg_std 0.09655   liFPR@95 0.01536   noFPR@95 0.00524
  epoch 105  batchsize 1024  loss -0.24747  pos_mean 0.78903  neg_std 0.09655   liFPR@95 0.01626   noFPR@95 0.00538
  epoch 106  batchsize 1024  loss -0.24767  pos_mean 0.78908  neg_std 0.09664   liFPR@95 0.01708   noFPR@95 0.00526
  epoch 107  batchsize 1024  loss -0.24769  pos_mean 0.78926  neg_std 0.09661   liFPR@95 0.01642   noFPR@95 0.00518
  epoch 108  batchsize 1024  loss -0.24758  pos_mean 0.78943  neg_std 0.09662   liFPR@95 0.01762   noFPR@95 0.00534
  epoch 109  batchsize 1024  loss -0.24773  pos_mean 0.78953  neg_std 0.09662   liFPR@95 0.01762   noFPR@95 0.00488
  epoch 110  batchsize 1024  loss -0.24779  pos_mean 0.78931  neg_std 0.09657   liFPR@95 0.01652   noFPR@95 0.00576
  epoch 111  batchsize 1024  loss -0.24671  pos_mean 0.78937  neg_std 0.09671   liFPR@95 0.01830   noFPR@95 0.00568
  epoch 112  batchsize 1024  loss -0.24718  pos_mean 0.78911  neg_std 0.09671   liFPR@95 0.01768   noFPR@95 0.00538
  epoch 113  batchsize 1024  loss -0.24759  pos_mean 0.78928  neg_std 0.09668   liFPR@95 0.01636   noFPR@95 0.00542
  epoch 114  batchsize 1024  loss -0.24744  pos_mean 0.78966  neg_std 0.09667   liFPR@95 0.01580   noFPR@95 0.00522
  epoch 115  batchsize 1024  loss -0.24715  pos_mean 0.78996  neg_std 0.09665   liFPR@95 0.01768   noFPR@95 0.00528
  epoch 116  batchsize 1024  loss -0.24706  pos_mean 0.78963  neg_std 0.09670   liFPR@95 0.01756   noFPR@95 0.00610
  epoch 117  batchsize 1024  loss -0.24725  pos_mean 0.79003  neg_std 0.09667   liFPR@95 0.01838   noFPR@95 0.00544
  epoch 118  batchsize 1024  loss -0.24646  pos_mean 0.79031  neg_std 0.09668   liFPR@95 0.01740   noFPR@95 0.00566
  epoch 119  batchsize 1024  loss -0.24670  pos_mean 0.78965  neg_std 0.09667   liFPR@95 0.01782   noFPR@95 0.00544
  epoch 120  batchsize 1024  loss -0.24719  pos_mean 0.78782  neg_std 0.09597   liFPR@95 0.01586   noFPR@95 0.00472
  epoch 121  batchsize 1024  loss -0.25195  pos_mean 0.78720  neg_std 0.09591   liFPR@95 0.01456   noFPR@95 0.00522
  epoch 122  batchsize 1024  loss -0.25341  pos_mean 0.78659  neg_std 0.09589   liFPR@95 0.01522   noFPR@95 0.00526
  epoch 123  batchsize 1024  loss -0.25393  pos_mean 0.78663  neg_std 0.09587   liFPR@95 0.01604   noFPR@95 0.00486
  epoch 124  batchsize 1024  loss -0.25385  pos_mean 0.78686  neg_std 0.09590   liFPR@95 0.01596   noFPR@95 0.00492
  epoch 125  batchsize 1024  loss -0.25336  pos_mean 0.78678  neg_std 0.09586   liFPR@95 0.01498   noFPR@95 0.00492
  epoch 126  batchsize 1024  loss -0.25267  pos_mean 0.78704  neg_std 0.09585   liFPR@95 0.01600   noFPR@95 0.00530
  epoch 127  batchsize 1024  loss -0.25339  pos_mean 0.78701  neg_std 0.09583   liFPR@95 0.01502   noFPR@95 0.00524
  epoch 128  batchsize 1024  loss -0.25335  pos_mean 0.78723  neg_std 0.09591   liFPR@95 0.01650   noFPR@95 0.00516
  epoch 129  batchsize 1024  loss -0.25303  pos_mean 0.78697  neg_std 0.09591   liFPR@95 0.01556   noFPR@95 0.00514
  epoch 130  batchsize 1024  loss -0.25287  pos_mean 0.78733  neg_std 0.09592   liFPR@95 0.01700   noFPR@95 0.00538
  epoch 131  batchsize 1024  loss -0.25287  pos_mean 0.78689  neg_std 0.09589   liFPR@95 0.01704   noFPR@95 0.00516
  epoch 132  batchsize 1024  loss -0.25348  pos_mean 0.78742  neg_std 0.09590   liFPR@95 0.01542   noFPR@95 0.00486
  epoch 133  batchsize 1024  loss -0.25324  pos_mean 0.78745  neg_std 0.09588   liFPR@95 0.01478   noFPR@95 0.00522
  epoch 134  batchsize 1024  loss -0.25324  pos_mean 0.78725  neg_std 0.09594   liFPR@95 0.01586   noFPR@95 0.00536
  epoch 135  batchsize 1024  loss -0.25358  pos_mean 0.78737  neg_std 0.09592   liFPR@95 0.01604   noFPR@95 0.00502
  epoch 136  batchsize 1024  loss -0.25322  pos_mean 0.78690  neg_std 0.09595   liFPR@95 0.01606   noFPR@95 0.00494
  epoch 137  batchsize 1024  loss -0.25377  pos_mean 0.78701  neg_std 0.09595   liFPR@95 0.01562   noFPR@95 0.00542
  epoch 138  batchsize 1024  loss -0.25339  pos_mean 0.78739  neg_std 0.09593   liFPR@95 0.01492   noFPR@95 0.00482
  epoch 139  batchsize 1024  loss -0.25310  pos_mean 0.78698  neg_std 0.09596   liFPR@95 0.01826   noFPR@95 0.00532
  epoch 140  batchsize 1024  loss -0.25370  pos_mean 0.78615  neg_std 0.09550   liFPR@95 0.01514   noFPR@95 0.00484
  epoch 141  batchsize 1024  loss -0.25544  pos_mean 0.78554  neg_std 0.09544   liFPR@95 0.01680   noFPR@95 0.00506
  epoch 142  batchsize 1024  loss -0.25706  pos_mean 0.78548  neg_std 0.09538   liFPR@95 0.01476   noFPR@95 0.00500
  epoch 143  batchsize 1024  loss -0.25712  pos_mean 0.78541  neg_std 0.09538   liFPR@95 0.01564   noFPR@95 0.00512
  epoch 144  batchsize 1024  loss -0.25852  pos_mean 0.78555  neg_std 0.09537   liFPR@95 0.01574   noFPR@95 0.00516
  epoch 145  batchsize 1024  loss -0.25760  pos_mean 0.78512  neg_std 0.09541   liFPR@95 0.01540   noFPR@95 0.00498
  epoch 146  batchsize 1024  loss -0.25770  pos_mean 0.78506  neg_std 0.09537   liFPR@95 0.01580   noFPR@95 0.00486
  epoch 147  batchsize 1024  loss -0.25861  pos_mean 0.78536  neg_std 0.09537   liFPR@95 0.01498   noFPR@95 0.00506
  epoch 148  batchsize 1024  loss -0.25739  pos_mean 0.78543  neg_std 0.09535   liFPR@95 0.01648   noFPR@95 0.00526
  epoch 149  batchsize 1024  loss -0.25759  pos_mean 0.78545  neg_std 0.09536   liFPR@95 0.01602   noFPR@95 0.00518
  epoch 150  batchsize 1024  loss -0.25772  pos_mean 0.78551  neg_std 0.09536   liFPR@95 0.01560   noFPR@95 0.00506
  epoch 151  batchsize 1024  loss -0.25788  pos_mean 0.78593  neg_std 0.09537   liFPR@95 0.01504   noFPR@95 0.00530
  epoch 152  batchsize 1024  loss -0.25764  pos_mean 0.78586  neg_std 0.09539   liFPR@95 0.01646   noFPR@95 0.00508
  epoch 153  batchsize 1024  loss -0.25690  pos_mean 0.78585  neg_std 0.09536   liFPR@95 0.01450   noFPR@95 0.00464
  epoch 154  batchsize 1024  loss -0.25698  pos_mean 0.78625  neg_std 0.09537   liFPR@95 0.01574   noFPR@95 0.00488
  epoch 155  batchsize 1024  loss -0.25775  pos_mean 0.78555  neg_std 0.09537   liFPR@95 0.01680   noFPR@95 0.00508
  epoch 156  batchsize 1024  loss -0.25742  pos_mean 0.78532  neg_std 0.09542   liFPR@95 0.01576   noFPR@95 0.00494
  epoch 157  batchsize 1024  loss -0.25847  pos_mean 0.78574  neg_std 0.09536   liFPR@95 0.01600   noFPR@95 0.00510
  epoch 158  batchsize 1024  loss -0.25775  pos_mean 0.78580  neg_std 0.09536   liFPR@95 0.01652   noFPR@95 0.00528
  epoch 159  batchsize 1024  loss -0.25774  pos_mean 0.78584  neg_std 0.09539   liFPR@95 0.01600   noFPR@95 0.00456
  epoch 160  batchsize 1024  loss -0.25799  pos_mean 0.78527  neg_std 0.09505   liFPR@95 0.01608   noFPR@95 0.00466
  epoch 161  batchsize 1024  loss -0.25902  pos_mean 0.78469  neg_std 0.09507   liFPR@95 0.01568   noFPR@95 0.00466
  epoch 162  batchsize 1024  loss -0.26007  pos_mean 0.78490  neg_std 0.09504   liFPR@95 0.01550   noFPR@95 0.00482
  epoch 163  batchsize 1024  loss -0.26019  pos_mean 0.78487  neg_std 0.09504   liFPR@95 0.01510   noFPR@95 0.00480
  epoch 164  batchsize 1024  loss -0.26024  pos_mean 0.78471  neg_std 0.09501   liFPR@95 0.01610   noFPR@95 0.00456
  epoch 165  batchsize 1024  loss -0.26039  pos_mean 0.78413  neg_std 0.09504   liFPR@95 0.01500   noFPR@95 0.00476
  epoch 166  batchsize 1024  loss -0.26086  pos_mean 0.78453  neg_std 0.09501   liFPR@95 0.01576   noFPR@95 0.00500
  epoch 167  batchsize 1024  loss -0.26129  pos_mean 0.78466  neg_std 0.09497   liFPR@95 0.01576   noFPR@95 0.00480
  epoch 168  batchsize 1024  loss -0.26099  pos_mean 0.78366  neg_std 0.09501   liFPR@95 0.01584   noFPR@95 0.00508
  epoch 169  batchsize 1024  loss -0.26189  pos_mean 0.78452  neg_std 0.09498   liFPR@95 0.01610   noFPR@95 0.00480
  epoch 170  batchsize 1024  loss -0.26058  pos_mean 0.78417  neg_std 0.09503   liFPR@95 0.01596   noFPR@95 0.00468
  epoch 171  batchsize 1024  loss -0.26079  pos_mean 0.78460  neg_std 0.09501   liFPR@95 0.01592   noFPR@95 0.00462
  epoch 172  batchsize 1024  loss -0.26077  pos_mean 0.78448  neg_std 0.09501   liFPR@95 0.01562   noFPR@95 0.00506
  epoch 173  batchsize 1024  loss -0.26032  pos_mean 0.78471  neg_std 0.09502   liFPR@95 0.01406   noFPR@95 0.00458
  epoch 174  batchsize 1024  loss -0.26035  pos_mean 0.78445  neg_std 0.09502   liFPR@95 0.01580   noFPR@95 0.00504
  epoch 175  batchsize 1024  loss -0.26121  pos_mean 0.78394  neg_std 0.09507   liFPR@95 0.01456   noFPR@95 0.00446
  epoch 176  batchsize 1024  loss -0.26167  pos_mean 0.78425  neg_std 0.09501   liFPR@95 0.01484   noFPR@95 0.00482
  epoch 177  batchsize 1024  loss -0.26124  pos_mean 0.78495  neg_std 0.09499   liFPR@95 0.01664   noFPR@95 0.00528
  epoch 178  batchsize 1024  loss -0.26029  pos_mean 0.78462  neg_std 0.09498   liFPR@95 0.01450   noFPR@95 0.00500
  epoch 179  batchsize 1024  loss -0.26051  pos_mean 0.78472  neg_std 0.09500   liFPR@95 0.01522   noFPR@95 0.00492
  epoch 180  batchsize 1024  loss -0.26113  pos_mean 0.78422  neg_std 0.09486   liFPR@95 0.01512   noFPR@95 0.00494
  epoch 181  batchsize 1024  loss -0.26262  pos_mean 0.78325  neg_std 0.09480   liFPR@95 0.01538   noFPR@95 0.00520
  epoch 182  batchsize 1024  loss -0.26256  pos_mean 0.78344  neg_std 0.09481   liFPR@95 0.01522   noFPR@95 0.00470
  epoch 183  batchsize 1024  loss -0.26287  pos_mean 0.78372  neg_std 0.09483   liFPR@95 0.01646   noFPR@95 0.00508
  epoch 184  batchsize 1024  loss -0.26326  pos_mean 0.78349  neg_std 0.09482   liFPR@95 0.01636   noFPR@95 0.00530
  epoch 185  batchsize 1024  loss -0.26289  pos_mean 0.78370  neg_std 0.09479   liFPR@95 0.01600   noFPR@95 0.00502
  epoch 186  batchsize 1024  loss -0.26235  pos_mean 0.78370  neg_std 0.09477   liFPR@95 0.01584   noFPR@95 0.00476
  epoch 187  batchsize 1024  loss -0.26307  pos_mean 0.78388  neg_std 0.09477   liFPR@95 0.01480   noFPR@95 0.00494
  epoch 188  batchsize 1024  loss -0.26229  pos_mean 0.78405  neg_std 0.09477   liFPR@95 0.01456   noFPR@95 0.00478
  epoch 189  batchsize 1024  loss -0.26225  pos_mean 0.78395  neg_std 0.09482   liFPR@95 0.01552   noFPR@95 0.00488
  epoch 190  batchsize 1024  loss -0.26226  pos_mean 0.78365  neg_std 0.09479   liFPR@95 0.01498   noFPR@95 0.00472
  epoch 191  batchsize 1024  loss -0.26314  pos_mean 0.78407  neg_std 0.09481   liFPR@95 0.01530   noFPR@95 0.00482
  epoch 192  batchsize 1024  loss -0.26188  pos_mean 0.78382  neg_std 0.09481   liFPR@95 0.01628   noFPR@95 0.00488
  epoch 193  batchsize 1024  loss -0.26258  pos_mean 0.78428  neg_std 0.09477   liFPR@95 0.01528   noFPR@95 0.00488
  epoch 194  batchsize 1024  loss -0.26194  pos_mean 0.78399  neg_std 0.09480   liFPR@95 0.01560   noFPR@95 0.00500
  epoch 195  batchsize 1024  loss -0.26263  pos_mean 0.78360  neg_std 0.09479   liFPR@95 0.01536   noFPR@95 0.00472
  epoch 196  batchsize 1024  loss -0.26311  pos_mean 0.78374  neg_std 0.09480   liFPR@95 0.01510   noFPR@95 0.00498
  epoch 197  batchsize 1024  loss -0.26335  pos_mean 0.78347  neg_std 0.09480   liFPR@95 0.01560   noFPR@95 0.00518
  epoch 198  batchsize 1024  loss -0.26320  pos_mean 0.78351  neg_std 0.09481   liFPR@95 0.01502   noFPR@95 0.00504
  epoch 199  batchsize 1024  loss -0.26304  pos_mean 0.78354  neg_std 0.09480   liFPR@95 0.01488   noFPR@95 0.00456