  epoch 0  diff_mean -0.21035  diff_std 0.26917  pos_mean 0.85401  neg_mean 1.06436  pos_power 1024.00000  neg_power 1024.00000  pos_std 0.25632  neg_std 0.09215
  epoch 1  diff_mean -0.29459  diff_std 0.26778  pos_mean 0.83462  neg_mean 1.12921  pos_power 1024.00000  neg_power 1024.00000  pos_std 0.25198  neg_std 0.09642
  epoch 2  diff_mean -0.31167  diff_std 0.26738  pos_mean 0.82997  neg_mean 1.14164  pos_power 1024.00000  neg_power 1024.00000  pos_std 0.25075  neg_std 0.09867
  epoch 3  diff_mean -0.32122  diff_std 0.26726  pos_mean 0.82392  neg_mean 1.14514  pos_power 1024.00000  neg_power 1024.00000  pos_std 0.25020  neg_std 0.09999
  epoch 4  diff_mean -0.32678  diff_std 0.26690  pos_mean 0.82014  neg_mean 1.14692  pos_power 1024.00000  neg_power 1024.00000  pos_std 0.24931  neg_std 0.10067
  epoch 5  diff_mean -0.32998  diff_std 0.26600  pos_mean 0.81714  neg_mean 1.14712  pos_power 1024.00000  neg_power 1024.00000  pos_std 0.24837  neg_std 0.10169
  epoch 6  diff_mean -0.33234  diff_std 0.26621  pos_mean 0.81589  neg_mean 1.14823  pos_power 1024.00000  neg_power 1024.00000  pos_std 0.24837  neg_std 0.10178
  epoch 7  diff_mean -0.33370  diff_std 0.26526  pos_mean 0.81436  neg_mean 1.14805  pos_power 1024.00000  neg_power 1024.00000  pos_std 0.24711  neg_std 0.10167
  epoch 8  diff_mean -0.33410  diff_std 0.26563  pos_mean 0.81404  neg_mean 1.14814  pos_power 1024.00000  neg_power 1024.00000  pos_std 0.24744  neg_std 0.10215
  epoch 9  diff_mean -0.33459  diff_std 0.26572  pos_mean 0.81419  neg_mean 1.14878  pos_power 1024.00000  neg_power 1024.00000  pos_std 0.24757  neg_std 0.10173
  epoch 10  diff_mean -0.33552  diff_std 0.26512  pos_mean 0.81342  neg_mean 1.14894  pos_power 1024.00000  neg_power 1024.00000  pos_std 0.24688  neg_std 0.10223
  epoch 11  diff_mean -0.33592  diff_std 0.26541  pos_mean 0.81292  neg_mean 1.14884  pos_power 1024.00000  neg_power 1024.00000  pos_std 0.24698  neg_std 0.10251
  epoch 12  diff_mean -0.33585  diff_std 0.26501  pos_mean 0.81316  neg_mean 1.14900  pos_power 1024.00000  neg_power 1024.00000  pos_std 0.24681  neg_std 0.10220
  epoch 13  diff_mean -0.33643  diff_std 0.26508  pos_mean 0.81272  neg_mean 1.14915  pos_power 1024.00000  neg_power 1024.00000  pos_std 0.24656  neg_std 0.10231
  epoch 14  diff_mean -0.33714  diff_std 0.26508  pos_mean 0.81216  neg_mean 1.14930  pos_power 1024.00000  neg_power 1024.00000  pos_std 0.24674  neg_std 0.10206
  epoch 15  diff_mean -0.33706  diff_std 0.26492  pos_mean 0.81215  neg_mean 1.14922  pos_power 1024.00000  neg_power 1024.00000  pos_std 0.24664  neg_std 0.10207
  epoch 16  diff_mean -0.33702  diff_std 0.26483  pos_mean 0.81213  neg_mean 1.14914  pos_power 1024.00000  neg_power 1024.00000  pos_std 0.24643  neg_std 0.10198
  epoch 17  diff_mean -0.33693  diff_std 0.26503  pos_mean 0.81209  neg_mean 1.14902  pos_power 1024.00000  neg_power 1024.00000  pos_std 0.24675  neg_std 0.10221
  epoch 18  diff_mean -0.33810  diff_std 0.26469  pos_mean 0.81097  neg_mean 1.14906  pos_power 1024.00000  neg_power 1024.00000  pos_std 0.24635  neg_std 0.10225
  epoch 19  diff_mean -0.33790  diff_std 0.26449  pos_mean 0.81151  neg_mean 1.14940  pos_power 1024.00000  neg_power 1024.00000  pos_std 0.24606  neg_std 0.10175
  epoch 20  diff_mean -0.33595  diff_std 0.24677  pos_mean 0.81961  neg_mean 1.15556  pos_power 278.00491  neg_power 296.40866  pos_std 0.23160  neg_std 0.08890
  epoch 21  diff_mean -0.31419  diff_std 0.23985  pos_mean 0.82965  neg_mean 1.14383  pos_power 294.01206  neg_power 312.04522  pos_std 0.22534  neg_std 0.08708
  epoch 22  diff_mean -0.31215  diff_std 0.23702  pos_mean 0.82788  neg_mean 1.14003  pos_power 286.60425  neg_power 303.57016  pos_std 0.22231  neg_std 0.08720
  epoch 23  diff_mean -0.31264  diff_std 0.23617  pos_mean 0.82687  neg_mean 1.13950  pos_power 283.12378  neg_power 299.97322  pos_std 0.22148  neg_std 0.08718
  epoch 24  diff_mean -0.31295  diff_std 0.23504  pos_mean 0.82648  neg_mean 1.13943  pos_power 281.34619  neg_power 298.07703  pos_std 0.22025  neg_std 0.08700
  epoch 25  diff_mean -0.31301  diff_std 0.23477  pos_mean 0.82639  neg_mean 1.13941  pos_power 281.37072  neg_power 298.08878  pos_std 0.21975  neg_std 0.08690
  epoch 26  diff_mean -0.31337  diff_std 0.23417  pos_mean 0.82618  neg_mean 1.13955  pos_power 281.48769  neg_power 298.19738  pos_std 0.21930  neg_std 0.08693
  epoch 27  diff_mean -0.31433  diff_std 0.23340  pos_mean 0.82562  neg_mean 1.13995  pos_power 280.49009  neg_power 297.02481  pos_std 0.21845  neg_std 0.08673
  epoch 28  diff_mean -0.31367  diff_std 0.23312  pos_mean 0.82570  neg_mean 1.13937  pos_power 281.50844  neg_power 298.08787  pos_std 0.21829  neg_std 0.08692
  epoch 29  diff_mean -0.31417  diff_std 0.23323  pos_mean 0.82563  neg_mean 1.13980  pos_power 281.19131  neg_power 297.88488  pos_std 0.21835  neg_std 0.08617
  epoch 30  diff_mean -0.31369  diff_std 0.23287  pos_mean 0.82627  neg_mean 1.13996  pos_power 280.93016  neg_power 297.49525  pos_std 0.21804  neg_std 0.08658
  epoch 31  diff_mean -0.31301  diff_std 0.23306  pos_mean 0.82692  neg_mean 1.13993  pos_power 282.36381  neg_power 298.97756  pos_std 0.21805  neg_std 0.08653
  epoch 32  diff_mean -0.31297  diff_std 0.23259  pos_mean 0.82658  neg_mean 1.13955  pos_power 281.86437  neg_power 298.36625  pos_std 0.21780  neg_std 0.08660
  epoch 33  diff_mean -0.31330  diff_std 0.23255  pos_mean 0.82678  neg_mean 1.14008  pos_power 281.66009  neg_power 298.22447  pos_std 0.21763  neg_std 0.08638
  epoch 34  diff_mean -0.31316  diff_std 0.23224  pos_mean 0.82688  neg_mean 1.14004  pos_power 281.64347  neg_power 298.16025  pos_std 0.21744  neg_std 0.08631
  epoch 35  diff_mean -0.31364  diff_std 0.23205  pos_mean 0.82597  neg_mean 1.13962  pos_power 281.11719  neg_power 297.49050  pos_std 0.21720  neg_std 0.08642
  epoch 36  diff_mean -0.31342  diff_std 0.23192  pos_mean 0.82626  neg_mean 1.13967  pos_power 281.64812  neg_power 298.02809  pos_std 0.21698  neg_std 0.08662
  epoch 37  diff_mean -0.31285  diff_std 0.23173  pos_mean 0.82687  neg_mean 1.13973  pos_power 282.25253  neg_power 298.74009  pos_std 0.21687  neg_std 0.08643
  epoch 38  diff_mean -0.31363  diff_std 0.23178  pos_mean 0.82653  neg_mean 1.14016  pos_power 280.89328  neg_power 297.42850  pos_std 0.21696  neg_std 0.08605
  epoch 39  diff_mean -0.31350  diff_std 0.23163  pos_mean 0.82580  neg_mean 1.13930  pos_power 281.31669  neg_power 297.68388  pos_std 0.21676  neg_std 0.08625
  epoch 40  diff_mean -0.32914  diff_std 0.22981  pos_mean 0.82043  neg_mean 1.14957  pos_power 268.54222  neg_power 284.16319  pos_std 0.21501  neg_std 0.08599
  epoch 41  diff_mean -0.32925  diff_std 0.23005  pos_mean 0.81941  neg_mean 1.14867  pos_power 277.08697  neg_power 292.95231  pos_std 0.21458  neg_std 0.08610
  epoch 42  diff_mean -0.32870  diff_std 0.22974  pos_mean 0.81968  neg_mean 1.14838  pos_power 280.42050  neg_power 296.38650  pos_std 0.21421  neg_std 0.08613
  epoch 43  diff_mean -0.32867  diff_std 0.22939  pos_mean 0.81939  neg_mean 1.14806  pos_power 281.01278  neg_power 296.96072  pos_std 0.21384  neg_std 0.08602
  epoch 44  diff_mean -0.32819  diff_std 0.22930  pos_mean 0.82008  neg_mean 1.14826  pos_power 281.51463  neg_power 297.50612  pos_std 0.21370  neg_std 0.08609
  epoch 45  diff_mean -0.32837  diff_std 0.22941  pos_mean 0.81963  neg_mean 1.14799  pos_power 281.59103  neg_power 297.50763  pos_std 0.21363  neg_std 0.08618
  epoch 46  diff_mean -0.32809  diff_std 0.22935  pos_mean 0.81999  neg_mean 1.14808  pos_power 281.86719  neg_power 297.90619  pos_std 0.21361  neg_std 0.08602
  epoch 47  diff_mean -0.32875  diff_std 0.22881  pos_mean 0.81934  neg_mean 1.14810  pos_power 281.11950  neg_power 296.95647  pos_std 0.21327  neg_std 0.08600
  epoch 48  diff_mean -0.32826  diff_std 0.22889  pos_mean 0.81991  neg_mean 1.14817  pos_power 281.53384  neg_power 297.48434  pos_std 0.21317  neg_std 0.08599
  epoch 49  diff_mean -0.32892  diff_std 0.22869  pos_mean 0.81928  neg_mean 1.14819  pos_power 281.45934  neg_power 297.32469  pos_std 0.21308  neg_std 0.08604
  epoch 50  diff_mean -0.32838  diff_std 0.22888  pos_mean 0.81956  neg_mean 1.14794  pos_power 281.97525  neg_power 297.85897  pos_std 0.21309  neg_std 0.08622
  epoch 51  diff_mean -0.32819  diff_std 0.22879  pos_mean 0.81993  neg_mean 1.14813  pos_power 281.91531  neg_power 297.85634  pos_std 0.21301  neg_std 0.08608
  epoch 52  diff_mean -0.32842  diff_std 0.22846  pos_mean 0.81972  neg_mean 1.14814  pos_power 281.29509  neg_power 297.19909  pos_std 0.21277  neg_std 0.08596
  epoch 53  diff_mean -0.32815  diff_std 0.22806  pos_mean 0.81997  neg_mean 1.14812  pos_power 281.67841  neg_power 297.56609  pos_std 0.21255  neg_std 0.08574
  epoch 54  diff_mean -0.32862  diff_std 0.22819  pos_mean 0.81922  neg_mean 1.14784  pos_power 281.07816  neg_power 296.83391  pos_std 0.21239  neg_std 0.08590
  epoch 55  diff_mean -0.32853  diff_std 0.22820  pos_mean 0.81918  neg_mean 1.14772  pos_power 281.77041  neg_power 297.57784  pos_std 0.21239  neg_std 0.08601
  epoch 56  diff_mean -0.32841  diff_std 0.22803  pos_mean 0.81904  neg_mean 1.14745  pos_power 281.83031  neg_power 297.49259  pos_std 0.21219  neg_std 0.08628
  epoch 57  diff_mean -0.32801  diff_std 0.22822  pos_mean 0.81963  neg_mean 1.14764  pos_power 281.90819  neg_power 297.71841  pos_std 0.21228  neg_std 0.08641
  epoch 58  diff_mean -0.32848  diff_std 0.22801  pos_mean 0.81935  neg_mean 1.14783  pos_power 281.05381  neg_power 296.85794  pos_std 0.21219  neg_std 0.08609
  epoch 59  diff_mean -0.32857  diff_std 0.22778  pos_mean 0.81901  neg_mean 1.14758  pos_power 281.39294  neg_power 297.17416  pos_std 0.21203  neg_std 0.08584
  epoch 60  diff_mean -0.33977  diff_std 0.22658  pos_mean 0.81447  neg_mean 1.15424  pos_power 272.27556  neg_power 287.44659  pos_std 0.21089  neg_std 0.08599
  epoch 61  diff_mean -0.34153  diff_std 0.22605  pos_mean 0.81323  neg_mean 1.15476  pos_power 276.70997  neg_power 291.82169  pos_std 0.20999  neg_std 0.08616
  epoch 62  diff_mean -0.34138  diff_std 0.22616  pos_mean 0.81301  neg_mean 1.15439  pos_power 279.32206  neg_power 294.60053  pos_std 0.20970  neg_std 0.08624
  epoch 63  diff_mean -0.34108  diff_std 0.22555  pos_mean 0.81347  neg_mean 1.15455  pos_power 280.72178  neg_power 296.05200  pos_std 0.20931  neg_std 0.08609
  epoch 64  diff_mean -0.34089  diff_std 0.22580  pos_mean 0.81323  neg_mean 1.15412  pos_power 281.54056  neg_power 296.87275  pos_std 0.20935  neg_std 0.08619
  epoch 65  diff_mean -0.34075  diff_std 0.22552  pos_mean 0.81311  neg_mean 1.15386  pos_power 281.79344  neg_power 297.10966  pos_std 0.20913  neg_std 0.08598
  epoch 66  diff_mean -0.34038  diff_std 0.22517  pos_mean 0.81327  neg_mean 1.15364  pos_power 281.57947  neg_power 296.95116  pos_std 0.20894  neg_std 0.08575
  epoch 67  diff_mean -0.34073  diff_std 0.22516  pos_mean 0.81312  neg_mean 1.15385  pos_power 281.22878  neg_power 296.50519  pos_std 0.20873  neg_std 0.08585
  epoch 68  diff_mean -0.34007  diff_std 0.22528  pos_mean 0.81348  neg_mean 1.15355  pos_power 281.72231  neg_power 297.03803  pos_std 0.20870  neg_std 0.08612
  epoch 69  diff_mean -0.33971  diff_std 0.22510  pos_mean 0.81377  neg_mean 1.15348  pos_power 281.61187  neg_power 296.93266  pos_std 0.20866  neg_std 0.08602
  epoch 70  diff_mean -0.34019  diff_std 0.22457  pos_mean 0.81348  neg_mean 1.15367  pos_power 281.43106  neg_power 296.60016  pos_std 0.20830  neg_std 0.08601
  epoch 71  diff_mean -0.34002  diff_std 0.22504  pos_mean 0.81330  neg_mean 1.15331  pos_power 282.15903  neg_power 297.26734  pos_std 0.20830  neg_std 0.08643
  epoch 72  diff_mean -0.34035  diff_std 0.22433  pos_mean 0.81328  neg_mean 1.15363  pos_power 281.07934  neg_power 296.27425  pos_std 0.20801  neg_std 0.08600
  epoch 73  diff_mean -0.33974  diff_std 0.22458  pos_mean 0.81362  neg_mean 1.15337  pos_power 281.98203  neg_power 297.10919  pos_std 0.20792  neg_std 0.08623
  epoch 74  diff_mean -0.34029  diff_std 0.22435  pos_mean 0.81308  neg_mean 1.15337  pos_power 280.91506  neg_power 295.96366  pos_std 0.20782  neg_std 0.08631
  epoch 75  diff_mean -0.34007  diff_std 0.22436  pos_mean 0.81351  neg_mean 1.15358  pos_power 281.61503  neg_power 296.75772  pos_std 0.20772  neg_std 0.08630
  epoch 76  diff_mean -0.34037  diff_std 0.22437  pos_mean 0.81284  neg_mean 1.15321  pos_power 281.16522  neg_power 296.25466  pos_std 0.20780  neg_std 0.08638
  epoch 77  diff_mean -0.34009  diff_std 0.22433  pos_mean 0.81312  neg_mean 1.15321  pos_power 281.66697  neg_power 296.86116  pos_std 0.20784  neg_std 0.08620
  epoch 78  diff_mean -0.33961  diff_std 0.22426  pos_mean 0.81355  neg_mean 1.15316  pos_power 282.14269  neg_power 297.24369  pos_std 0.20767  neg_std 0.08632
  epoch 79  diff_mean -0.34011  diff_std 0.22412  pos_mean 0.81332  neg_mean 1.15344  pos_power 281.35844  neg_power 296.43513  pos_std 0.20756  neg_std 0.08639
  epoch 80  diff_mean -0.34920  diff_std 0.22261  pos_mean 0.80938  neg_mean 1.15858  pos_power 273.48472  neg_power 288.03872  pos_std 0.20638  neg_std 0.08606
  epoch 81  diff_mean -0.35113  diff_std 0.22261  pos_mean 0.80810  neg_mean 1.15923  pos_power 277.40238  neg_power 291.98650  pos_std 0.20585  neg_std 0.08621
  epoch 82  diff_mean -0.35087  diff_std 0.22267  pos_mean 0.80829  neg_mean 1.15916  pos_power 280.01463  neg_power 294.75672  pos_std 0.20569  neg_std 0.08624
  epoch 83  diff_mean -0.35074  diff_std 0.22236  pos_mean 0.80803  neg_mean 1.15876  pos_power 280.92897  neg_power 295.56313  pos_std 0.20534  neg_std 0.08631
  epoch 84  diff_mean -0.35103  diff_std 0.22227  pos_mean 0.80789  neg_mean 1.15893  pos_power 280.84159  neg_power 295.57053  pos_std 0.20520  neg_std 0.08625
  epoch 85  diff_mean -0.35030  diff_std 0.22232  pos_mean 0.80852  neg_mean 1.15881  pos_power 281.71978  neg_power 296.47128  pos_std 0.20522  neg_std 0.08638
  epoch 86  diff_mean -0.35019  diff_std 0.22186  pos_mean 0.80856  neg_mean 1.15875  pos_power 281.64988  neg_power 296.27278  pos_std 0.20480  neg_std 0.08630
  epoch 87  diff_mean -0.34959  diff_std 0.22194  pos_mean 0.80864  neg_mean 1.15823  pos_power 282.00641  neg_power 296.64291  pos_std 0.20471  neg_std 0.08644
  epoch 88  diff_mean -0.34946  diff_std 0.22185  pos_mean 0.80884  neg_mean 1.15830  pos_power 281.71344  neg_power 296.40622  pos_std 0.20476  neg_std 0.08639
  epoch 89  diff_mean -0.34926  diff_std 0.22167  pos_mean 0.80915  neg_mean 1.15841  pos_power 281.80578  neg_power 296.47494  pos_std 0.20460  neg_std 0.08623
  epoch 90  diff_mean -0.34905  diff_std 0.22140  pos_mean 0.80884  neg_mean 1.15789  pos_power 281.40319  neg_power 296.02819  pos_std 0.20445  neg_std 0.08616
  epoch 91  diff_mean -0.34871  diff_std 0.22156  pos_mean 0.80964  neg_mean 1.15835  pos_power 281.99731  neg_power 296.67028  pos_std 0.20441  neg_std 0.08620
  epoch 92  diff_mean -0.34942  diff_std 0.22133  pos_mean 0.80891  neg_mean 1.15833  pos_power 280.56353  neg_power 295.17753  pos_std 0.20434  neg_std 0.08615
  epoch 93  diff_mean -0.34872  diff_std 0.22154  pos_mean 0.80949  neg_mean 1.15821  pos_power 281.96513  neg_power 296.66094  pos_std 0.20430  neg_std 0.08601
  epoch 94  diff_mean -0.34897  diff_std 0.22119  pos_mean 0.80921  neg_mean 1.15817  pos_power 280.98000  neg_power 295.54347  pos_std 0.20411  neg_std 0.08603
  epoch 95  diff_mean -0.34900  diff_std 0.22155  pos_mean 0.80897  neg_mean 1.15797  pos_power 281.62769  neg_power 296.17669  pos_std 0.20420  neg_std 0.08634
  epoch 96  diff_mean -0.34900  diff_std 0.22088  pos_mean 0.80923  neg_mean 1.15823  pos_power 281.35272  neg_power 295.89931  pos_std 0.20389  neg_std 0.08618
  epoch 97  diff_mean -0.34855  diff_std 0.22146  pos_mean 0.80989  neg_mean 1.15845  pos_power 281.63541  neg_power 296.25659  pos_std 0.20401  neg_std 0.08627
  epoch 98  diff_mean -0.34853  diff_std 0.22115  pos_mean 0.80933  neg_mean 1.15785  pos_power 281.66516  neg_power 296.18528  pos_std 0.20396  neg_std 0.08643
  epoch 99  diff_mean -0.34920  diff_std 0.22080  pos_mean 0.80903  neg_mean 1.15822  pos_power 281.02094  neg_power 295.62022  pos_std 0.20391  neg_std 0.08600
  epoch 100  diff_mean -0.35561  diff_std 0.22008  pos_mean 0.80649  neg_mean 1.16210  pos_power 275.44662  neg_power 289.55584  pos_std 0.20304  neg_std 0.08613
  epoch 101  diff_mean -0.35686  diff_std 0.21964  pos_mean 0.80551  neg_mean 1.16237  pos_power 278.24859  neg_power 292.33203  pos_std 0.20230  neg_std 0.08616
  epoch 102  diff_mean -0.35683  diff_std 0.21975  pos_mean 0.80571  neg_mean 1.16254  pos_power 280.11194  neg_power 294.34594  pos_std 0.20217  neg_std 0.08626
  epoch 103  diff_mean -0.35665  diff_std 0.21933  pos_mean 0.80612  neg_mean 1.16277  pos_power 280.99741  neg_power 295.24106  pos_std 0.20191  neg_std 0.08626
  epoch 104  diff_mean -0.35689  diff_std 0.21949  pos_mean 0.80598  neg_mean 1.16286  pos_power 280.90797  neg_power 295.12434  pos_std 0.20176  neg_std 0.08612
  epoch 105  diff_mean -0.35679  diff_std 0.21908  pos_mean 0.80527  neg_mean 1.16206  pos_power 281.09225  neg_power 295.04737  pos_std 0.20135  neg_std 0.08654
  epoch 106  diff_mean -0.35680  diff_std 0.21909  pos_mean 0.80563  neg_mean 1.16243  pos_power 281.32428  neg_power 295.52950  pos_std 0.20140  neg_std 0.08622
  epoch 107  diff_mean -0.35657  diff_std 0.21906  pos_mean 0.80591  neg_mean 1.16248  pos_power 281.22259  neg_power 295.40337  pos_std 0.20141  neg_std 0.08615
  epoch 108  diff_mean -0.35626  diff_std 0.21874  pos_mean 0.80571  neg_mean 1.16197  pos_power 281.34550  neg_power 295.44513  pos_std 0.20116  neg_std 0.08622
  epoch 109  diff_mean -0.35644  diff_std 0.21863  pos_mean 0.80571  neg_mean 1.16215  pos_power 281.29691  neg_power 295.36519  pos_std 0.20098  neg_std 0.08622
  epoch 110  diff_mean -0.35673  diff_std 0.21836  pos_mean 0.80554  neg_mean 1.16227  pos_power 281.26538  neg_power 295.36269  pos_std 0.20083  neg_std 0.08602
  epoch 111  diff_mean -0.35659  diff_std 0.21869  pos_mean 0.80541  neg_mean 1.16200  pos_power 281.87709  neg_power 296.04147  pos_std 0.20101  neg_std 0.08607
  epoch 112  diff_mean -0.35611  diff_std 0.21878  pos_mean 0.80596  neg_mean 1.16207  pos_power 281.97147  neg_power 296.17212  pos_std 0.20117  neg_std 0.08612
  epoch 113  diff_mean -0.35587  diff_std 0.21853  pos_mean 0.80621  neg_mean 1.16208  pos_power 281.43262  neg_power 295.54444  pos_std 0.20095  neg_std 0.08606
  epoch 114  diff_mean -0.35637  diff_std 0.21855  pos_mean 0.80613  neg_mean 1.16250  pos_power 281.15128  neg_power 295.27394  pos_std 0.20085  neg_std 0.08600
  epoch 115  diff_mean -0.35615  diff_std 0.21885  pos_mean 0.80590  neg_mean 1.16205  pos_power 281.40997  neg_power 295.53503  pos_std 0.20104  neg_std 0.08625
  epoch 116  diff_mean -0.35601  diff_std 0.21850  pos_mean 0.80610  neg_mean 1.16211  pos_power 281.10700  neg_power 295.22975  pos_std 0.20094  neg_std 0.08630
  epoch 117  diff_mean -0.35546  diff_std 0.21876  pos_mean 0.80629  neg_mean 1.16175  pos_power 281.48772  neg_power 295.50972  pos_std 0.20087  neg_std 0.08656
  epoch 118  diff_mean -0.35583  diff_std 0.21833  pos_mean 0.80614  neg_mean 1.16197  pos_power 280.96225  neg_power 295.10984  pos_std 0.20083  neg_std 0.08621
  epoch 119  diff_mean -0.35616  diff_std 0.21831  pos_mean 0.80586  neg_mean 1.16202  pos_power 280.81212  neg_power 294.88328  pos_std 0.20067  neg_std 0.08623
  epoch 120  diff_mean -0.36020  diff_std 0.21747  pos_mean 0.80431  neg_mean 1.16451  pos_power 277.20862  neg_power 290.97491  pos_std 0.19989  neg_std 0.08617
  epoch 121  diff_mean -0.36117  diff_std 0.21730  pos_mean 0.80396  neg_mean 1.16513  pos_power 279.27553  neg_power 293.10581  pos_std 0.19961  neg_std 0.08612
  epoch 122  diff_mean -0.36163  diff_std 0.21714  pos_mean 0.80363  neg_mean 1.16525  pos_power 279.56237  neg_power 293.31784  pos_std 0.19922  neg_std 0.08620
  epoch 123  diff_mean -0.36171  diff_std 0.21720  pos_mean 0.80346  neg_mean 1.16517  pos_power 280.57709  neg_power 294.35272  pos_std 0.19909  neg_std 0.08630
  epoch 124  diff_mean -0.36150  diff_std 0.21686  pos_mean 0.80359  neg_mean 1.16509  pos_power 281.18144  neg_power 294.97406  pos_std 0.19890  neg_std 0.08618
  epoch 125  diff_mean -0.36142  diff_std 0.21705  pos_mean 0.80362  neg_mean 1.16504  pos_power 281.10388  neg_power 294.89828  pos_std 0.19901  neg_std 0.08643
  epoch 126  diff_mean -0.36190  diff_std 0.21662  pos_mean 0.80356  neg_mean 1.16547  pos_power 280.69406  neg_power 294.49731  pos_std 0.19885  neg_std 0.08616
  epoch 127  diff_mean -0.36197  diff_std 0.21645  pos_mean 0.80338  neg_mean 1.16535  pos_power 281.14131  neg_power 294.89072  pos_std 0.19864  neg_std 0.08621
  epoch 128  diff_mean -0.36186  diff_std 0.21681  pos_mean 0.80345  neg_mean 1.16531  pos_power 281.32491  neg_power 295.13194  pos_std 0.19874  neg_std 0.08615
  epoch 129  diff_mean -0.36168  diff_std 0.21653  pos_mean 0.80368  neg_mean 1.16536  pos_power 281.62178  neg_power 295.42831  pos_std 0.19863  neg_std 0.08610
  epoch 130  diff_mean -0.36204  diff_std 0.21645  pos_mean 0.80355  neg_mean 1.16559  pos_power 280.58369  neg_power 294.30150  pos_std 0.19847  neg_std 0.08612
  epoch 131  diff_mean -0.36146  diff_std 0.21659  pos_mean 0.80376  neg_mean 1.16523  pos_power 281.62156  neg_power 295.36269  pos_std 0.19848  neg_std 0.08618
  epoch 132  diff_mean -0.36127  diff_std 0.21626  pos_mean 0.80400  neg_mean 1.16527  pos_power 281.57687  neg_power 295.33244  pos_std 0.19842  neg_std 0.08614
  epoch 133  diff_mean -0.36165  diff_std 0.21656  pos_mean 0.80366  neg_mean 1.16531  pos_power 280.59069  neg_power 294.37631  pos_std 0.19843  neg_std 0.08596
  epoch 134  diff_mean -0.36139  diff_std 0.21629  pos_mean 0.80348  neg_mean 1.16487  pos_power 281.40403  neg_power 295.13559  pos_std 0.19838  neg_std 0.08596
  epoch 135  diff_mean -0.36113  diff_std 0.21625  pos_mean 0.80385  neg_mean 1.16498  pos_power 282.09266  neg_power 295.87706  pos_std 0.19833  neg_std 0.08593
  epoch 136  diff_mean -0.36101  diff_std 0.21651  pos_mean 0.80390  neg_mean 1.16490  pos_power 281.02547  neg_power 294.71947  pos_std 0.19833  neg_std 0.08629
  epoch 137  diff_mean -0.36074  diff_std 0.21616  pos_mean 0.80424  neg_mean 1.16498  pos_power 281.48356  neg_power 295.20019  pos_std 0.19818  neg_std 0.08625
  epoch 138  diff_mean -0.36099  diff_std 0.21614  pos_mean 0.80416  neg_mean 1.16515  pos_power 280.90938  neg_power 294.65050  pos_std 0.19817  neg_std 0.08613
  epoch 139  diff_mean -0.36090  diff_std 0.21606  pos_mean 0.80424  neg_mean 1.16514  pos_power 281.44594  neg_power 295.15094  pos_std 0.19812  neg_std 0.08612
  epoch 140  diff_mean -0.36415  diff_std 0.21553  pos_mean 0.80241  neg_mean 1.16657  pos_power 278.33309  neg_power 291.82353  pos_std 0.19765  neg_std 0.08601
  epoch 141  diff_mean -0.36489  diff_std 0.21549  pos_mean 0.80240  neg_mean 1.16730  pos_power 279.50819  neg_power 292.95481  pos_std 0.19726  neg_std 0.08617
  epoch 142  diff_mean -0.36483  diff_std 0.21531  pos_mean 0.80242  neg_mean 1.16725  pos_power 280.84581  neg_power 294.35097  pos_std 0.19715  neg_std 0.08621
  epoch 143  diff_mean -0.36517  diff_std 0.21521  pos_mean 0.80207  neg_mean 1.16724  pos_power 280.53028  neg_power 293.97997  pos_std 0.19697  neg_std 0.08620
  epoch 144  diff_mean -0.36495  diff_std 0.21537  pos_mean 0.80228  neg_mean 1.16722  pos_power 281.32647  neg_power 294.85191  pos_std 0.19706  neg_std 0.08629
  epoch 145  diff_mean -0.36528  diff_std 0.21537  pos_mean 0.80239  neg_mean 1.16767  pos_power 280.74075  neg_power 294.26013  pos_std 0.19704  neg_std 0.08629
  epoch 146  diff_mean -0.36539  diff_std 0.21486  pos_mean 0.80227  neg_mean 1.16767  pos_power 280.64728  neg_power 294.08969  pos_std 0.19671  neg_std 0.08613
  epoch 147  diff_mean -0.36503  diff_std 0.21483  pos_mean 0.80230  neg_mean 1.16732  pos_power 281.73009  neg_power 295.13134  pos_std 0.19662  neg_std 0.08629
  epoch 148  diff_mean -0.36536  diff_std 0.21478  pos_mean 0.80207  neg_mean 1.16743  pos_power 280.93469  neg_power 294.35759  pos_std 0.19660  neg_std 0.08624
  epoch 149  diff_mean -0.36522  diff_std 0.21467  pos_mean 0.80249  neg_mean 1.16772  pos_power 281.35503  neg_power 294.85416  pos_std 0.19654  neg_std 0.08603
  epoch 150  diff_mean -0.36494  diff_std 0.21494  pos_mean 0.80253  neg_mean 1.16747  pos_power 281.24309  neg_power 294.77278  pos_std 0.19665  neg_std 0.08599
  epoch 151  diff_mean -0.36440  diff_std 0.21492  pos_mean 0.80293  neg_mean 1.16733  pos_power 281.51675  neg_power 295.01653  pos_std 0.19661  neg_std 0.08602
  epoch 152  diff_mean -0.36521  diff_std 0.21446  pos_mean 0.80223  neg_mean 1.16743  pos_power 280.76587  neg_power 294.13219  pos_std 0.19632  neg_std 0.08607
  epoch 153  diff_mean -0.36462  diff_std 0.21482  pos_mean 0.80259  neg_mean 1.16721  pos_power 281.70431  neg_power 295.17925  pos_std 0.19648  neg_std 0.08624
  epoch 154  diff_mean -0.36527  diff_std 0.21450  pos_mean 0.80209  neg_mean 1.16736  pos_power 280.68144  neg_power 294.13159  pos_std 0.19639  neg_std 0.08603
  epoch 155  diff_mean -0.36510  diff_std 0.21442  pos_mean 0.80233  neg_mean 1.16743  pos_power 281.16153  neg_power 294.60469  pos_std 0.19624  neg_std 0.08585
  epoch 156  diff_mean -0.36501  diff_std 0.21475  pos_mean 0.80232  neg_mean 1.16733  pos_power 280.82325  neg_power 294.29647  pos_std 0.19637  neg_std 0.08601
  epoch 157  diff_mean -0.36471  diff_std 0.21413  pos_mean 0.80276  neg_mean 1.16747  pos_power 281.37069  neg_power 294.81378  pos_std 0.19615  neg_std 0.08601
  epoch 158  diff_mean -0.36519  diff_std 0.21442  pos_mean 0.80234  neg_mean 1.16754  pos_power 280.78116  neg_power 294.18644  pos_std 0.19617  neg_std 0.08597
  epoch 159  diff_mean -0.36480  diff_std 0.21463  pos_mean 0.80259  neg_mean 1.16739  pos_power 281.34991  neg_power 294.77441  pos_std 0.19625  neg_std 0.08617
  epoch 160  diff_mean -0.36649  diff_std 0.21454  pos_mean 0.80221  neg_mean 1.16871  pos_power 279.30866  neg_power 292.65722  pos_std 0.19609  neg_std 0.08614
  epoch 161  diff_mean -0.36711  diff_std 0.21408  pos_mean 0.80167  neg_mean 1.16878  pos_power 279.77047  neg_power 293.02941  pos_std 0.19576  neg_std 0.08599
  epoch 162  diff_mean -0.36750  diff_std 0.21380  pos_mean 0.80132  neg_mean 1.16882  pos_power 280.32378  neg_power 293.56584  pos_std 0.19546  neg_std 0.08594
  epoch 163  diff_mean -0.36739  diff_std 0.21359  pos_mean 0.80180  neg_mean 1.16920  pos_power 280.85600  neg_power 294.24869  pos_std 0.19543  neg_std 0.08579
  epoch 164  diff_mean -0.36738  diff_std 0.21368  pos_mean 0.80148  neg_mean 1.16885  pos_power 280.84941  neg_power 294.06878  pos_std 0.19522  neg_std 0.08594
  epoch 165  diff_mean -0.36725  diff_std 0.21372  pos_mean 0.80166  neg_mean 1.16891  pos_power 281.12881  neg_power 294.42678  pos_std 0.19526  neg_std 0.08604
  epoch 166  diff_mean -0.36753  diff_std 0.21356  pos_mean 0.80130  neg_mean 1.16883  pos_power 281.46841  neg_power 294.61784  pos_std 0.19512  neg_std 0.08620
  epoch 167  diff_mean -0.36772  diff_std 0.21341  pos_mean 0.80128  neg_mean 1.16900  pos_power 280.79834  neg_power 294.02253  pos_std 0.19502  neg_std 0.08615
  epoch 168  diff_mean -0.36752  diff_std 0.21348  pos_mean 0.80134  neg_mean 1.16886  pos_power 281.27550  neg_power 294.50184  pos_std 0.19500  neg_std 0.08601
  epoch 169  diff_mean -0.36766  diff_std 0.21327  pos_mean 0.80108  neg_mean 1.16874  pos_power 281.53869  neg_power 294.71644  pos_std 0.19495  neg_std 0.08612
  epoch 170  diff_mean -0.36777  diff_std 0.21329  pos_mean 0.80144  neg_mean 1.16921  pos_power 281.13234  neg_power 294.41447  pos_std 0.19492  neg_std 0.08599
  epoch 171  diff_mean -0.36718  diff_std 0.21379  pos_mean 0.80166  neg_mean 1.16884  pos_power 281.55037  neg_power 294.80588  pos_std 0.19501  neg_std 0.08610
  epoch 172  diff_mean -0.36773  diff_std 0.21359  pos_mean 0.80109  neg_mean 1.16883  pos_power 280.77719  neg_power 294.06847  pos_std 0.19521  neg_std 0.08606
  epoch 173  diff_mean -0.36777  diff_std 0.21347  pos_mean 0.80117  neg_mean 1.16893  pos_power 280.68962  neg_power 293.86872  pos_std 0.19507  neg_std 0.08615
  epoch 174  diff_mean -0.36719  diff_std 0.21328  pos_mean 0.80163  neg_mean 1.16881  pos_power 281.53125  neg_power 294.79059  pos_std 0.19492  neg_std 0.08608
  epoch 175  diff_mean -0.36794  diff_std 0.21334  pos_mean 0.80115  neg_mean 1.16910  pos_power 280.49169  neg_power 293.70034  pos_std 0.19488  neg_std 0.08593
  epoch 176  diff_mean -0.36763  diff_std 0.21309  pos_mean 0.80130  neg_mean 1.16893  pos_power 281.14984  neg_power 294.36259  pos_std 0.19469  neg_std 0.08586
  epoch 177  diff_mean -0.36736  diff_std 0.21319  pos_mean 0.80167  neg_mean 1.16903  pos_power 281.12441  neg_power 294.42844  pos_std 0.19484  neg_std 0.08584
  epoch 178  diff_mean -0.36755  diff_std 0.21319  pos_mean 0.80167  neg_mean 1.16921  pos_power 281.15125  neg_power 294.42544  pos_std 0.19489  neg_std 0.08580
  epoch 179  diff_mean -0.36754  diff_std 0.21313  pos_mean 0.80172  neg_mean 1.16926  pos_power 281.20337  neg_power 294.40853  pos_std 0.19475  neg_std 0.08589
  epoch 180  diff_mean -0.36883  diff_std 0.21289  pos_mean 0.80096  neg_mean 1.16979  pos_power 279.79166  neg_power 292.88847  pos_std 0.19444  neg_std 0.08587
  epoch 181  diff_mean -0.36924  diff_std 0.21288  pos_mean 0.80029  neg_mean 1.16953  pos_power 280.57891  neg_power 293.62759  pos_std 0.19438  neg_std 0.08599
  epoch 182  diff_mean -0.36951  diff_std 0.21255  pos_mean 0.80045  neg_mean 1.16997  pos_power 281.01597  neg_power 294.13206  pos_std 0.19421  neg_std 0.08583
  epoch 183  diff_mean -0.36875  diff_std 0.21295  pos_mean 0.80085  neg_mean 1.16961  pos_power 281.83578  neg_power 294.97278  pos_std 0.19425  neg_std 0.08602
  epoch 184  diff_mean -0.36881  diff_std 0.21276  pos_mean 0.80100  neg_mean 1.16982  pos_power 281.35297  neg_power 294.52369  pos_std 0.19426  neg_std 0.08600
  epoch 185  diff_mean -0.36907  diff_std 0.21288  pos_mean 0.80090  neg_mean 1.16997  pos_power 281.09975  neg_power 294.20434  pos_std 0.19417  neg_std 0.08597
  epoch 186  diff_mean -0.36893  diff_std 0.21290  pos_mean 0.80104  neg_mean 1.16997  pos_power 280.90831  neg_power 294.05634  pos_std 0.19426  neg_std 0.08607
  epoch 187  diff_mean -0.36875  diff_std 0.21248  pos_mean 0.80070  neg_mean 1.16945  pos_power 281.17262  neg_power 294.18981  pos_std 0.19398  neg_std 0.08614
  epoch 188  diff_mean -0.36921  diff_std 0.21263  pos_mean 0.80056  neg_mean 1.16977  pos_power 280.93847  neg_power 294.00656  pos_std 0.19400  neg_std 0.08615
  epoch 189  diff_mean -0.36924  diff_std 0.21266  pos_mean 0.80076  neg_mean 1.17000  pos_power 280.83547  neg_power 293.93353  pos_std 0.19396  neg_std 0.08604
  epoch 190  diff_mean -0.36908  diff_std 0.21249  pos_mean 0.80072  neg_mean 1.16980  pos_power 280.85325  neg_power 293.89559  pos_std 0.19388  neg_std 0.08614
  epoch 191  diff_mean -0.36920  diff_std 0.21267  pos_mean 0.80090  neg_mean 1.17010  pos_power 280.62081  neg_power 293.76059  pos_std 0.19404  neg_std 0.08589
  epoch 192  diff_mean -0.36918  diff_std 0.21271  pos_mean 0.80069  neg_mean 1.16987  pos_power 281.19531  neg_power 294.28312  pos_std 0.19404  neg_std 0.08594
  epoch 193  diff_mean -0.36940  diff_std 0.21286  pos_mean 0.80059  neg_mean 1.17000  pos_power 280.92150  neg_power 294.05219  pos_std 0.19413  neg_std 0.08588
  epoch 194  diff_mean -0.36896  diff_std 0.21270  pos_mean 0.80103  neg_mean 1.16999  pos_power 281.01306  neg_power 294.13063  pos_std 0.19404  neg_std 0.08598
  epoch 195  diff_mean -0.36877  diff_std 0.21256  pos_mean 0.80091  neg_mean 1.16968  pos_power 281.46925  neg_power 294.44997  pos_std 0.19380  neg_std 0.08610
  epoch 196  diff_mean -0.36951  diff_std 0.21260  pos_mean 0.80073  neg_mean 1.17024  pos_power 280.55156  neg_power 293.63684  pos_std 0.19390  neg_std 0.08601
  epoch 197  diff_mean -0.36895  diff_std 0.21262  pos_mean 0.80111  neg_mean 1.17006  pos_power 281.59809  neg_power 294.74644  pos_std 0.19397  neg_std 0.08598
  epoch 198  diff_mean -0.36912  diff_std 0.21235  pos_mean 0.80094  neg_mean 1.17005  pos_power 280.95006  neg_power 293.96197  pos_std 0.19378  neg_std 0.08603
  epoch 199  diff_mean -0.36916  diff_std 0.21249  pos_mean 0.80074  neg_mean 1.16991  pos_power 280.87528  neg_power 293.90669  pos_std 0.19374  neg_std 0.08609
