  epoch 0  diff_mean -0.22683  diff_std 0.28203  pos_mean 0.85126  neg_mean 1.07809  pos_power 1024.00000  neg_power 1024.00000  pos_std 0.27075  neg_std 0.07818
  epoch 1  diff_mean -0.33165  diff_std 0.28158  pos_mean 0.81787  neg_mean 1.14952  pos_power 1024.00000  neg_power 1024.00000  pos_std 0.26758  neg_std 0.08689
  epoch 2  diff_mean -0.35247  diff_std 0.28070  pos_mean 0.81580  neg_mean 1.16827  pos_power 1024.00000  neg_power 1024.00000  pos_std 0.26626  neg_std 0.09079
  epoch 3  diff_mean -0.36079  diff_std 0.28132  pos_mean 0.81232  neg_mean 1.17312  pos_power 1024.00000  neg_power 1024.00000  pos_std 0.26666  neg_std 0.09276
  epoch 4  diff_mean -0.36558  diff_std 0.28114  pos_mean 0.81005  neg_mean 1.17563  pos_power 1024.00000  neg_power 1024.00000  pos_std 0.26653  neg_std 0.09288
  epoch 5  diff_mean -0.36802  diff_std 0.28121  pos_mean 0.80851  neg_mean 1.17653  pos_power 1024.00000  neg_power 1024.00000  pos_std 0.26617  neg_std 0.09424
  epoch 6  diff_mean -0.37077  diff_std 0.28113  pos_mean 0.80691  neg_mean 1.17769  pos_power 1024.00000  neg_power 1024.00000  pos_std 0.26585  neg_std 0.09508
  epoch 7  diff_mean -0.37542  diff_std 0.27987  pos_mean 0.80427  neg_mean 1.17969  pos_power 1024.00000  neg_power 1024.00000  pos_std 0.26476  neg_std 0.09418
  epoch 8  diff_mean -0.37618  diff_std 0.28039  pos_mean 0.80401  neg_mean 1.18020  pos_power 1024.00000  neg_power 1024.00000  pos_std 0.26497  neg_std 0.09526
  epoch 9  diff_mean -0.37713  diff_std 0.28018  pos_mean 0.80367  neg_mean 1.18080  pos_power 1024.00000  neg_power 1024.00000  pos_std 0.26510  neg_std 0.09528
  epoch 10  diff_mean -0.37790  diff_std 0.28012  pos_mean 0.80316  neg_mean 1.18105  pos_power 1024.00000  neg_power 1024.00000  pos_std 0.26470  neg_std 0.09501
  epoch 11  diff_mean -0.37887  diff_std 0.27966  pos_mean 0.80257  neg_mean 1.18144  pos_power 1024.00000  neg_power 1024.00000  pos_std 0.26450  neg_std 0.09465
  epoch 12  diff_mean -0.37868  diff_std 0.27985  pos_mean 0.80240  neg_mean 1.18108  pos_power 1024.00000  neg_power 1024.00000  pos_std 0.26476  neg_std 0.09597
  epoch 13  diff_mean -0.37938  diff_std 0.27993  pos_mean 0.80188  neg_mean 1.18127  pos_power 1024.00000  neg_power 1024.00000  pos_std 0.26456  neg_std 0.09590
  epoch 14  diff_mean -0.37959  diff_std 0.28003  pos_mean 0.80167  neg_mean 1.18127  pos_power 1024.00000  neg_power 1024.00000  pos_std 0.26451  neg_std 0.09648
  epoch 15  diff_mean -0.37957  diff_std 0.27983  pos_mean 0.80191  neg_mean 1.18148  pos_power 1024.00000  neg_power 1024.00000  pos_std 0.26460  neg_std 0.09577
  epoch 16  diff_mean -0.37982  diff_std 0.28047  pos_mean 0.80165  neg_mean 1.18146  pos_power 1024.00000  neg_power 1024.00000  pos_std 0.26504  neg_std 0.09642
  epoch 17  diff_mean -0.38022  diff_std 0.28019  pos_mean 0.80083  neg_mean 1.18105  pos_power 1024.00000  neg_power 1024.00000  pos_std 0.26459  neg_std 0.09776
  epoch 18  diff_mean -0.37998  diff_std 0.28000  pos_mean 0.80170  neg_mean 1.18168  pos_power 1024.00000  neg_power 1024.00000  pos_std 0.26480  neg_std 0.09566
  epoch 19  diff_mean -0.38024  diff_std 0.28006  pos_mean 0.80108  neg_mean 1.18132  pos_power 1024.00000  neg_power 1024.00000  pos_std 0.26476  neg_std 0.09662
  epoch 20  diff_mean -0.38182  diff_std 0.25889  pos_mean 0.80492  neg_mean 1.18674  pos_power 277.75047  neg_power 299.88731  pos_std 0.24878  neg_std 0.06399
  epoch 21  diff_mean -0.36272  diff_std 0.25224  pos_mean 0.81256  neg_mean 1.17527  pos_power 292.78331  neg_power 314.50088  pos_std 0.24208  neg_std 0.06384
  epoch 22  diff_mean -0.35972  diff_std 0.24979  pos_mean 0.81230  neg_mean 1.17203  pos_power 288.30184  neg_power 309.30591  pos_std 0.23956  neg_std 0.06453
  epoch 23  diff_mean -0.36072  diff_std 0.24871  pos_mean 0.81053  neg_mean 1.17125  pos_power 284.62966  neg_power 305.37919  pos_std 0.23842  neg_std 0.06453
  epoch 24  diff_mean -0.36120  diff_std 0.24822  pos_mean 0.80970  neg_mean 1.17090  pos_power 283.31619  neg_power 304.04934  pos_std 0.23777  neg_std 0.06444
  epoch 25  diff_mean -0.36250  diff_std 0.24749  pos_mean 0.80891  neg_mean 1.17142  pos_power 282.60213  neg_power 303.20866  pos_std 0.23699  neg_std 0.06467
  epoch 26  diff_mean -0.36268  diff_std 0.24721  pos_mean 0.80835  neg_mean 1.17104  pos_power 282.85384  neg_power 303.52513  pos_std 0.23682  neg_std 0.06478
  epoch 27  diff_mean -0.36191  diff_std 0.24695  pos_mean 0.80898  neg_mean 1.17089  pos_power 283.98441  neg_power 304.63659  pos_std 0.23641  neg_std 0.06502
  epoch 28  diff_mean -0.36219  diff_std 0.24646  pos_mean 0.80894  neg_mean 1.17114  pos_power 283.24719  neg_power 303.81269  pos_std 0.23589  neg_std 0.06497
  epoch 29  diff_mean -0.36248  diff_std 0.24655  pos_mean 0.80868  neg_mean 1.17116  pos_power 283.05163  neg_power 303.67609  pos_std 0.23601  neg_std 0.06505
  epoch 30  diff_mean -0.36148  diff_std 0.24632  pos_mean 0.81012  neg_mean 1.17160  pos_power 283.60600  neg_power 304.21981  pos_std 0.23573  neg_std 0.06502
  epoch 31  diff_mean -0.36273  diff_std 0.24575  pos_mean 0.80922  neg_mean 1.17195  pos_power 282.81500  neg_power 303.27681  pos_std 0.23539  neg_std 0.06488
  epoch 32  diff_mean -0.36169  diff_std 0.24586  pos_mean 0.81001  neg_mean 1.17170  pos_power 284.41731  neg_power 304.98937  pos_std 0.23530  neg_std 0.06476
  epoch 33  diff_mean -0.36200  diff_std 0.24598  pos_mean 0.80961  neg_mean 1.17161  pos_power 283.59225  neg_power 304.09069  pos_std 0.23526  neg_std 0.06494
  epoch 34  diff_mean -0.36164  diff_std 0.24569  pos_mean 0.80972  neg_mean 1.17135  pos_power 283.61047  neg_power 304.10503  pos_std 0.23516  neg_std 0.06505
  epoch 35  diff_mean -0.36164  diff_std 0.24555  pos_mean 0.80982  neg_mean 1.17146  pos_power 283.57550  neg_power 304.05687  pos_std 0.23501  neg_std 0.06506
  epoch 36  diff_mean -0.36223  diff_std 0.24521  pos_mean 0.80940  neg_mean 1.17163  pos_power 282.76178  neg_power 303.14897  pos_std 0.23471  neg_std 0.06504
  epoch 37  diff_mean -0.36259  diff_std 0.24525  pos_mean 0.80914  neg_mean 1.17173  pos_power 283.27184  neg_power 303.68806  pos_std 0.23461  neg_std 0.06496
  epoch 38  diff_mean -0.36183  diff_std 0.24525  pos_mean 0.80993  neg_mean 1.17176  pos_power 283.97012  neg_power 304.46291  pos_std 0.23460  neg_std 0.06498
  epoch 39  diff_mean -0.36168  diff_std 0.24526  pos_mean 0.80980  neg_mean 1.17147  pos_power 283.66447  neg_power 304.06478  pos_std 0.23458  neg_std 0.06521
  epoch 40  diff_mean -0.37653  diff_std 0.24479  pos_mean 0.80332  neg_mean 1.17986  pos_power 272.19950  neg_power 291.94622  pos_std 0.23410  neg_std 0.06519
  epoch 41  diff_mean -0.37653  diff_std 0.24455  pos_mean 0.80251  neg_mean 1.17904  pos_power 278.76809  neg_power 298.82375  pos_std 0.23374  neg_std 0.06510
  epoch 42  diff_mean -0.37555  diff_std 0.24442  pos_mean 0.80296  neg_mean 1.17851  pos_power 282.59859  neg_power 302.74197  pos_std 0.23357  neg_std 0.06531
  epoch 43  diff_mean -0.37524  diff_std 0.24407  pos_mean 0.80298  neg_mean 1.17823  pos_power 282.76619  neg_power 302.86756  pos_std 0.23325  neg_std 0.06566
  epoch 44  diff_mean -0.37507  diff_std 0.24417  pos_mean 0.80271  neg_mean 1.17778  pos_power 283.06906  neg_power 303.26606  pos_std 0.23325  neg_std 0.06560
  epoch 45  diff_mean -0.37551  diff_std 0.24380  pos_mean 0.80252  neg_mean 1.17803  pos_power 282.28800  neg_power 302.44300  pos_std 0.23299  neg_std 0.06539
  epoch 46  diff_mean -0.37556  diff_std 0.24376  pos_mean 0.80228  neg_mean 1.17784  pos_power 282.24103  neg_power 302.34350  pos_std 0.23285  neg_std 0.06562
  epoch 47  diff_mean -0.37516  diff_std 0.24382  pos_mean 0.80297  neg_mean 1.17812  pos_power 283.12994  neg_power 303.30462  pos_std 0.23274  neg_std 0.06559
  epoch 48  diff_mean -0.37496  diff_std 0.24367  pos_mean 0.80294  neg_mean 1.17789  pos_power 282.67497  neg_power 302.81662  pos_std 0.23261  neg_std 0.06566
  epoch 49  diff_mean -0.37539  diff_std 0.24338  pos_mean 0.80266  neg_mean 1.17805  pos_power 282.60744  neg_power 302.62306  pos_std 0.23246  neg_std 0.06575
  epoch 50  diff_mean -0.37596  diff_std 0.24326  pos_mean 0.80244  neg_mean 1.17840  pos_power 282.22678  neg_power 302.30016  pos_std 0.23235  neg_std 0.06567
  epoch 51  diff_mean -0.37507  diff_std 0.24356  pos_mean 0.80290  neg_mean 1.17797  pos_power 283.24462  neg_power 303.35709  pos_std 0.23247  neg_std 0.06581
  epoch 52  diff_mean -0.37528  diff_std 0.24372  pos_mean 0.80301  neg_mean 1.17829  pos_power 282.90013  neg_power 303.05475  pos_std 0.23250  neg_std 0.06559
  epoch 53  diff_mean -0.37553  diff_std 0.24330  pos_mean 0.80265  neg_mean 1.17818  pos_power 282.20691  neg_power 302.28025  pos_std 0.23231  neg_std 0.06550
  epoch 54  diff_mean -0.37551  diff_std 0.24356  pos_mean 0.80235  neg_mean 1.17786  pos_power 282.86450  neg_power 302.92838  pos_std 0.23244  neg_std 0.06576
  epoch 55  diff_mean -0.37482  diff_std 0.24366  pos_mean 0.80334  neg_mean 1.17817  pos_power 283.32197  neg_power 303.50428  pos_std 0.23246  neg_std 0.06570
  epoch 56  diff_mean -0.37570  diff_std 0.24308  pos_mean 0.80223  neg_mean 1.17793  pos_power 281.97916  neg_power 301.94181  pos_std 0.23219  neg_std 0.06573
  epoch 57  diff_mean -0.37567  diff_std 0.24309  pos_mean 0.80250  neg_mean 1.17817  pos_power 282.46781  neg_power 302.54103  pos_std 0.23219  neg_std 0.06564
  epoch 58  diff_mean -0.37514  diff_std 0.24303  pos_mean 0.80287  neg_mean 1.17801  pos_power 283.18447  neg_power 303.26672  pos_std 0.23213  neg_std 0.06564
  epoch 59  diff_mean -0.37542  diff_std 0.24316  pos_mean 0.80258  neg_mean 1.17800  pos_power 283.17775  neg_power 303.23728  pos_std 0.23210  neg_std 0.06567
  epoch 60  diff_mean -0.38681  diff_std 0.24237  pos_mean 0.79717  neg_mean 1.18399  pos_power 273.71413  neg_power 293.05138  pos_std 0.23134  neg_std 0.06605
  epoch 61  diff_mean -0.38764  diff_std 0.24195  pos_mean 0.79631  neg_mean 1.18395  pos_power 278.61025  neg_power 298.22384  pos_std 0.23092  neg_std 0.06607
  epoch 62  diff_mean -0.38698  diff_std 0.24186  pos_mean 0.79642  neg_mean 1.18341  pos_power 281.15416  neg_power 300.83053  pos_std 0.23064  neg_std 0.06633
  epoch 63  diff_mean -0.38679  diff_std 0.24178  pos_mean 0.79639  neg_mean 1.18317  pos_power 281.96562  neg_power 301.74703  pos_std 0.23059  neg_std 0.06629
  epoch 64  diff_mean -0.38660  diff_std 0.24149  pos_mean 0.79662  neg_mean 1.18322  pos_power 282.40516  neg_power 302.20903  pos_std 0.23038  neg_std 0.06610
  epoch 65  diff_mean -0.38582  diff_std 0.24153  pos_mean 0.79697  neg_mean 1.18279  pos_power 282.64556  neg_power 302.40741  pos_std 0.23027  neg_std 0.06635
  epoch 66  diff_mean -0.38557  diff_std 0.24161  pos_mean 0.79717  neg_mean 1.18274  pos_power 282.44063  neg_power 302.22012  pos_std 0.23022  neg_std 0.06637
  epoch 67  diff_mean -0.38539  diff_std 0.24126  pos_mean 0.79747  neg_mean 1.18285  pos_power 282.25375  neg_power 302.01391  pos_std 0.23004  neg_std 0.06634
  epoch 68  diff_mean -0.38590  diff_std 0.24114  pos_mean 0.79694  neg_mean 1.18285  pos_power 281.67775  neg_power 301.34519  pos_std 0.22999  neg_std 0.06641
  epoch 69  diff_mean -0.38552  diff_std 0.24099  pos_mean 0.79700  neg_mean 1.18251  pos_power 282.05531  neg_power 301.67012  pos_std 0.22965  neg_std 0.06648
  epoch 70  diff_mean -0.38580  diff_std 0.24129  pos_mean 0.79696  neg_mean 1.18276  pos_power 281.74500  neg_power 301.44513  pos_std 0.22976  neg_std 0.06656
  epoch 71  diff_mean -0.38529  diff_std 0.24097  pos_mean 0.79742  neg_mean 1.18271  pos_power 282.65953  neg_power 302.37541  pos_std 0.22960  neg_std 0.06646
  epoch 72  diff_mean -0.38588  diff_std 0.24091  pos_mean 0.79711  neg_mean 1.18298  pos_power 281.36016  neg_power 301.05744  pos_std 0.22952  neg_std 0.06646
  epoch 73  diff_mean -0.38568  diff_std 0.24084  pos_mean 0.79704  neg_mean 1.18272  pos_power 281.68603  neg_power 301.27728  pos_std 0.22941  neg_std 0.06662
  epoch 74  diff_mean -0.38571  diff_std 0.24099  pos_mean 0.79727  neg_mean 1.18297  pos_power 281.47287  neg_power 301.23366  pos_std 0.22951  neg_std 0.06640
  epoch 75  diff_mean -0.38557  diff_std 0.24049  pos_mean 0.79715  neg_mean 1.18272  pos_power 281.74613  neg_power 301.26837  pos_std 0.22916  neg_std 0.06652
  epoch 76  diff_mean -0.38579  diff_std 0.24063  pos_mean 0.79702  neg_mean 1.18281  pos_power 281.49931  neg_power 301.05956  pos_std 0.22913  neg_std 0.06675
  epoch 77  diff_mean -0.38537  diff_std 0.24065  pos_mean 0.79746  neg_mean 1.18284  pos_power 282.06391  neg_power 301.72131  pos_std 0.22918  neg_std 0.06655
  epoch 78  diff_mean -0.38632  diff_std 0.24015  pos_mean 0.79672  neg_mean 1.18303  pos_power 280.93794  neg_power 300.44472  pos_std 0.22889  neg_std 0.06662
  epoch 79  diff_mean -0.38621  diff_std 0.24049  pos_mean 0.79699  neg_mean 1.18320  pos_power 281.43300  neg_power 301.05778  pos_std 0.22898  neg_std 0.06657
  epoch 80  diff_mean -0.39413  diff_std 0.24008  pos_mean 0.79324  neg_mean 1.18737  pos_power 275.01981  neg_power 294.11788  pos_std 0.22848  neg_std 0.06689
  epoch 81  diff_mean -0.39525  diff_std 0.23994  pos_mean 0.79224  neg_mean 1.18748  pos_power 278.23512  neg_power 297.43431  pos_std 0.22826  neg_std 0.06716
  epoch 82  diff_mean -0.39553  diff_std 0.23956  pos_mean 0.79205  neg_mean 1.18758  pos_power 280.00244  neg_power 299.34200  pos_std 0.22802  neg_std 0.06701
  epoch 83  diff_mean -0.39528  diff_std 0.23923  pos_mean 0.79210  neg_mean 1.18738  pos_power 280.79012  neg_power 300.03509  pos_std 0.22769  neg_std 0.06721
  epoch 84  diff_mean -0.39484  diff_std 0.23906  pos_mean 0.79239  neg_mean 1.18723  pos_power 281.18388  neg_power 300.55703  pos_std 0.22754  neg_std 0.06701
  epoch 85  diff_mean -0.39517  diff_std 0.23911  pos_mean 0.79193  neg_mean 1.18710  pos_power 280.79444  neg_power 300.07103  pos_std 0.22742  neg_std 0.06708
  epoch 86  diff_mean -0.39492  diff_std 0.23866  pos_mean 0.79169  neg_mean 1.18661  pos_power 280.82181  neg_power 299.96575  pos_std 0.22704  neg_std 0.06741
  epoch 87  diff_mean -0.39435  diff_std 0.23858  pos_mean 0.79255  neg_mean 1.18690  pos_power 281.65053  neg_power 301.00559  pos_std 0.22704  neg_std 0.06718
  epoch 88  diff_mean -0.39415  diff_std 0.23866  pos_mean 0.79246  neg_mean 1.18661  pos_power 281.23294  neg_power 300.50272  pos_std 0.22695  neg_std 0.06729
  epoch 89  diff_mean -0.39396  diff_std 0.23877  pos_mean 0.79271  neg_mean 1.18667  pos_power 281.25887  neg_power 300.62003  pos_std 0.22707  neg_std 0.06720
  epoch 90  diff_mean -0.39395  diff_std 0.23874  pos_mean 0.79264  neg_mean 1.18659  pos_power 281.26534  neg_power 300.52263  pos_std 0.22704  neg_std 0.06725
  epoch 91  diff_mean -0.39352  diff_std 0.23818  pos_mean 0.79312  neg_mean 1.18663  pos_power 281.61272  neg_power 300.79341  pos_std 0.22666  neg_std 0.06739
  epoch 92  diff_mean -0.39318  diff_std 0.23840  pos_mean 0.79345  neg_mean 1.18663  pos_power 281.31884  neg_power 300.64469  pos_std 0.22668  neg_std 0.06706
  epoch 93  diff_mean -0.39389  diff_std 0.23797  pos_mean 0.79265  neg_mean 1.18653  pos_power 280.48694  neg_power 299.62031  pos_std 0.22641  neg_std 0.06719
  epoch 94  diff_mean -0.39301  diff_std 0.23841  pos_mean 0.79330  neg_mean 1.18632  pos_power 281.47872  neg_power 300.75088  pos_std 0.22659  neg_std 0.06736
  epoch 95  diff_mean -0.39268  diff_std 0.23841  pos_mean 0.79375  neg_mean 1.18644  pos_power 281.31075  neg_power 300.60581  pos_std 0.22672  neg_std 0.06742
  epoch 96  diff_mean -0.39324  diff_std 0.23827  pos_mean 0.79305  neg_mean 1.18628  pos_power 280.59478  neg_power 299.72709  pos_std 0.22662  neg_std 0.06749
  epoch 97  diff_mean -0.39319  diff_std 0.23785  pos_mean 0.79307  neg_mean 1.18626  pos_power 280.92775  neg_power 299.98953  pos_std 0.22626  neg_std 0.06767
  epoch 98  diff_mean -0.39321  diff_std 0.23789  pos_mean 0.79323  neg_mean 1.18644  pos_power 280.65819  neg_power 299.76606  pos_std 0.22611  neg_std 0.06761
  epoch 99  diff_mean -0.39339  diff_std 0.23808  pos_mean 0.79299  neg_mean 1.18638  pos_power 280.86934  neg_power 300.04016  pos_std 0.22623  neg_std 0.06742
  epoch 100  diff_mean -0.39956  diff_std 0.23744  pos_mean 0.79023  neg_mean 1.18980  pos_power 275.91831  neg_power 294.72103  pos_std 0.22570  neg_std 0.06740
  epoch 101  diff_mean -0.40076  diff_std 0.23706  pos_mean 0.78905  neg_mean 1.18981  pos_power 277.91272  neg_power 296.64162  pos_std 0.22535  neg_std 0.06784
  epoch 102  diff_mean -0.40014  diff_std 0.23705  pos_mean 0.78965  neg_mean 1.18979  pos_power 280.21741  neg_power 299.14144  pos_std 0.22522  neg_std 0.06799
  epoch 103  diff_mean -0.40095  diff_std 0.23703  pos_mean 0.78903  neg_mean 1.18998  pos_power 279.60956  neg_power 298.50650  pos_std 0.22512  neg_std 0.06805
  epoch 104  diff_mean -0.40041  diff_std 0.23690  pos_mean 0.78941  neg_mean 1.18982  pos_power 280.23206  neg_power 299.22803  pos_std 0.22505  neg_std 0.06782
  epoch 105  diff_mean -0.40059  diff_std 0.23666  pos_mean 0.78903  neg_mean 1.18963  pos_power 280.47650  neg_power 299.27453  pos_std 0.22481  neg_std 0.06818
  epoch 106  diff_mean -0.40015  diff_std 0.23682  pos_mean 0.78908  neg_mean 1.18923  pos_power 280.76341  neg_power 299.68191  pos_std 0.22483  neg_std 0.06812
  epoch 107  diff_mean -0.40037  diff_std 0.23639  pos_mean 0.78926  neg_mean 1.18963  pos_power 280.36372  neg_power 299.23781  pos_std 0.22458  neg_std 0.06792
  epoch 108  diff_mean -0.40007  diff_std 0.23639  pos_mean 0.78943  neg_mean 1.18950  pos_power 280.62906  neg_power 299.49541  pos_std 0.22447  neg_std 0.06810
  epoch 109  diff_mean -0.39984  diff_std 0.23616  pos_mean 0.78953  neg_mean 1.18936  pos_power 280.84766  neg_power 299.64100  pos_std 0.22427  neg_std 0.06819
  epoch 110  diff_mean -0.40007  diff_std 0.23613  pos_mean 0.78931  neg_mean 1.18937  pos_power 280.31375  neg_power 299.15281  pos_std 0.22427  neg_std 0.06813
  epoch 111  diff_mean -0.39957  diff_std 0.23628  pos_mean 0.78937  neg_mean 1.18894  pos_power 280.41841  neg_power 299.16816  pos_std 0.22422  neg_std 0.06853
  epoch 112  diff_mean -0.39979  diff_std 0.23587  pos_mean 0.78911  neg_mean 1.18890  pos_power 280.00575  neg_power 298.76625  pos_std 0.22409  neg_std 0.06841
  epoch 113  diff_mean -0.39977  diff_std 0.23642  pos_mean 0.78928  neg_mean 1.18906  pos_power 280.72194  neg_power 299.53453  pos_std 0.22424  neg_std 0.06849
  epoch 114  diff_mean -0.39937  diff_std 0.23625  pos_mean 0.78966  neg_mean 1.18904  pos_power 280.75909  neg_power 299.63584  pos_std 0.22435  neg_std 0.06848
  epoch 115  diff_mean -0.39895  diff_std 0.23562  pos_mean 0.78996  neg_mean 1.18891  pos_power 280.84781  neg_power 299.58497  pos_std 0.22395  neg_std 0.06846
  epoch 116  diff_mean -0.39923  diff_std 0.23572  pos_mean 0.78963  neg_mean 1.18886  pos_power 280.62256  neg_power 299.33197  pos_std 0.22381  neg_std 0.06849
  epoch 117  diff_mean -0.39909  diff_std 0.23586  pos_mean 0.79003  neg_mean 1.18912  pos_power 280.36247  neg_power 299.24706  pos_std 0.22398  neg_std 0.06822
  epoch 118  diff_mean -0.39865  diff_std 0.23596  pos_mean 0.79031  neg_mean 1.18896  pos_power 280.51703  neg_power 299.34203  pos_std 0.22399  neg_std 0.06839
  epoch 119  diff_mean -0.39945  diff_std 0.23601  pos_mean 0.78965  neg_mean 1.18910  pos_power 279.89644  neg_power 298.65337  pos_std 0.22403  neg_std 0.06824
  epoch 120  diff_mean -0.40319  diff_std 0.23547  pos_mean 0.78782  neg_mean 1.19101  pos_power 276.83050  neg_power 295.26669  pos_std 0.22355  neg_std 0.06862
  epoch 121  diff_mean -0.40419  diff_std 0.23513  pos_mean 0.78720  neg_mean 1.19139  pos_power 278.56850  neg_power 297.04972  pos_std 0.22324  neg_std 0.06870
  epoch 122  diff_mean -0.40488  diff_std 0.23444  pos_mean 0.78659  neg_mean 1.19147  pos_power 279.17931  neg_power 297.54638  pos_std 0.22265  neg_std 0.06859
  epoch 123  diff_mean -0.40472  diff_std 0.23494  pos_mean 0.78663  neg_mean 1.19135  pos_power 279.75181  neg_power 298.31694  pos_std 0.22277  neg_std 0.06873
  epoch 124  diff_mean -0.40445  diff_std 0.23461  pos_mean 0.78686  neg_mean 1.19131  pos_power 280.31588  neg_power 298.87959  pos_std 0.22266  neg_std 0.06877
  epoch 125  diff_mean -0.40454  diff_std 0.23491  pos_mean 0.78678  neg_mean 1.19132  pos_power 280.13669  neg_power 298.67813  pos_std 0.22267  neg_std 0.06891
  epoch 126  diff_mean -0.40429  diff_std 0.23487  pos_mean 0.78704  neg_mean 1.19133  pos_power 279.78825  neg_power 298.32963  pos_std 0.22263  neg_std 0.06906
  epoch 127  diff_mean -0.40432  diff_std 0.23451  pos_mean 0.78701  neg_mean 1.19133  pos_power 280.09863  neg_power 298.59228  pos_std 0.22248  neg_std 0.06907
  epoch 128  diff_mean -0.40402  diff_std 0.23450  pos_mean 0.78723  neg_mean 1.19125  pos_power 280.17228  neg_power 298.68416  pos_std 0.22239  neg_std 0.06915
  epoch 129  diff_mean -0.40398  diff_std 0.23454  pos_mean 0.78697  neg_mean 1.19095  pos_power 280.36722  neg_power 298.88619  pos_std 0.22242  neg_std 0.06895
  epoch 130  diff_mean -0.40378  diff_std 0.23459  pos_mean 0.78733  neg_mean 1.19112  pos_power 279.87887  neg_power 298.48431  pos_std 0.22246  neg_std 0.06886
  epoch 131  diff_mean -0.40424  diff_std 0.23420  pos_mean 0.78689  neg_mean 1.19112  pos_power 279.53522  neg_power 297.96003  pos_std 0.22231  neg_std 0.06896
  epoch 132  diff_mean -0.40362  diff_std 0.23408  pos_mean 0.78742  neg_mean 1.19104  pos_power 280.29716  neg_power 298.72072  pos_std 0.22208  neg_std 0.06905
  epoch 133  diff_mean -0.40363  diff_std 0.23400  pos_mean 0.78745  neg_mean 1.19108  pos_power 280.24181  neg_power 298.65647  pos_std 0.22193  neg_std 0.06910
  epoch 134  diff_mean -0.40363  diff_std 0.23413  pos_mean 0.78725  neg_mean 1.19089  pos_power 280.06603  neg_power 298.49609  pos_std 0.22203  neg_std 0.06923
  epoch 135  diff_mean -0.40369  diff_std 0.23384  pos_mean 0.78737  neg_mean 1.19106  pos_power 280.06478  neg_power 298.51775  pos_std 0.22189  neg_std 0.06894
  epoch 136  diff_mean -0.40399  diff_std 0.23400  pos_mean 0.78690  neg_mean 1.19089  pos_power 279.93719  neg_power 298.38016  pos_std 0.22198  neg_std 0.06881
  epoch 137  diff_mean -0.40390  diff_std 0.23376  pos_mean 0.78701  neg_mean 1.19091  pos_power 280.22400  neg_power 298.70213  pos_std 0.22184  neg_std 0.06850
  epoch 138  diff_mean -0.40343  diff_std 0.23401  pos_mean 0.78739  neg_mean 1.19082  pos_power 280.46213  neg_power 298.92659  pos_std 0.22189  neg_std 0.06898
  epoch 139  diff_mean -0.40384  diff_std 0.23392  pos_mean 0.78698  neg_mean 1.19082  pos_power 279.58284  neg_power 298.03222  pos_std 0.22183  neg_std 0.06890
  epoch 140  diff_mean -0.40606  diff_std 0.23348  pos_mean 0.78615  neg_mean 1.19221  pos_power 277.89213  neg_power 296.18462  pos_std 0.22156  neg_std 0.06899
  epoch 141  diff_mean -0.40683  diff_std 0.23355  pos_mean 0.78554  neg_mean 1.19236  pos_power 278.35181  neg_power 296.59256  pos_std 0.22145  neg_std 0.06937
  epoch 142  diff_mean -0.40703  diff_std 0.23320  pos_mean 0.78548  neg_mean 1.19252  pos_power 278.91128  neg_power 297.20447  pos_std 0.22126  neg_std 0.06925
  epoch 143  diff_mean -0.40739  diff_std 0.23323  pos_mean 0.78541  neg_mean 1.19280  pos_power 279.11925  neg_power 297.45312  pos_std 0.22112  neg_std 0.06893
  epoch 144  diff_mean -0.40708  diff_std 0.23310  pos_mean 0.78555  neg_mean 1.19264  pos_power 280.33419  neg_power 298.68553  pos_std 0.22114  neg_std 0.06901
  epoch 145  diff_mean -0.40742  diff_std 0.23302  pos_mean 0.78512  neg_mean 1.19254  pos_power 279.78169  neg_power 298.00738  pos_std 0.22090  neg_std 0.06901
  epoch 146  diff_mean -0.40763  diff_std 0.23303  pos_mean 0.78506  neg_mean 1.19268  pos_power 279.96409  neg_power 298.16969  pos_std 0.22077  neg_std 0.06927
  epoch 147  diff_mean -0.40739  diff_std 0.23283  pos_mean 0.78536  neg_mean 1.19275  pos_power 280.19647  neg_power 298.45791  pos_std 0.22073  neg_std 0.06932
  epoch 148  diff_mean -0.40739  diff_std 0.23311  pos_mean 0.78543  neg_mean 1.19282  pos_power 279.75272  neg_power 298.08181  pos_std 0.22081  neg_std 0.06904
  epoch 149  diff_mean -0.40727  diff_std 0.23293  pos_mean 0.78545  neg_mean 1.19272  pos_power 279.59228  neg_power 297.89438  pos_std 0.22076  neg_std 0.06912
  epoch 150  diff_mean -0.40728  diff_std 0.23286  pos_mean 0.78551  neg_mean 1.19278  pos_power 279.53947  neg_power 297.84509  pos_std 0.22073  neg_std 0.06900
  epoch 151  diff_mean -0.40674  diff_std 0.23301  pos_mean 0.78593  neg_mean 1.19267  pos_power 280.40306  neg_power 298.73934  pos_std 0.22082  neg_std 0.06905
  epoch 152  diff_mean -0.40683  diff_std 0.23269  pos_mean 0.78586  neg_mean 1.19268  pos_power 279.78469  neg_power 298.11078  pos_std 0.22078  neg_std 0.06898
  epoch 153  diff_mean -0.40671  diff_std 0.23265  pos_mean 0.78585  neg_mean 1.19256  pos_power 279.41794  neg_power 297.61138  pos_std 0.22059  neg_std 0.06928
  epoch 154  diff_mean -0.40634  diff_std 0.23288  pos_mean 0.78625  neg_mean 1.19259  pos_power 279.75016  neg_power 298.06928  pos_std 0.22062  neg_std 0.06917
  epoch 155  diff_mean -0.40717  diff_std 0.23230  pos_mean 0.78555  neg_mean 1.19272  pos_power 279.45534  neg_power 297.66434  pos_std 0.22045  neg_std 0.06892
  epoch 156  diff_mean -0.40688  diff_std 0.23264  pos_mean 0.78532  neg_mean 1.19220  pos_power 279.80931  neg_power 297.91109  pos_std 0.22035  neg_std 0.06938
  epoch 157  diff_mean -0.40690  diff_std 0.23251  pos_mean 0.78574  neg_mean 1.19265  pos_power 279.95559  neg_power 298.18409  pos_std 0.22029  neg_std 0.06916
  epoch 158  diff_mean -0.40670  diff_std 0.23253  pos_mean 0.78580  neg_mean 1.19251  pos_power 279.89834  neg_power 298.09125  pos_std 0.22032  neg_std 0.06941
  epoch 159  diff_mean -0.40678  diff_std 0.23235  pos_mean 0.78584  neg_mean 1.19262  pos_power 279.45197  neg_power 297.68172  pos_std 0.22018  neg_std 0.06913
  epoch 160  diff_mean -0.40846  diff_std 0.23220  pos_mean 0.78527  neg_mean 1.19373  pos_power 278.27263  neg_power 296.36434  pos_std 0.22000  neg_std 0.06916
  epoch 161  diff_mean -0.40883  diff_std 0.23255  pos_mean 0.78469  neg_mean 1.19352  pos_power 278.55041  neg_power 296.64056  pos_std 0.22009  neg_std 0.06938
  epoch 162  diff_mean -0.40879  diff_std 0.23212  pos_mean 0.78490  neg_mean 1.19370  pos_power 279.17141  neg_power 297.29838  pos_std 0.22000  neg_std 0.06942
  epoch 163  diff_mean -0.40886  diff_std 0.23177  pos_mean 0.78487  neg_mean 1.19373  pos_power 279.45381  neg_power 297.51609  pos_std 0.21971  neg_std 0.06941
  epoch 164  diff_mean -0.40900  diff_std 0.23220  pos_mean 0.78471  neg_mean 1.19371  pos_power 279.50506  neg_power 297.65106  pos_std 0.21989  neg_std 0.06949
  epoch 165  diff_mean -0.40951  diff_std 0.23173  pos_mean 0.78413  neg_mean 1.19363  pos_power 279.14087  neg_power 297.12975  pos_std 0.21960  neg_std 0.06948
  epoch 166  diff_mean -0.40911  diff_std 0.23185  pos_mean 0.78453  neg_mean 1.19364  pos_power 279.71000  neg_power 297.82081  pos_std 0.21963  neg_std 0.06951
  epoch 167  diff_mean -0.40916  diff_std 0.23159  pos_mean 0.78466  neg_mean 1.19382  pos_power 279.83503  neg_power 297.92625  pos_std 0.21947  neg_std 0.06931
  epoch 168  diff_mean -0.41019  diff_std 0.23158  pos_mean 0.78366  neg_mean 1.19384  pos_power 279.00028  neg_power 297.01044  pos_std 0.21944  neg_std 0.06927
  epoch 169  diff_mean -0.40927  diff_std 0.23177  pos_mean 0.78452  neg_mean 1.19379  pos_power 280.14216  neg_power 298.28981  pos_std 0.21951  neg_std 0.06929
  epoch 170  diff_mean -0.40932  diff_std 0.23183  pos_mean 0.78417  neg_mean 1.19349  pos_power 279.82844  neg_power 297.84969  pos_std 0.21953  neg_std 0.06957
  epoch 171  diff_mean -0.40908  diff_std 0.23157  pos_mean 0.78460  neg_mean 1.19368  pos_power 279.28303  neg_power 297.40097  pos_std 0.21945  neg_std 0.06943
  epoch 172  diff_mean -0.40925  diff_std 0.23175  pos_mean 0.78448  neg_mean 1.19373  pos_power 279.48081  neg_power 297.61113  pos_std 0.21953  neg_std 0.06920
  epoch 173  diff_mean -0.40899  diff_std 0.23162  pos_mean 0.78471  neg_mean 1.19369  pos_power 279.39828  neg_power 297.46862  pos_std 0.21943  neg_std 0.06923
  epoch 174  diff_mean -0.40906  diff_std 0.23167  pos_mean 0.78445  neg_mean 1.19352  pos_power 279.37509  neg_power 297.38584  pos_std 0.21929  neg_std 0.06946
  epoch 175  diff_mean -0.40956  diff_std 0.23143  pos_mean 0.78394  neg_mean 1.19350  pos_power 279.28109  neg_power 297.24834  pos_std 0.21920  neg_std 0.06947
  epoch 176  diff_mean -0.40946  diff_std 0.23129  pos_mean 0.78425  neg_mean 1.19371  pos_power 279.37134  neg_power 297.41559  pos_std 0.21913  neg_std 0.06939
  epoch 177  diff_mean -0.40887  diff_std 0.23167  pos_mean 0.78495  neg_mean 1.19382  pos_power 279.82569  neg_power 298.01266  pos_std 0.21933  neg_std 0.06918
  epoch 178  diff_mean -0.40902  diff_std 0.23172  pos_mean 0.78462  neg_mean 1.19364  pos_power 279.46413  neg_power 297.46794  pos_std 0.21936  neg_std 0.06960
  epoch 179  diff_mean -0.40895  diff_std 0.23168  pos_mean 0.78472  neg_mean 1.19366  pos_power 279.37816  neg_power 297.41812  pos_std 0.21939  neg_std 0.06953
  epoch 180  diff_mean -0.40981  diff_std 0.23119  pos_mean 0.78422  neg_mean 1.19403  pos_power 278.73737  neg_power 296.64228  pos_std 0.21912  neg_std 0.06974
  epoch 181  diff_mean -0.41131  diff_std 0.23075  pos_mean 0.78325  neg_mean 1.19456  pos_power 278.35297  neg_power 296.25678  pos_std 0.21885  neg_std 0.06935
  epoch 182  diff_mean -0.41073  diff_std 0.23135  pos_mean 0.78344  neg_mean 1.19417  pos_power 279.27600  neg_power 297.23591  pos_std 0.21893  neg_std 0.06944
  epoch 183  diff_mean -0.41053  diff_std 0.23112  pos_mean 0.78372  neg_mean 1.19425  pos_power 279.38281  neg_power 297.35138  pos_std 0.21881  neg_std 0.06956
  epoch 184  diff_mean -0.41077  diff_std 0.23112  pos_mean 0.78349  neg_mean 1.19426  pos_power 279.35259  neg_power 297.37200  pos_std 0.21890  neg_std 0.06955
  epoch 185  diff_mean -0.41076  diff_std 0.23102  pos_mean 0.78370  neg_mean 1.19446  pos_power 279.29397  neg_power 297.27903  pos_std 0.21879  neg_std 0.06956
  epoch 186  diff_mean -0.41045  diff_std 0.23125  pos_mean 0.78370  neg_mean 1.19415  pos_power 279.40163  neg_power 297.31712  pos_std 0.21878  neg_std 0.06975
  epoch 187  diff_mean -0.41056  diff_std 0.23124  pos_mean 0.78388  neg_mean 1.19444  pos_power 279.35859  neg_power 297.40913  pos_std 0.21900  neg_std 0.06962
  epoch 188  diff_mean -0.41028  diff_std 0.23121  pos_mean 0.78405  neg_mean 1.19433  pos_power 279.45647  neg_power 297.43969  pos_std 0.21896  neg_std 0.06967
  epoch 189  diff_mean -0.41008  diff_std 0.23120  pos_mean 0.78395  neg_mean 1.19403  pos_power 279.55934  neg_power 297.52441  pos_std 0.21894  neg_std 0.06972
  epoch 190  diff_mean -0.41066  diff_std 0.23089  pos_mean 0.78365  neg_mean 1.19430  pos_power 278.63081  neg_power 296.53597  pos_std 0.21870  neg_std 0.06970
  epoch 191  diff_mean -0.41002  diff_std 0.23088  pos_mean 0.78407  neg_mean 1.19409  pos_power 280.08500  neg_power 297.97206  pos_std 0.21863  neg_std 0.06976
  epoch 192  diff_mean -0.41044  diff_std 0.23143  pos_mean 0.78382  neg_mean 1.19426  pos_power 278.84931  neg_power 296.82097  pos_std 0.21885  neg_std 0.06976
  epoch 193  diff_mean -0.41001  diff_std 0.23120  pos_mean 0.78428  neg_mean 1.19429  pos_power 279.56794  neg_power 297.58894  pos_std 0.21883  neg_std 0.06956
  epoch 194  diff_mean -0.41011  diff_std 0.23094  pos_mean 0.78399  neg_mean 1.19410  pos_power 279.35244  neg_power 297.25194  pos_std 0.21867  neg_std 0.06960
  epoch 195  diff_mean -0.41089  diff_std 0.23087  pos_mean 0.78360  neg_mean 1.19449  pos_power 278.71181  neg_power 296.61625  pos_std 0.21858  neg_std 0.06938
  epoch 196  diff_mean -0.41070  diff_std 0.23075  pos_mean 0.78374  neg_mean 1.19444  pos_power 279.13259  neg_power 297.07284  pos_std 0.21854  neg_std 0.06950
  epoch 197  diff_mean -0.41072  diff_std 0.23080  pos_mean 0.78347  neg_mean 1.19419  pos_power 279.58109  neg_power 297.46275  pos_std 0.21850  neg_std 0.06963
  epoch 198  diff_mean -0.41048  diff_std 0.23075  pos_mean 0.78351  neg_mean 1.19400  pos_power 279.63241  neg_power 297.51081  pos_std 0.21846  neg_std 0.06969
  epoch 199  diff_mean -0.41081  diff_std 0.23082  pos_mean 0.78354  neg_mean 1.19435  pos_power 279.09450  neg_power 297.06416  pos_std 0.21855  neg_std 0.06963
